/* Test case: unhappy path - Case sensitivity */
-- Test setup: DDL of the Tsurugi
SELECT tg_execute_ddl('
  CREATE TABLE fdw_case_table (
    col INT,
    Col INT
  )
', 'tsurugidb');
 tg_execute_ddl 
----------------
 CREATE TABLE
(1 row)

-- Test setup: DDL of the PostgreSQL
CREATE FOREIGN TABLE fdw_case_table (
  col integer,
  "Col" integer
) SERVER tsurugidb;
-- Test
INSERT INTO fdw_case_table ("COL") VALUES (1000);
ERROR:  column "COL" of relation "fdw_case_table" does not exist
LINE 1: INSERT INTO fdw_case_table ("COL") VALUES (1000);
                                    ^
INSERT INTO fdw_case_table (col, Col) VALUES (2000, 2);
ERROR:  column "col" specified more than once
LINE 1: INSERT INTO fdw_case_table (col, Col) VALUES (2000, 2);
                                         ^
INSERT INTO "Public".fdw_case_table (col) VALUES (3000);
ERROR:  relation "Public.fdw_case_table" does not exist
LINE 1: INSERT INTO "Public".fdw_case_table (col) VALUES (3000);
                    ^
UPDATE "Public".fdw_case_table SET col = 4000;
ERROR:  relation "Public.fdw_case_table" does not exist
LINE 1: UPDATE "Public".fdw_case_table SET col = 4000;
               ^
UPDATE fdw_case_table SET col = 100 WHERE "COL" > 5000;
ERROR:  column "COL" does not exist
LINE 1: UPDATE fdw_case_table SET col = 100 WHERE "COL" > 5000;
                                                  ^
DELETE FROM "Public".fdw_case_table;
ERROR:  relation "Public.fdw_case_table" does not exist
LINE 1: DELETE FROM "Public".fdw_case_table;
                    ^
DELETE FROM fdw_case_table WHERE "COL" > 6000;
ERROR:  column "COL" does not exist
LINE 1: DELETE FROM fdw_case_table WHERE "COL" > 6000;
                                         ^
-- Test teardown: DDL of the PostgreSQL
DROP FOREIGN TABLE fdw_case_table;
-- Test teardown: DDL of the Tsurugi
SELECT tg_execute_ddl('DROP TABLE fdw_case_table', 'tsurugidb');
 tg_execute_ddl 
----------------
 DROP TABLE
(1 row)

