/* Test setup: DDL of the Tsurugi */
SELECT tg_execute_ddl('tsurugidb', '
    CREATE TABLE t1_create_table (
        c1 INTEGER NOT NULL PRIMARY KEY
    )
');
 tg_execute_ddl 
----------------
 CREATE TABLE
(1 row)

/* Test setup: DDL of the PostgreSQL */
CREATE FOREIGN TABLE t1_create_table (
    c1 INTEGER NOT NULL
) SERVER tsurugidb;
/* DML */
INSERT INTO public.t1_create_table (c1) VALUES (1000);
INSERT INTO "puBlIc"."t1_create_table" (c1) VALUES (999); -- error
ERROR:  relation "puBlIc.t1_create_table" does not exist
LINE 1: INSERT INTO "puBlIc"."t1_create_table" (c1) VALUES (999);
                    ^
UPDATE "PUBLIC"."t1_create_table" SET c1 = c1+100; -- error
ERROR:  relation "PUBLIC.t1_create_table" does not exist
LINE 1: UPDATE "PUBLIC"."t1_create_table" SET c1 = c1+100;
               ^
DELETE FROM "Public"."t1_create_table" WHERE c1 > 1000; -- error
ERROR:  relation "Public.t1_create_table" does not exist
LINE 1: DELETE FROM "Public"."t1_create_table" WHERE c1 > 1000;
                    ^
/* Test teardown: DDL of the PostgreSQL */
DROP FOREIGN TABLE t1_create_table;
/* Test teardown: DDL of the Tsurugi */
SELECT tg_execute_ddl('tsurugidb', 'DROP TABLE t1_create_table');
 tg_execute_ddl 
----------------
 DROP TABLE
(1 row)

