/* Test case: happy path - Supported DML statement patterns - PostgreSQL 14-16 */
/* Test case: happy path - Supported SELECT statement patterns */
-- Test setup: DDL of the Tsurugi
SELECT tg_execute_ddl('
  CREATE TABLE fdw_select_variation_table (
    id INTEGER PRIMARY KEY,
    name VARCHAR(100) NOT NULL,
    value NUMERIC(10,2) NOT NULL,
    ref_id INT,
    manager_id INT
  )
', 'tsurugidb');
 tg_execute_ddl 
----------------
 CREATE TABLE
(1 row)

-- Test setup: DDL of the PostgreSQL
CREATE FOREIGN TABLE fdw_select_variation_table (
  id integer,
  name text,
  value numeric,
  ref_id integer,
  manager_id integer
) SERVER tsurugidb;
-- Initialization of test data
INSERT INTO fdw_select_variation_table
  (id, name, value, ref_id, manager_id)
  VALUES
    (1000, 'name-1000', 100000, NULL, NULL),
    (1001, 'name-1001', 60000, 1, 1002),
    (1002, 'name-1002', 75000, 1, 1000),
    (1003, 'name-1003', 60000, 2, 1005),
    (1004, 'name-1004', 55000, 3, 1005),
    (1005, 'name-1005', 80000, 3, 1000);
-- GROUP BY ALL - Only syntax is supported
SELECT ref_id, COUNT(*) AS member_num, SUM(value) AS total
  FROM fdw_select_variation_table
  GROUP BY ALL ref_id
  ORDER BY ref_id;
 ref_id | member_num |   total   
--------+------------+-----------
        |          1 | 100000.00
      1 |          2 | 135000.00
      2 |          1 |  60000.00
      3 |          2 | 135000.00
(4 rows)

-- GROUP BY DISTINCT - Only syntax is supported
SELECT ref_id, COUNT(*) AS member_num, SUM(value) AS total
  FROM fdw_select_variation_table
  GROUP BY DISTINCT ref_id
  ORDER BY ref_id;
 ref_id | member_num |   total   
--------+------------+-----------
        |          1 | 100000.00
      1 |          2 | 135000.00
      2 |          1 |  60000.00
      3 |          2 | 135000.00
(4 rows)

-- FETCH FIRST ... WITH TIES
-----FIXME: Changing expectations due to issues
SELECT * FROM fdw_select_variation_table ORDER BY value
  FETCH FIRST 2 ROWS WITH TIES;
  id  |   name    |  value   | ref_id | manager_id 
------+-----------+----------+--------+------------
 1004 | name-1004 | 55000.00 |      3 |       1005
 1001 | name-1001 | 60000.00 |      1 |       1002
(2 rows)

-- FETCH NEXT ... WITH TIES
-----FIXME: Changing expectations due to issues
SELECT * FROM fdw_select_variation_table ORDER BY value
  FETCH NEXT 2 ROWS WITH TIES;
  id  |   name    |  value   | ref_id | manager_id 
------+-----------+----------+--------+------------
 1004 | name-1004 | 55000.00 |      3 |       1005
 1001 | name-1001 | 60000.00 |      1 |       1002
(2 rows)

-- Test teardown: DDL of the PostgreSQL
DROP FOREIGN TABLE fdw_select_variation_table;
-- Test teardown: DDL of the Tsurugi
SELECT tg_execute_ddl('DROP TABLE fdw_select_variation_table', 'tsurugidb');
 tg_execute_ddl 
----------------
 DROP TABLE
(1 row)

