/* Test case: unhappy path - Unsupported DML statement patterns - PostgreSQL 12 */
/* Test case: unhappy path - Unsupported SELECT statement patterns */
-- Test setup: DDL of the Tsurugi
SELECT tg_execute_ddl('
  CREATE TABLE fdw_sel_unsupported_test (
    id INTEGER PRIMARY KEY,
    name VARCHAR(100) NOT NULL,
    value NUMERIC(10,2) NOT NULL,
    ref_id INT,
    manager_id INT
  )
', 'tsurugidb');
 tg_execute_ddl 
----------------
 CREATE TABLE
(1 row)

-- Test setup: DDL of the PostgreSQL
CREATE FOREIGN TABLE fdw_sel_unsupported_test (
  id integer,
  name varchar(100),
  value numeric,
  ref_id integer,
  manager_id integer
) SERVER tsurugidb;
-- Arithmetic operation
SELECT id, name, ((value / 10000) * ref_id)::int AS lank
  FROM fdw_sel_unsupported_test;
ERROR:  tsurugi_fdw : Contains an unsupported target entry. (111)
-- CASE WHEN
SELECT
  id, name,
  CASE
    WHEN value >= 100000 THEN 'High'
    WHEN value >= 75000 THEN 'Medium'
    ELSE 'Low' END AS lank
  FROM fdw_sel_unsupported_test;
ERROR:  tsurugi_fdw : Contains an unsupported target entry. (128)
-- WINDOW
SELECT id, name, value, RANK() OVER w AS rk
  FROM fdw_sel_unsupported_test
  WINDOW w AS (ORDER BY value DESC);
ERROR:  tsurugi_fdw : Contains an unsupported target entry. (109)
-- Test teardown: DDL of the PostgreSQL
DROP FOREIGN TABLE fdw_sel_unsupported_test;
-- Test teardown: DDL of the Tsurugi
SELECT tg_execute_ddl('DROP TABLE fdw_sel_unsupported_test', 'tsurugidb');
 tg_execute_ddl 
----------------
 DROP TABLE
(1 row)

