/* Test case: unhappy path - IMPORT FOREIGN SCHEMA functionality */
-- Test case: 1-4
IMPORT FOREIGN SCHEMA public FROM SERVER tsurugidb INTO public OPTIONS (name 'value');
ERROR:  unsupported import foreign schema option "name"
-- Test case: ---
IMPORT FOREIGN SCHEMA public FROM SERVER tsurugidb INTO unknown_schema;
ERROR:  schema "unknown_schema" does not exist
-- Test case: 5-1
IMPORT FOREIGN SCHEMA public FROM SERVER unknown_server INTO public;
ERROR:  server "unknown_server" does not exist
-- Test case: 2-3-1
--- Test setup: DDL of the Tsurugi
SELECT tg_execute_ddl('
  CREATE TABLE fdw_test_table_1 (id INT, name CHAR(64))
', 'tsurugidb');
 tg_execute_ddl 
----------------
 CREATE TABLE
(1 row)

SELECT tg_execute_ddl('
  CREATE TABLE fdw_test_table_2 (id INT, since DATE)
', 'tsurugidb');
 tg_execute_ddl 
----------------
 CREATE TABLE
(1 row)

SELECT tg_execute_ddl('
  CREATE TABLE fdw_test_table_3 (id INT, timer TIME)
', 'tsurugidb');
 tg_execute_ddl 
----------------
 CREATE TABLE
(1 row)

--- Test setup: DDL of the PostgreSQL
CREATE FOREIGN TABLE fdw_test_table_2 (id INT, since DATE) SERVER tsurugidb;
--- Test
IMPORT FOREIGN SCHEMA public FROM SERVER tsurugidb INTO public;
ERROR:  relation "fdw_test_table_2" already exists
CONTEXT:  importing foreign table "fdw_test_table_2"
\det fdw_test_*
        List of foreign tables
 Schema |      Table       |  Server   
--------+------------------+-----------
 public | fdw_test_table_2 | tsurugidb
(1 row)

--- Test teardown: DDL of the PostgreSQL
DROP FOREIGN TABLE fdw_test_table_2;
--- Test teardown: DDL of the Tsurugi
SELECT tg_execute_ddl('DROP TABLE fdw_test_table_1', 'tsurugidb');
 tg_execute_ddl 
----------------
 DROP TABLE
(1 row)

SELECT tg_execute_ddl('DROP TABLE fdw_test_table_2', 'tsurugidb');
 tg_execute_ddl 
----------------
 DROP TABLE
(1 row)

SELECT tg_execute_ddl('DROP TABLE fdw_test_table_3', 'tsurugidb');
 tg_execute_ddl 
----------------
 DROP TABLE
(1 row)

