CREATE EXTENSION IF NOT EXISTS ogawayama_fdw;
NOTICE:  extension "ogawayama_fdw" already exists, skipping
CREATE SERVER IF NOT EXISTS ogawayama FOREIGN DATA WRAPPER ogawayama_fdw;
NOTICE:  server "ogawayama" already exists, skipping
CREATE TABLE test13_0 (
col0 int PRIMARY KEY,col1 int ,col2 int 
) tablespace tsurugi;
CREATE TABLE test13_1 (
col0 int PRIMARY KEY,col1 int ,col2 int NOT NULL
) tablespace tsurugi;
CREATE TABLE test13_2 (
col0 int PRIMARY KEY,col1 int NOT NULL,col2 int 
) tablespace tsurugi;
CREATE TABLE test13_3 (
col0 int PRIMARY KEY,col1 int NOT NULL,col2 int NOT NULL
) tablespace tsurugi;
CREATE TABLE test13_4 (
col0 int ,col1 int PRIMARY KEY,col2 int 
) tablespace tsurugi;
CREATE TABLE test13_5 (
col0 int NOT NULL,col1 int PRIMARY KEY,col2 int 
) tablespace tsurugi;
CREATE TABLE test13_6 (
col0 int ,col1 int PRIMARY KEY,col2 int NOT NULL
) tablespace tsurugi;
CREATE TABLE test13_7 (
col0 int NOT NULL,col1 int PRIMARY KEY,col2 int NOT NULL
) tablespace tsurugi;
CREATE TABLE test13_8 (
col0 int ,col1 int ,col2 int PRIMARY KEY
) tablespace tsurugi;
CREATE TABLE test13_9 (
col0 int ,col1 int NOT NULL,col2 int PRIMARY KEY
) tablespace tsurugi;
CREATE TABLE test13_10 (
col0 int NOT NULL,col1 int ,col2 int PRIMARY KEY
) tablespace tsurugi;
CREATE TABLE test13_11 (
col0 int NOT NULL,col1 int NOT NULL,col2 int PRIMARY KEY
) tablespace tsurugi;
CREATE TABLE test13_12 (
col0 int NOT NULL PRIMARY KEY,col1 int ,col2 int 
) tablespace tsurugi;
CREATE TABLE test13_13 (
col0 int NOT NULL PRIMARY KEY,col1 int ,col2 int NOT NULL
) tablespace tsurugi;
CREATE TABLE test13_14 (
col0 int NOT NULL PRIMARY KEY,col1 int NOT NULL,col2 int 
) tablespace tsurugi;
CREATE TABLE test13_15 (
col0 int NOT NULL PRIMARY KEY,col1 int NOT NULL,col2 int NOT NULL
) tablespace tsurugi;
CREATE TABLE test13_16 (
col0 int ,col1 int NOT NULL PRIMARY KEY,col2 int 
) tablespace tsurugi;
CREATE TABLE test13_17 (
col0 int NOT NULL,col1 int NOT NULL PRIMARY KEY,col2 int 
) tablespace tsurugi;
CREATE TABLE test13_18 (
col0 int ,col1 int NOT NULL PRIMARY KEY,col2 int NOT NULL
) tablespace tsurugi;
CREATE TABLE test13_19 (
col0 int NOT NULL,col1 int NOT NULL PRIMARY KEY,col2 int NOT NULL
) tablespace tsurugi;
CREATE TABLE test13_20 (
col0 int ,col1 int ,col2 int NOT NULL PRIMARY KEY
) tablespace tsurugi;
CREATE TABLE test13_21 (
col0 int ,col1 int NOT NULL,col2 int NOT NULL PRIMARY KEY
) tablespace tsurugi;
CREATE TABLE test13_22 (
col0 int NOT NULL,col1 int ,col2 int NOT NULL PRIMARY KEY
) tablespace tsurugi;
CREATE TABLE test13_23 (
col0 int NOT NULL,col1 int NOT NULL,col2 int NOT NULL PRIMARY KEY
) tablespace tsurugi;
CREATE TABLE test13_24 (
col0 int PRIMARY KEY NOT NULL,col1 int ,col2 int 
) tablespace tsurugi;
CREATE TABLE test13_25 (
col0 int PRIMARY KEY NOT NULL,col1 int ,col2 int NOT NULL
) tablespace tsurugi;
CREATE TABLE test13_26 (
col0 int PRIMARY KEY NOT NULL,col1 int NOT NULL,col2 int 
) tablespace tsurugi;
CREATE TABLE test13_27 (
col0 int PRIMARY KEY NOT NULL,col1 int NOT NULL,col2 int NOT NULL
) tablespace tsurugi;
CREATE TABLE test13_28 (
col0 int ,col1 int PRIMARY KEY NOT NULL,col2 int 
) tablespace tsurugi;
CREATE TABLE test13_29 (
col0 int NOT NULL,col1 int PRIMARY KEY NOT NULL,col2 int 
) tablespace tsurugi;
CREATE TABLE test13_30 (
col0 int ,col1 int PRIMARY KEY NOT NULL,col2 int NOT NULL
) tablespace tsurugi;
CREATE TABLE test13_31 (
col0 int NOT NULL,col1 int PRIMARY KEY NOT NULL,col2 int NOT NULL
) tablespace tsurugi;
CREATE TABLE test13_32 (
col0 int ,col1 int ,col2 int PRIMARY KEY NOT NULL
) tablespace tsurugi;
CREATE TABLE test13_33 (
col0 int ,col1 int NOT NULL,col2 int PRIMARY KEY NOT NULL
) tablespace tsurugi;
CREATE TABLE test13_34 (
col0 int NOT NULL,col1 int ,col2 int PRIMARY KEY NOT NULL
) tablespace tsurugi;
CREATE TABLE test13_35 (
col0 int NOT NULL,col1 int NOT NULL,col2 int PRIMARY KEY NOT NULL
) tablespace tsurugi;
CREATE FOREIGN TABLE test13_0 (
col0 int ,col1 int ,col2 int 
) SERVER ogawayama;
CREATE FOREIGN TABLE test13_1 (
col0 int ,col1 int ,col2 int 
) SERVER ogawayama;
CREATE FOREIGN TABLE test13_2 (
col0 int ,col1 int ,col2 int 
) SERVER ogawayama;
CREATE FOREIGN TABLE test13_3 (
col0 int ,col1 int ,col2 int 
) SERVER ogawayama;
CREATE FOREIGN TABLE test13_4 (
col0 int ,col1 int ,col2 int 
) SERVER ogawayama;
CREATE FOREIGN TABLE test13_5 (
col0 int ,col1 int ,col2 int 
) SERVER ogawayama;
CREATE FOREIGN TABLE test13_6 (
col0 int ,col1 int ,col2 int 
) SERVER ogawayama;
CREATE FOREIGN TABLE test13_7 (
col0 int ,col1 int ,col2 int 
) SERVER ogawayama;
CREATE FOREIGN TABLE test13_8 (
col0 int ,col1 int ,col2 int 
) SERVER ogawayama;
CREATE FOREIGN TABLE test13_9 (
col0 int ,col1 int ,col2 int 
) SERVER ogawayama;
CREATE FOREIGN TABLE test13_10 (
col0 int ,col1 int ,col2 int 
) SERVER ogawayama;
CREATE FOREIGN TABLE test13_11 (
col0 int ,col1 int ,col2 int 
) SERVER ogawayama;
CREATE FOREIGN TABLE test13_12 (
col0 int ,col1 int ,col2 int 
) SERVER ogawayama;
CREATE FOREIGN TABLE test13_13 (
col0 int ,col1 int ,col2 int 
) SERVER ogawayama;
CREATE FOREIGN TABLE test13_14 (
col0 int ,col1 int ,col2 int 
) SERVER ogawayama;
CREATE FOREIGN TABLE test13_15 (
col0 int ,col1 int ,col2 int 
) SERVER ogawayama;
CREATE FOREIGN TABLE test13_16 (
col0 int ,col1 int ,col2 int 
) SERVER ogawayama;
CREATE FOREIGN TABLE test13_17 (
col0 int ,col1 int ,col2 int 
) SERVER ogawayama;
CREATE FOREIGN TABLE test13_18 (
col0 int ,col1 int ,col2 int 
) SERVER ogawayama;
CREATE FOREIGN TABLE test13_19 (
col0 int ,col1 int ,col2 int 
) SERVER ogawayama;
CREATE FOREIGN TABLE test13_20 (
col0 int ,col1 int ,col2 int 
) SERVER ogawayama;
CREATE FOREIGN TABLE test13_21 (
col0 int ,col1 int ,col2 int 
) SERVER ogawayama;
CREATE FOREIGN TABLE test13_22 (
col0 int ,col1 int ,col2 int 
) SERVER ogawayama;
CREATE FOREIGN TABLE test13_23 (
col0 int ,col1 int ,col2 int 
) SERVER ogawayama;
CREATE FOREIGN TABLE test13_24 (
col0 int ,col1 int ,col2 int 
) SERVER ogawayama;
CREATE FOREIGN TABLE test13_25 (
col0 int ,col1 int ,col2 int 
) SERVER ogawayama;
CREATE FOREIGN TABLE test13_26 (
col0 int ,col1 int ,col2 int 
) SERVER ogawayama;
CREATE FOREIGN TABLE test13_27 (
col0 int ,col1 int ,col2 int 
) SERVER ogawayama;
CREATE FOREIGN TABLE test13_28 (
col0 int ,col1 int ,col2 int 
) SERVER ogawayama;
CREATE FOREIGN TABLE test13_29 (
col0 int ,col1 int ,col2 int 
) SERVER ogawayama;
CREATE FOREIGN TABLE test13_30 (
col0 int ,col1 int ,col2 int 
) SERVER ogawayama;
CREATE FOREIGN TABLE test13_31 (
col0 int ,col1 int ,col2 int 
) SERVER ogawayama;
CREATE FOREIGN TABLE test13_32 (
col0 int ,col1 int ,col2 int 
) SERVER ogawayama;
CREATE FOREIGN TABLE test13_33 (
col0 int ,col1 int ,col2 int 
) SERVER ogawayama;
CREATE FOREIGN TABLE test13_34 (
col0 int ,col1 int ,col2 int 
) SERVER ogawayama;
CREATE FOREIGN TABLE test13_35 (
col0 int ,col1 int ,col2 int 
) SERVER ogawayama;
--test13_0
SELECT * from test13_0;
 col0 | col1 | col2 
------+------+------
(0 rows)

--ok
INSERT INTO test13_0 VALUES(1, 1, 1);
SELECT * from test13_0;
 col0 | col1 | col2 
------+------+------
    1 |    1 |    1
(1 row)

--PKEY col0 null error 
INSERT INTO test13_0(col1, col2) VALUES(3, 3);
ERROR:  transaction::execute_statement() failed. (9)
SELECT * from test13_0;
 col0 | col1 | col2 
------+------+------
    1 |    1 |    1
(1 row)

--PKEY col0 not unique error
INSERT INTO test13_0(col0) VALUES(1);
ERROR:  transaction::execute_statement() failed. (9)
SELECT * from test13_0;
 col0 | col1 | col2 
------+------+------
    1 |    1 |    1
(1 row)

--ok
INSERT INTO test13_0(col0) VALUES(2);
SELECT * from test13_0;
 col0 | col1 | col2 
------+------+------
    1 |    1 |    1
    2 |      |     
(2 rows)

--test13_1
SELECT * from test13_1;
 col0 | col1 | col2 
------+------+------
(0 rows)

--ok
INSERT INTO test13_1 VALUES(1, 1, 1);
SELECT * from test13_1;
 col0 | col1 | col2 
------+------+------
    1 |    1 |    1
(1 row)

--PKEY col0 null error 
INSERT INTO test13_1(col1, col2) VALUES(3, 3);
ERROR:  transaction::execute_statement() failed. (9)
SELECT * from test13_1;
 col0 | col1 | col2 
------+------+------
    1 |    1 |    1
(1 row)

--PKEY col0 not unique error
INSERT INTO test13_1(col0,col2) VALUES(1,3);
ERROR:  transaction::execute_statement() failed. (9)
SELECT * from test13_1;
 col0 | col1 | col2 
------+------+------
    1 |    1 |    1
(1 row)

--not null constraint col2 error
INSERT INTO test13_1(col0,col1) VALUES(5,5);
ERROR:  transaction::execute_statement() failed. (9)
SELECT * from test13_1;
 col0 | col1 | col2 
------+------+------
    1 |    1 |    1
(1 row)

--ok
INSERT INTO test13_1(col0,col2) VALUES(2,6);
SELECT * from test13_1;
 col0 | col1 | col2 
------+------+------
    1 |    1 |    1
    2 |      |    6
(2 rows)

--test13_2
SELECT * from test13_2;
 col0 | col1 | col2 
------+------+------
(0 rows)

--ok
INSERT INTO test13_2 VALUES(1, 1, 1);
SELECT * from test13_2;
 col0 | col1 | col2 
------+------+------
    1 |    1 |    1
(1 row)

--PKEY col0 null error 
INSERT INTO test13_2(col1, col2) VALUES(3, 3);
ERROR:  transaction::execute_statement() failed. (9)
SELECT * from test13_2;
 col0 | col1 | col2 
------+------+------
    1 |    1 |    1
(1 row)

--PKEY col0 not unique error
INSERT INTO test13_2(col0,col1) VALUES(1,3);
ERROR:  transaction::execute_statement() failed. (9)
SELECT * from test13_2;
 col0 | col1 | col2 
------+------+------
    1 |    1 |    1
(1 row)

--not null constraint col1 error
INSERT INTO test13_2(col0,col2) VALUES(5,5);
ERROR:  transaction::execute_statement() failed. (9)
SELECT * from test13_2;
 col0 | col1 | col2 
------+------+------
    1 |    1 |    1
(1 row)

--ok
INSERT INTO test13_2(col0,col1) VALUES(2,6);
SELECT * from test13_2;
 col0 | col1 | col2 
------+------+------
    1 |    1 |    1
    2 |    6 |     
(2 rows)

--test13_3
SELECT * from test13_3;
 col0 | col1 | col2 
------+------+------
(0 rows)

--ok
INSERT INTO test13_3 VALUES(1, 1, 1);
SELECT * from test13_3;
 col0 | col1 | col2 
------+------+------
    1 |    1 |    1
(1 row)

--PKEY col0 null error 
INSERT INTO test13_3(col1, col2) VALUES(3, 3);
ERROR:  transaction::execute_statement() failed. (9)
SELECT * from test13_3;
 col0 | col1 | col2 
------+------+------
    1 |    1 |    1
(1 row)

--PKEY col0 not unique error
INSERT INTO test13_3(col0,col1,col2) VALUES(1,3,3);
ERROR:  transaction::execute_statement() failed. (9)
SELECT * from test13_3;
 col0 | col1 | col2 
------+------+------
    1 |    1 |    1
(1 row)

--not null constraint col1 error
INSERT INTO test13_3(col0,col2) VALUES(5,5);
ERROR:  transaction::execute_statement() failed. (9)
SELECT * from test13_3;
 col0 | col1 | col2 
------+------+------
    1 |    1 |    1
(1 row)

--not null constraint col2 error
INSERT INTO test13_3(col0,col1) VALUES(5,5);
ERROR:  transaction::execute_statement() failed. (9)
SELECT * from test13_3;
 col0 | col1 | col2 
------+------+------
    1 |    1 |    1
(1 row)

--ok
INSERT INTO test13_3(col0,col1,col2) VALUES(2,6,6);
SELECT * from test13_3;
 col0 | col1 | col2 
------+------+------
    1 |    1 |    1
    2 |    6 |    6
(2 rows)

--test13_4
SELECT * from test13_4;
 col0 | col1 | col2 
------+------+------
(0 rows)

--ok
INSERT INTO test13_4 VALUES(1, 1, 1);
SELECT * from test13_4;
 col0 | col1 | col2 
------+------+------
    1 |    1 |    1
(1 row)

--PKEY col1 null error 
INSERT INTO test13_4(col2, col0) VALUES(3, 3);
ERROR:  transaction::execute_statement() failed. (9)
SELECT * from test13_4;
 col0 | col1 | col2 
------+------+------
    1 |    1 |    1
(1 row)

--PKEY col1 not unique error
INSERT INTO test13_4(col1) VALUES(1);
ERROR:  transaction::execute_statement() failed. (9)
SELECT * from test13_4;
 col0 | col1 | col2 
------+------+------
    1 |    1 |    1
(1 row)

--ok
INSERT INTO test13_4(col1) VALUES(2);
SELECT * from test13_4;
 col0 | col1 | col2 
------+------+------
    1 |    1 |    1
      |    2 |     
(2 rows)

--test13_5
SELECT * from test13_5;
 col0 | col1 | col2 
------+------+------
(0 rows)

--ok
INSERT INTO test13_5 VALUES(1, 1, 1);
SELECT * from test13_5;
 col0 | col1 | col2 
------+------+------
    1 |    1 |    1
(1 row)

--PKEY col1 null error 
INSERT INTO test13_5(col2, col0) VALUES(3, 3);
ERROR:  transaction::execute_statement() failed. (9)
SELECT * from test13_5;
 col0 | col1 | col2 
------+------+------
    1 |    1 |    1
(1 row)

--PKEY col1 not unique error
INSERT INTO test13_5(col0,col1) VALUES(3,1);
ERROR:  transaction::execute_statement() failed. (9)
SELECT * from test13_5;
 col0 | col1 | col2 
------+------+------
    1 |    1 |    1
(1 row)

--not null constraint col0 error
INSERT INTO test13_5(col1,col2) VALUES(5,5);
ERROR:  transaction::execute_statement() failed. (9)
SELECT * from test13_5;
 col0 | col1 | col2 
------+------+------
    1 |    1 |    1
(1 row)

--ok
INSERT INTO test13_5(col0,col1) VALUES(6,2);
SELECT * from test13_5;
 col0 | col1 | col2 
------+------+------
    1 |    1 |    1
    6 |    2 |     
(2 rows)

--test13_6
SELECT * from test13_6;
 col0 | col1 | col2 
------+------+------
(0 rows)

--ok
INSERT INTO test13_6 VALUES(1, 1, 1);
SELECT * from test13_6;
 col0 | col1 | col2 
------+------+------
    1 |    1 |    1
(1 row)

--PKEY col1 null error 
INSERT INTO test13_6(col2, col0) VALUES(3, 3);
ERROR:  transaction::execute_statement() failed. (9)
SELECT * from test13_6;
 col0 | col1 | col2 
------+------+------
    1 |    1 |    1
(1 row)

--PKEY col1 not unique error
INSERT INTO test13_6(col1,col2) VALUES(1,3);
ERROR:  transaction::execute_statement() failed. (9)
SELECT * from test13_6;
 col0 | col1 | col2 
------+------+------
    1 |    1 |    1
(1 row)

--not null constraint col2 error
INSERT INTO test13_6(col0,col1) VALUES(5,5);
ERROR:  transaction::execute_statement() failed. (9)
SELECT * from test13_6;
 col0 | col1 | col2 
------+------+------
    1 |    1 |    1
(1 row)

--ok
INSERT INTO test13_6(col1,col2) VALUES(2,6);
SELECT * from test13_6;
 col0 | col1 | col2 
------+------+------
    1 |    1 |    1
      |    2 |    6
(2 rows)

--test13_7
SELECT * from test13_7;
 col0 | col1 | col2 
------+------+------
(0 rows)

--ok
INSERT INTO test13_7 VALUES(1, 1, 1);
SELECT * from test13_7;
 col0 | col1 | col2 
------+------+------
    1 |    1 |    1
(1 row)

--PKEY col1 null error 
INSERT INTO test13_7(col2, col0) VALUES(3, 3);
ERROR:  transaction::execute_statement() failed. (9)
SELECT * from test13_7;
 col0 | col1 | col2 
------+------+------
    1 |    1 |    1
(1 row)

--PKEY col1 not unique error
INSERT INTO test13_7(col0,col1,col2) VALUES(3,1,3);
ERROR:  transaction::execute_statement() failed. (9)
SELECT * from test13_7;
 col0 | col1 | col2 
------+------+------
    1 |    1 |    1
(1 row)

--not null constraint col0 error
INSERT INTO test13_7(col1,col2) VALUES(5,5);
ERROR:  transaction::execute_statement() failed. (9)
SELECT * from test13_7;
 col0 | col1 | col2 
------+------+------
    1 |    1 |    1
(1 row)

--not null constraint col2 error
INSERT INTO test13_7(col0,col1) VALUES(5,5);
ERROR:  transaction::execute_statement() failed. (9)
SELECT * from test13_7;
 col0 | col1 | col2 
------+------+------
    1 |    1 |    1
(1 row)

--ok
INSERT INTO test13_7(col0,col1,col2) VALUES(6,2,6);
SELECT * from test13_7;
 col0 | col1 | col2 
------+------+------
    1 |    1 |    1
    6 |    2 |    6
(2 rows)

--test13_8
SELECT * from test13_8;
 col0 | col1 | col2 
------+------+------
(0 rows)

--ok
INSERT INTO test13_8 VALUES(1, 1, 1);
SELECT * from test13_8;
 col0 | col1 | col2 
------+------+------
    1 |    1 |    1
(1 row)

--PKEY col2 null error 
INSERT INTO test13_8(col0, col1) VALUES(3, 3);
ERROR:  transaction::execute_statement() failed. (9)
SELECT * from test13_8;
 col0 | col1 | col2 
------+------+------
    1 |    1 |    1
(1 row)

--PKEY col2 not unique error
INSERT INTO test13_8(col2) VALUES(1);
ERROR:  transaction::execute_statement() failed. (9)
SELECT * from test13_8;
 col0 | col1 | col2 
------+------+------
    1 |    1 |    1
(1 row)

--ok
INSERT INTO test13_8(col2) VALUES(2);
SELECT * from test13_8;
 col0 | col1 | col2 
------+------+------
    1 |    1 |    1
      |      |    2
(2 rows)

--test13_9
SELECT * from test13_9;
 col0 | col1 | col2 
------+------+------
(0 rows)

--ok
INSERT INTO test13_9 VALUES(1, 1, 1);
SELECT * from test13_9;
 col0 | col1 | col2 
------+------+------
    1 |    1 |    1
(1 row)

--PKEY col2 null error 
INSERT INTO test13_9(col0, col1) VALUES(3, 3);
ERROR:  transaction::execute_statement() failed. (9)
SELECT * from test13_9;
 col0 | col1 | col2 
------+------+------
    1 |    1 |    1
(1 row)

--PKEY col2 not unique error
INSERT INTO test13_9(col1,col2) VALUES(3,1);
ERROR:  transaction::execute_statement() failed. (9)
SELECT * from test13_9;
 col0 | col1 | col2 
------+------+------
    1 |    1 |    1
(1 row)

--not null constraint col1 error
INSERT INTO test13_9(col0,col2) VALUES(5,5);
ERROR:  transaction::execute_statement() failed. (9)
SELECT * from test13_9;
 col0 | col1 | col2 
------+------+------
    1 |    1 |    1
(1 row)

--ok
INSERT INTO test13_9(col1,col2) VALUES(6,2);
SELECT * from test13_9;
 col0 | col1 | col2 
------+------+------
    1 |    1 |    1
      |    6 |    2
(2 rows)

--test13_10
SELECT * from test13_10;
 col0 | col1 | col2 
------+------+------
(0 rows)

--ok
INSERT INTO test13_10 VALUES(1, 1, 1);
SELECT * from test13_10;
 col0 | col1 | col2 
------+------+------
    1 |    1 |    1
(1 row)

--PKEY col2 null error 
INSERT INTO test13_10(col0, col1) VALUES(3, 3);
ERROR:  transaction::execute_statement() failed. (9)
SELECT * from test13_10;
 col0 | col1 | col2 
------+------+------
    1 |    1 |    1
(1 row)

--PKEY col2 not unique error
INSERT INTO test13_10(col0,col2) VALUES(3,1);
ERROR:  transaction::execute_statement() failed. (9)
SELECT * from test13_10;
 col0 | col1 | col2 
------+------+------
    1 |    1 |    1
(1 row)

--not null constraint col0 error
INSERT INTO test13_10(col1,col2) VALUES(5,5);
ERROR:  transaction::execute_statement() failed. (9)
SELECT * from test13_10;
 col0 | col1 | col2 
------+------+------
    1 |    1 |    1
(1 row)

--ok
INSERT INTO test13_10(col0,col2) VALUES(6,2);
SELECT * from test13_10;
 col0 | col1 | col2 
------+------+------
    1 |    1 |    1
    6 |      |    2
(2 rows)

--test13_11
SELECT * from test13_11;
 col0 | col1 | col2 
------+------+------
(0 rows)

--ok
INSERT INTO test13_11 VALUES(1, 1, 1);
SELECT * from test13_11;
 col0 | col1 | col2 
------+------+------
    1 |    1 |    1
(1 row)

--PKEY col2 null error 
INSERT INTO test13_11(col0, col1) VALUES(3, 3);
ERROR:  transaction::execute_statement() failed. (9)
SELECT * from test13_11;
 col0 | col1 | col2 
------+------+------
    1 |    1 |    1
(1 row)

--PKEY col2 not unique error
INSERT INTO test13_11(col0,col1,col2) VALUES(3,3,1);
ERROR:  transaction::execute_statement() failed. (9)
SELECT * from test13_11;
 col0 | col1 | col2 
------+------+------
    1 |    1 |    1
(1 row)

--not null constraint col0 error
INSERT INTO test13_11(col1,col2) VALUES(5,5);
ERROR:  transaction::execute_statement() failed. (9)
SELECT * from test13_11;
 col0 | col1 | col2 
------+------+------
    1 |    1 |    1
(1 row)

--not null constraint col1 error
INSERT INTO test13_11(col0,col2) VALUES(5,5);
ERROR:  transaction::execute_statement() failed. (9)
SELECT * from test13_11;
 col0 | col1 | col2 
------+------+------
    1 |    1 |    1
(1 row)

--ok
INSERT INTO test13_11(col0,col1,col2) VALUES(6,6,2);
SELECT * from test13_11;
 col0 | col1 | col2 
------+------+------
    1 |    1 |    1
    6 |    6 |    2
(2 rows)

--test13_12
SELECT * from test13_12;
 col0 | col1 | col2 
------+------+------
(0 rows)

--ok
INSERT INTO test13_12 VALUES(1, 1, 1);
SELECT * from test13_12;
 col0 | col1 | col2 
------+------+------
    1 |    1 |    1
(1 row)

--PKEY col0 null error 
INSERT INTO test13_12(col1, col2) VALUES(3, 3);
ERROR:  transaction::execute_statement() failed. (9)
SELECT * from test13_12;
 col0 | col1 | col2 
------+------+------
    1 |    1 |    1
(1 row)

--PKEY col0 not unique error
INSERT INTO test13_12(col0) VALUES(1);
ERROR:  transaction::execute_statement() failed. (9)
SELECT * from test13_12;
 col0 | col1 | col2 
------+------+------
    1 |    1 |    1
(1 row)

--ok
INSERT INTO test13_12(col0) VALUES(2);
SELECT * from test13_12;
 col0 | col1 | col2 
------+------+------
    1 |    1 |    1
    2 |      |     
(2 rows)

--test13_13
SELECT * from test13_13;
 col0 | col1 | col2 
------+------+------
(0 rows)

--ok
INSERT INTO test13_13 VALUES(1, 1, 1);
SELECT * from test13_13;
 col0 | col1 | col2 
------+------+------
    1 |    1 |    1
(1 row)

--PKEY col0 null error 
INSERT INTO test13_13(col1, col2) VALUES(3, 3);
ERROR:  transaction::execute_statement() failed. (9)
SELECT * from test13_13;
 col0 | col1 | col2 
------+------+------
    1 |    1 |    1
(1 row)

--PKEY col0 not unique error
INSERT INTO test13_13(col0,col2) VALUES(1,3);
ERROR:  transaction::execute_statement() failed. (9)
SELECT * from test13_13;
 col0 | col1 | col2 
------+------+------
    1 |    1 |    1
(1 row)

--not null constraint col2 error
INSERT INTO test13_13(col0,col1) VALUES(5,5);
ERROR:  transaction::execute_statement() failed. (9)
SELECT * from test13_13;
 col0 | col1 | col2 
------+------+------
    1 |    1 |    1
(1 row)

--ok
INSERT INTO test13_13(col0,col2) VALUES(2,6);
SELECT * from test13_13;
 col0 | col1 | col2 
------+------+------
    1 |    1 |    1
    2 |      |    6
(2 rows)

--test13_14
SELECT * from test13_14;
 col0 | col1 | col2 
------+------+------
(0 rows)

--ok
INSERT INTO test13_14 VALUES(1, 1, 1);
SELECT * from test13_14;
 col0 | col1 | col2 
------+------+------
    1 |    1 |    1
(1 row)

--PKEY col0 null error 
INSERT INTO test13_14(col1, col2) VALUES(3, 3);
ERROR:  transaction::execute_statement() failed. (9)
SELECT * from test13_14;
 col0 | col1 | col2 
------+------+------
    1 |    1 |    1
(1 row)

--PKEY col0 not unique error
INSERT INTO test13_14(col0,col1) VALUES(1,3);
ERROR:  transaction::execute_statement() failed. (9)
SELECT * from test13_14;
 col0 | col1 | col2 
------+------+------
    1 |    1 |    1
(1 row)

--not null constraint col1 error
INSERT INTO test13_14(col0,col2) VALUES(5,5);
ERROR:  transaction::execute_statement() failed. (9)
SELECT * from test13_14;
 col0 | col1 | col2 
------+------+------
    1 |    1 |    1
(1 row)

--ok
INSERT INTO test13_14(col0,col1) VALUES(2,6);
SELECT * from test13_14;
 col0 | col1 | col2 
------+------+------
    1 |    1 |    1
    2 |    6 |     
(2 rows)

--test13_15
SELECT * from test13_15;
 col0 | col1 | col2 
------+------+------
(0 rows)

--ok
INSERT INTO test13_15 VALUES(1, 1, 1);
SELECT * from test13_15;
 col0 | col1 | col2 
------+------+------
    1 |    1 |    1
(1 row)

--PKEY col0 null error 
INSERT INTO test13_15(col1, col2) VALUES(3, 3);
ERROR:  transaction::execute_statement() failed. (9)
SELECT * from test13_15;
 col0 | col1 | col2 
------+------+------
    1 |    1 |    1
(1 row)

--PKEY col0 not unique error
INSERT INTO test13_15(col0,col1,col2) VALUES(1,3,3);
ERROR:  transaction::execute_statement() failed. (9)
SELECT * from test13_15;
 col0 | col1 | col2 
------+------+------
    1 |    1 |    1
(1 row)

--not null constraint col1 error
INSERT INTO test13_15(col0,col2) VALUES(5,5);
ERROR:  transaction::execute_statement() failed. (9)
SELECT * from test13_15;
 col0 | col1 | col2 
------+------+------
    1 |    1 |    1
(1 row)

--not null constraint col2 error
INSERT INTO test13_15(col0,col1) VALUES(5,5);
ERROR:  transaction::execute_statement() failed. (9)
SELECT * from test13_15;
 col0 | col1 | col2 
------+------+------
    1 |    1 |    1
(1 row)

--ok
INSERT INTO test13_15(col0,col1,col2) VALUES(2,6,6);
SELECT * from test13_15;
 col0 | col1 | col2 
------+------+------
    1 |    1 |    1
    2 |    6 |    6
(2 rows)

--test13_16
SELECT * from test13_16;
 col0 | col1 | col2 
------+------+------
(0 rows)

--ok
INSERT INTO test13_16 VALUES(1, 1, 1);
SELECT * from test13_16;
 col0 | col1 | col2 
------+------+------
    1 |    1 |    1
(1 row)

--PKEY col1 null error 
INSERT INTO test13_16(col2, col0) VALUES(3, 3);
ERROR:  transaction::execute_statement() failed. (9)
SELECT * from test13_16;
 col0 | col1 | col2 
------+------+------
    1 |    1 |    1
(1 row)

--PKEY col1 not unique error
INSERT INTO test13_16(col1) VALUES(1);
ERROR:  transaction::execute_statement() failed. (9)
SELECT * from test13_16;
 col0 | col1 | col2 
------+------+------
    1 |    1 |    1
(1 row)

--ok
INSERT INTO test13_16(col1) VALUES(2);
SELECT * from test13_16;
 col0 | col1 | col2 
------+------+------
    1 |    1 |    1
      |    2 |     
(2 rows)

--test13_17
SELECT * from test13_17;
 col0 | col1 | col2 
------+------+------
(0 rows)

--ok
INSERT INTO test13_17 VALUES(1, 1, 1);
SELECT * from test13_17;
 col0 | col1 | col2 
------+------+------
    1 |    1 |    1
(1 row)

--PKEY col1 null error 
INSERT INTO test13_17(col2, col0) VALUES(3, 3);
ERROR:  transaction::execute_statement() failed. (9)
SELECT * from test13_17;
 col0 | col1 | col2 
------+------+------
    1 |    1 |    1
(1 row)

--PKEY col1 not unique error
INSERT INTO test13_17(col0,col1) VALUES(3,1);
ERROR:  transaction::execute_statement() failed. (9)
SELECT * from test13_17;
 col0 | col1 | col2 
------+------+------
    1 |    1 |    1
(1 row)

--not null constraint col0 error
INSERT INTO test13_17(col1,col2) VALUES(5,5);
ERROR:  transaction::execute_statement() failed. (9)
SELECT * from test13_17;
 col0 | col1 | col2 
------+------+------
    1 |    1 |    1
(1 row)

--ok
INSERT INTO test13_17(col0,col1) VALUES(6,2);
SELECT * from test13_17;
 col0 | col1 | col2 
------+------+------
    1 |    1 |    1
    6 |    2 |     
(2 rows)

--test13_18
SELECT * from test13_18;
 col0 | col1 | col2 
------+------+------
(0 rows)

--ok
INSERT INTO test13_18 VALUES(1, 1, 1);
SELECT * from test13_18;
 col0 | col1 | col2 
------+------+------
    1 |    1 |    1
(1 row)

--PKEY col1 null error 
INSERT INTO test13_18(col2, col0) VALUES(3, 3);
ERROR:  transaction::execute_statement() failed. (9)
SELECT * from test13_18;
 col0 | col1 | col2 
------+------+------
    1 |    1 |    1
(1 row)

--PKEY col1 not unique error
INSERT INTO test13_18(col1,col2) VALUES(1,3);
ERROR:  transaction::execute_statement() failed. (9)
SELECT * from test13_18;
 col0 | col1 | col2 
------+------+------
    1 |    1 |    1
(1 row)

--not null constraint col2 error
INSERT INTO test13_18(col0,col1) VALUES(5,5);
ERROR:  transaction::execute_statement() failed. (9)
SELECT * from test13_18;
 col0 | col1 | col2 
------+------+------
    1 |    1 |    1
(1 row)

--ok
INSERT INTO test13_18(col1,col2) VALUES(2,6);
SELECT * from test13_18;
 col0 | col1 | col2 
------+------+------
    1 |    1 |    1
      |    2 |    6
(2 rows)

--test13_19
SELECT * from test13_19;
 col0 | col1 | col2 
------+------+------
(0 rows)

--ok
INSERT INTO test13_19 VALUES(1, 1, 1);
SELECT * from test13_19;
 col0 | col1 | col2 
------+------+------
    1 |    1 |    1
(1 row)

--PKEY col1 null error 
INSERT INTO test13_19(col2, col0) VALUES(3, 3);
ERROR:  transaction::execute_statement() failed. (9)
SELECT * from test13_19;
 col0 | col1 | col2 
------+------+------
    1 |    1 |    1
(1 row)

--PKEY col1 not unique error
INSERT INTO test13_19(col0,col1,col2) VALUES(3,1,3);
ERROR:  transaction::execute_statement() failed. (9)
SELECT * from test13_19;
 col0 | col1 | col2 
------+------+------
    1 |    1 |    1
(1 row)

--not null constraint col0 error
INSERT INTO test13_19(col1,col2) VALUES(5,5);
ERROR:  transaction::execute_statement() failed. (9)
SELECT * from test13_19;
 col0 | col1 | col2 
------+------+------
    1 |    1 |    1
(1 row)

--not null constraint col2 error
INSERT INTO test13_19(col0,col1) VALUES(5,5);
ERROR:  transaction::execute_statement() failed. (9)
SELECT * from test13_19;
 col0 | col1 | col2 
------+------+------
    1 |    1 |    1
(1 row)

--ok
INSERT INTO test13_19(col0,col1,col2) VALUES(6,2,6);
SELECT * from test13_19;
 col0 | col1 | col2 
------+------+------
    1 |    1 |    1
    6 |    2 |    6
(2 rows)

--test13_20
SELECT * from test13_20;
 col0 | col1 | col2 
------+------+------
(0 rows)

--ok
INSERT INTO test13_20 VALUES(1, 1, 1);
SELECT * from test13_20;
 col0 | col1 | col2 
------+------+------
    1 |    1 |    1
(1 row)

--PKEY col2 null error 
INSERT INTO test13_20(col0, col1) VALUES(3, 3);
ERROR:  transaction::execute_statement() failed. (9)
SELECT * from test13_20;
 col0 | col1 | col2 
------+------+------
    1 |    1 |    1
(1 row)

--PKEY col2 not unique error
INSERT INTO test13_20(col2) VALUES(1);
ERROR:  transaction::execute_statement() failed. (9)
SELECT * from test13_20;
 col0 | col1 | col2 
------+------+------
    1 |    1 |    1
(1 row)

--ok
INSERT INTO test13_20(col2) VALUES(2);
SELECT * from test13_20;
 col0 | col1 | col2 
------+------+------
    1 |    1 |    1
      |      |    2
(2 rows)

--test13_21
SELECT * from test13_21;
 col0 | col1 | col2 
------+------+------
(0 rows)

--ok
INSERT INTO test13_21 VALUES(1, 1, 1);
SELECT * from test13_21;
 col0 | col1 | col2 
------+------+------
    1 |    1 |    1
(1 row)

--PKEY col2 null error 
INSERT INTO test13_21(col0, col1) VALUES(3, 3);
ERROR:  transaction::execute_statement() failed. (9)
SELECT * from test13_21;
 col0 | col1 | col2 
------+------+------
    1 |    1 |    1
(1 row)

--PKEY col2 not unique error
INSERT INTO test13_21(col1,col2) VALUES(3,1);
ERROR:  transaction::execute_statement() failed. (9)
SELECT * from test13_21;
 col0 | col1 | col2 
------+------+------
    1 |    1 |    1
(1 row)

--not null constraint col1 error
INSERT INTO test13_21(col0,col2) VALUES(5,5);
ERROR:  transaction::execute_statement() failed. (9)
SELECT * from test13_21;
 col0 | col1 | col2 
------+------+------
    1 |    1 |    1
(1 row)

--ok
INSERT INTO test13_21(col1,col2) VALUES(6,2);
SELECT * from test13_21;
 col0 | col1 | col2 
------+------+------
    1 |    1 |    1
      |    6 |    2
(2 rows)

--test13_22
SELECT * from test13_22;
 col0 | col1 | col2 
------+------+------
(0 rows)

--ok
INSERT INTO test13_22 VALUES(1, 1, 1);
SELECT * from test13_22;
 col0 | col1 | col2 
------+------+------
    1 |    1 |    1
(1 row)

--PKEY col2 null error 
INSERT INTO test13_22(col0, col1) VALUES(3, 3);
ERROR:  transaction::execute_statement() failed. (9)
SELECT * from test13_22;
 col0 | col1 | col2 
------+------+------
    1 |    1 |    1
(1 row)

--PKEY col2 not unique error
INSERT INTO test13_22(col0,col2) VALUES(3,1);
ERROR:  transaction::execute_statement() failed. (9)
SELECT * from test13_22;
 col0 | col1 | col2 
------+------+------
    1 |    1 |    1
(1 row)

--not null constraint col0 error
INSERT INTO test13_22(col1,col2) VALUES(5,5);
ERROR:  transaction::execute_statement() failed. (9)
SELECT * from test13_22;
 col0 | col1 | col2 
------+------+------
    1 |    1 |    1
(1 row)

--ok
INSERT INTO test13_22(col0,col2) VALUES(6,2);
SELECT * from test13_22;
 col0 | col1 | col2 
------+------+------
    1 |    1 |    1
    6 |      |    2
(2 rows)

--test13_23
SELECT * from test13_23;
 col0 | col1 | col2 
------+------+------
(0 rows)

--ok
INSERT INTO test13_23 VALUES(1, 1, 1);
SELECT * from test13_23;
 col0 | col1 | col2 
------+------+------
    1 |    1 |    1
(1 row)

--PKEY col2 null error 
INSERT INTO test13_23(col0, col1) VALUES(3, 3);
ERROR:  transaction::execute_statement() failed. (9)
SELECT * from test13_23;
 col0 | col1 | col2 
------+------+------
    1 |    1 |    1
(1 row)

--PKEY col2 not unique error
INSERT INTO test13_23(col0,col1,col2) VALUES(3,3,1);
ERROR:  transaction::execute_statement() failed. (9)
SELECT * from test13_23;
 col0 | col1 | col2 
------+------+------
    1 |    1 |    1
(1 row)

--not null constraint col0 error
INSERT INTO test13_23(col1,col2) VALUES(5,5);
ERROR:  transaction::execute_statement() failed. (9)
SELECT * from test13_23;
 col0 | col1 | col2 
------+------+------
    1 |    1 |    1
(1 row)

--not null constraint col1 error
INSERT INTO test13_23(col0,col2) VALUES(5,5);
ERROR:  transaction::execute_statement() failed. (9)
SELECT * from test13_23;
 col0 | col1 | col2 
------+------+------
    1 |    1 |    1
(1 row)

--ok
INSERT INTO test13_23(col0,col1,col2) VALUES(6,6,2);
SELECT * from test13_23;
 col0 | col1 | col2 
------+------+------
    1 |    1 |    1
    6 |    6 |    2
(2 rows)

--test13_24
SELECT * from test13_24;
 col0 | col1 | col2 
------+------+------
(0 rows)

--ok
INSERT INTO test13_24 VALUES(1, 1, 1);
SELECT * from test13_24;
 col0 | col1 | col2 
------+------+------
    1 |    1 |    1
(1 row)

--PKEY col0 null error 
INSERT INTO test13_24(col1, col2) VALUES(3, 3);
ERROR:  transaction::execute_statement() failed. (9)
SELECT * from test13_24;
 col0 | col1 | col2 
------+------+------
    1 |    1 |    1
(1 row)

--PKEY col0 not unique error
INSERT INTO test13_24(col0) VALUES(1);
ERROR:  transaction::execute_statement() failed. (9)
SELECT * from test13_24;
 col0 | col1 | col2 
------+------+------
    1 |    1 |    1
(1 row)

--ok
INSERT INTO test13_24(col0) VALUES(2);
SELECT * from test13_24;
 col0 | col1 | col2 
------+------+------
    1 |    1 |    1
    2 |      |     
(2 rows)

--test13_25
SELECT * from test13_25;
 col0 | col1 | col2 
------+------+------
(0 rows)

--ok
INSERT INTO test13_25 VALUES(1, 1, 1);
SELECT * from test13_25;
 col0 | col1 | col2 
------+------+------
    1 |    1 |    1
(1 row)

--PKEY col0 null error 
INSERT INTO test13_25(col1, col2) VALUES(3, 3);
ERROR:  transaction::execute_statement() failed. (9)
SELECT * from test13_25;
 col0 | col1 | col2 
------+------+------
    1 |    1 |    1
(1 row)

--PKEY col0 not unique error
INSERT INTO test13_25(col0,col2) VALUES(1,3);
ERROR:  transaction::execute_statement() failed. (9)
SELECT * from test13_25;
 col0 | col1 | col2 
------+------+------
    1 |    1 |    1
(1 row)

--not null constraint col2 error
INSERT INTO test13_25(col0,col1) VALUES(5,5);
ERROR:  transaction::execute_statement() failed. (9)
SELECT * from test13_25;
 col0 | col1 | col2 
------+------+------
    1 |    1 |    1
(1 row)

--ok
INSERT INTO test13_25(col0,col2) VALUES(2,6);
SELECT * from test13_25;
 col0 | col1 | col2 
------+------+------
    1 |    1 |    1
    2 |      |    6
(2 rows)

--test13_26
SELECT * from test13_26;
 col0 | col1 | col2 
------+------+------
(0 rows)

--ok
INSERT INTO test13_26 VALUES(1, 1, 1);
SELECT * from test13_26;
 col0 | col1 | col2 
------+------+------
    1 |    1 |    1
(1 row)

--PKEY col0 null error 
INSERT INTO test13_26(col1, col2) VALUES(3, 3);
ERROR:  transaction::execute_statement() failed. (9)
SELECT * from test13_26;
 col0 | col1 | col2 
------+------+------
    1 |    1 |    1
(1 row)

--PKEY col0 not unique error
INSERT INTO test13_26(col0,col1) VALUES(1,3);
ERROR:  transaction::execute_statement() failed. (9)
SELECT * from test13_26;
 col0 | col1 | col2 
------+------+------
    1 |    1 |    1
(1 row)

--not null constraint col1 error
INSERT INTO test13_26(col0,col2) VALUES(5,5);
ERROR:  transaction::execute_statement() failed. (9)
SELECT * from test13_26;
 col0 | col1 | col2 
------+------+------
    1 |    1 |    1
(1 row)

--ok
INSERT INTO test13_26(col0,col1) VALUES(2,6);
SELECT * from test13_26;
 col0 | col1 | col2 
------+------+------
    1 |    1 |    1
    2 |    6 |     
(2 rows)

--test13_27
SELECT * from test13_27;
 col0 | col1 | col2 
------+------+------
(0 rows)

--ok
INSERT INTO test13_27 VALUES(1, 1, 1);
SELECT * from test13_27;
 col0 | col1 | col2 
------+------+------
    1 |    1 |    1
(1 row)

--PKEY col0 null error 
INSERT INTO test13_27(col1, col2) VALUES(3, 3);
ERROR:  transaction::execute_statement() failed. (9)
SELECT * from test13_27;
 col0 | col1 | col2 
------+------+------
    1 |    1 |    1
(1 row)

--PKEY col0 not unique error
INSERT INTO test13_27(col0,col1,col2) VALUES(1,3,3);
ERROR:  transaction::execute_statement() failed. (9)
SELECT * from test13_27;
 col0 | col1 | col2 
------+------+------
    1 |    1 |    1
(1 row)

--not null constraint col1 error
INSERT INTO test13_27(col0,col2) VALUES(5,5);
ERROR:  transaction::execute_statement() failed. (9)
SELECT * from test13_27;
 col0 | col1 | col2 
------+------+------
    1 |    1 |    1
(1 row)

--not null constraint col2 error
INSERT INTO test13_27(col0,col1) VALUES(5,5);
ERROR:  transaction::execute_statement() failed. (9)
SELECT * from test13_27;
 col0 | col1 | col2 
------+------+------
    1 |    1 |    1
(1 row)

--ok
INSERT INTO test13_27(col0,col1,col2) VALUES(2,6,6);
SELECT * from test13_27;
 col0 | col1 | col2 
------+------+------
    1 |    1 |    1
    2 |    6 |    6
(2 rows)

--test13_28
SELECT * from test13_28;
 col0 | col1 | col2 
------+------+------
(0 rows)

--ok
INSERT INTO test13_28 VALUES(1, 1, 1);
SELECT * from test13_28;
 col0 | col1 | col2 
------+------+------
    1 |    1 |    1
(1 row)

--PKEY col1 null error 
INSERT INTO test13_28(col2, col0) VALUES(3, 3);
ERROR:  transaction::execute_statement() failed. (9)
SELECT * from test13_28;
 col0 | col1 | col2 
------+------+------
    1 |    1 |    1
(1 row)

--PKEY col1 not unique error
INSERT INTO test13_28(col1) VALUES(1);
ERROR:  transaction::execute_statement() failed. (9)
SELECT * from test13_28;
 col0 | col1 | col2 
------+------+------
    1 |    1 |    1
(1 row)

--ok
INSERT INTO test13_28(col1) VALUES(2);
SELECT * from test13_28;
 col0 | col1 | col2 
------+------+------
    1 |    1 |    1
      |    2 |     
(2 rows)

--test13_29
SELECT * from test13_29;
 col0 | col1 | col2 
------+------+------
(0 rows)

--ok
INSERT INTO test13_29 VALUES(1, 1, 1);
SELECT * from test13_29;
 col0 | col1 | col2 
------+------+------
    1 |    1 |    1
(1 row)

--PKEY col1 null error 
INSERT INTO test13_29(col2, col0) VALUES(3, 3);
ERROR:  transaction::execute_statement() failed. (9)
SELECT * from test13_29;
 col0 | col1 | col2 
------+------+------
    1 |    1 |    1
(1 row)

--PKEY col1 not unique error
INSERT INTO test13_29(col0,col1) VALUES(3,1);
ERROR:  transaction::execute_statement() failed. (9)
SELECT * from test13_29;
 col0 | col1 | col2 
------+------+------
    1 |    1 |    1
(1 row)

--not null constraint col0 error
INSERT INTO test13_29(col1,col2) VALUES(5,5);
ERROR:  transaction::execute_statement() failed. (9)
SELECT * from test13_29;
 col0 | col1 | col2 
------+------+------
    1 |    1 |    1
(1 row)

--ok
INSERT INTO test13_29(col0,col1) VALUES(6,2);
SELECT * from test13_29;
 col0 | col1 | col2 
------+------+------
    1 |    1 |    1
    6 |    2 |     
(2 rows)

--test13_30
SELECT * from test13_30;
 col0 | col1 | col2 
------+------+------
(0 rows)

--ok
INSERT INTO test13_30 VALUES(1, 1, 1);
SELECT * from test13_30;
 col0 | col1 | col2 
------+------+------
    1 |    1 |    1
(1 row)

--PKEY col1 null error 
INSERT INTO test13_30(col2, col0) VALUES(3, 3);
ERROR:  transaction::execute_statement() failed. (9)
SELECT * from test13_30;
 col0 | col1 | col2 
------+------+------
    1 |    1 |    1
(1 row)

--PKEY col1 not unique error
INSERT INTO test13_30(col1,col2) VALUES(1,3);
ERROR:  transaction::execute_statement() failed. (9)
SELECT * from test13_30;
 col0 | col1 | col2 
------+------+------
    1 |    1 |    1
(1 row)

--not null constraint col2 error
INSERT INTO test13_30(col0,col1) VALUES(5,5);
ERROR:  transaction::execute_statement() failed. (9)
SELECT * from test13_30;
 col0 | col1 | col2 
------+------+------
    1 |    1 |    1
(1 row)

--ok
INSERT INTO test13_30(col1,col2) VALUES(2,6);
SELECT * from test13_30;
 col0 | col1 | col2 
------+------+------
    1 |    1 |    1
      |    2 |    6
(2 rows)

--test13_31
SELECT * from test13_31;
 col0 | col1 | col2 
------+------+------
(0 rows)

--ok
INSERT INTO test13_31 VALUES(1, 1, 1);
SELECT * from test13_31;
 col0 | col1 | col2 
------+------+------
    1 |    1 |    1
(1 row)

--PKEY col1 null error 
INSERT INTO test13_31(col2, col0) VALUES(3, 3);
ERROR:  transaction::execute_statement() failed. (9)
SELECT * from test13_31;
 col0 | col1 | col2 
------+------+------
    1 |    1 |    1
(1 row)

--PKEY col1 not unique error
INSERT INTO test13_31(col0,col1,col2) VALUES(3,1,3);
ERROR:  transaction::execute_statement() failed. (9)
SELECT * from test13_31;
 col0 | col1 | col2 
------+------+------
    1 |    1 |    1
(1 row)

--not null constraint col0 error
INSERT INTO test13_31(col1,col2) VALUES(5,5);
ERROR:  transaction::execute_statement() failed. (9)
SELECT * from test13_31;
 col0 | col1 | col2 
------+------+------
    1 |    1 |    1
(1 row)

--not null constraint col2 error
INSERT INTO test13_31(col0,col1) VALUES(5,5);
ERROR:  transaction::execute_statement() failed. (9)
SELECT * from test13_31;
 col0 | col1 | col2 
------+------+------
    1 |    1 |    1
(1 row)

--ok
INSERT INTO test13_31(col0,col1,col2) VALUES(6,2,6);
SELECT * from test13_31;
 col0 | col1 | col2 
------+------+------
    1 |    1 |    1
    6 |    2 |    6
(2 rows)

--test13_32
SELECT * from test13_32;
 col0 | col1 | col2 
------+------+------
(0 rows)

--ok
INSERT INTO test13_32 VALUES(1, 1, 1);
SELECT * from test13_32;
 col0 | col1 | col2 
------+------+------
    1 |    1 |    1
(1 row)

--PKEY col2 null error 
INSERT INTO test13_32(col0, col1) VALUES(3, 3);
ERROR:  transaction::execute_statement() failed. (9)
SELECT * from test13_32;
 col0 | col1 | col2 
------+------+------
    1 |    1 |    1
(1 row)

--PKEY col2 not unique error
INSERT INTO test13_32(col2) VALUES(1);
ERROR:  transaction::execute_statement() failed. (9)
SELECT * from test13_32;
 col0 | col1 | col2 
------+------+------
    1 |    1 |    1
(1 row)

--ok
INSERT INTO test13_32(col2) VALUES(2);
SELECT * from test13_32;
 col0 | col1 | col2 
------+------+------
    1 |    1 |    1
      |      |    2
(2 rows)

--test13_33
SELECT * from test13_33;
 col0 | col1 | col2 
------+------+------
(0 rows)

--ok
INSERT INTO test13_33 VALUES(1, 1, 1);
SELECT * from test13_33;
 col0 | col1 | col2 
------+------+------
    1 |    1 |    1
(1 row)

--PKEY col2 null error 
INSERT INTO test13_33(col0, col1) VALUES(3, 3);
ERROR:  transaction::execute_statement() failed. (9)
SELECT * from test13_33;
 col0 | col1 | col2 
------+------+------
    1 |    1 |    1
(1 row)

--PKEY col2 not unique error
INSERT INTO test13_33(col1,col2) VALUES(3,1);
ERROR:  transaction::execute_statement() failed. (9)
SELECT * from test13_33;
 col0 | col1 | col2 
------+------+------
    1 |    1 |    1
(1 row)

--not null constraint col1 error
INSERT INTO test13_33(col0,col2) VALUES(5,5);
ERROR:  transaction::execute_statement() failed. (9)
SELECT * from test13_33;
 col0 | col1 | col2 
------+------+------
    1 |    1 |    1
(1 row)

--ok
INSERT INTO test13_33(col1,col2) VALUES(6,2);
SELECT * from test13_33;
 col0 | col1 | col2 
------+------+------
    1 |    1 |    1
      |    6 |    2
(2 rows)

--test13_34
SELECT * from test13_34;
 col0 | col1 | col2 
------+------+------
(0 rows)

--ok
INSERT INTO test13_34 VALUES(1, 1, 1);
SELECT * from test13_34;
 col0 | col1 | col2 
------+------+------
    1 |    1 |    1
(1 row)

--PKEY col2 null error 
INSERT INTO test13_34(col0, col1) VALUES(3, 3);
ERROR:  transaction::execute_statement() failed. (9)
SELECT * from test13_34;
 col0 | col1 | col2 
------+------+------
    1 |    1 |    1
(1 row)

--PKEY col2 not unique error
INSERT INTO test13_34(col0,col2) VALUES(3,1);
ERROR:  transaction::execute_statement() failed. (9)
SELECT * from test13_34;
 col0 | col1 | col2 
------+------+------
    1 |    1 |    1
(1 row)

--not null constraint col0 error
INSERT INTO test13_34(col1,col2) VALUES(5,5);
ERROR:  transaction::execute_statement() failed. (9)
SELECT * from test13_34;
 col0 | col1 | col2 
------+------+------
    1 |    1 |    1
(1 row)

--ok
INSERT INTO test13_34(col0,col2) VALUES(6,2);
SELECT * from test13_34;
 col0 | col1 | col2 
------+------+------
    1 |    1 |    1
    6 |      |    2
(2 rows)

--test13_35
SELECT * from test13_35;
 col0 | col1 | col2 
------+------+------
(0 rows)

--ok
INSERT INTO test13_35 VALUES(1, 1, 1);
SELECT * from test13_35;
 col0 | col1 | col2 
------+------+------
    1 |    1 |    1
(1 row)

--PKEY col2 null error 
INSERT INTO test13_35(col0, col1) VALUES(3, 3);
ERROR:  transaction::execute_statement() failed. (9)
SELECT * from test13_35;
 col0 | col1 | col2 
------+------+------
    1 |    1 |    1
(1 row)

--PKEY col2 not unique error
INSERT INTO test13_35(col0,col1,col2) VALUES(3,3,1);
ERROR:  transaction::execute_statement() failed. (9)
SELECT * from test13_35;
 col0 | col1 | col2 
------+------+------
    1 |    1 |    1
(1 row)

--not null constraint col0 error
INSERT INTO test13_35(col1,col2) VALUES(5,5);
ERROR:  transaction::execute_statement() failed. (9)
SELECT * from test13_35;
 col0 | col1 | col2 
------+------+------
    1 |    1 |    1
(1 row)

--not null constraint col1 error
INSERT INTO test13_35(col0,col2) VALUES(5,5);
ERROR:  transaction::execute_statement() failed. (9)
SELECT * from test13_35;
 col0 | col1 | col2 
------+------+------
    1 |    1 |    1
(1 row)

--ok
INSERT INTO test13_35(col0,col1,col2) VALUES(6,6,2);
SELECT * from test13_35;
 col0 | col1 | col2 
------+------+------
    1 |    1 |    1
    6 |    6 |    2
(2 rows)

