CREATE EXTENSION IF NOT EXISTS ogawayama_fdw;
NOTICE:  extension "ogawayama_fdw" already exists, skipping
CREATE SERVER IF NOT EXISTS ogawayama FOREIGN DATA WRAPPER ogawayama_fdw;
NOTICE:  server "ogawayama" already exists, skipping
CREATE TABLE test14_0 (
col0 int ,
col1 int ,
col2 int ,
PRIMARY KEY(col0)
) tablespace tsurugi;
CREATE TABLE test14_1 (
col0 int NOT NULL,
col1 int ,
col2 int ,
PRIMARY KEY(col0)
) tablespace tsurugi;
CREATE TABLE test14_2 (
col0 int ,
col1 int NOT NULL,
col2 int ,
PRIMARY KEY(col0)
) tablespace tsurugi;
CREATE TABLE test14_3 (
col0 int ,
col1 int ,
col2 int NOT NULL,
PRIMARY KEY(col0)
) tablespace tsurugi;
CREATE TABLE test14_4 (
col0 int NOT NULL,
col1 int NOT NULL,
col2 int ,
PRIMARY KEY(col0)
) tablespace tsurugi;
CREATE TABLE test14_5 (
col0 int ,
col1 int NOT NULL,
col2 int NOT NULL,
PRIMARY KEY(col0)
) tablespace tsurugi;
CREATE TABLE test14_6 (
col0 int NOT NULL,
col1 int ,
col2 int NOT NULL,
PRIMARY KEY(col0)
) tablespace tsurugi;
CREATE TABLE test14_7 (
col0 int NOT NULL,
col1 int NOT NULL,
col2 int NOT NULL,
PRIMARY KEY(col0)
) tablespace tsurugi;
CREATE TABLE test14_8 (
col0 int ,
col1 int ,
col2 int ,
PRIMARY KEY(col1)
) tablespace tsurugi;
CREATE TABLE test14_9 (
col0 int NOT NULL,
col1 int ,
col2 int ,
PRIMARY KEY(col1)
) tablespace tsurugi;
CREATE TABLE test14_10 (
col0 int ,
col1 int NOT NULL,
col2 int ,
PRIMARY KEY(col1)
) tablespace tsurugi;
CREATE TABLE test14_11 (
col0 int ,
col1 int ,
col2 int NOT NULL,
PRIMARY KEY(col1)
) tablespace tsurugi;
CREATE TABLE test14_12 (
col0 int NOT NULL,
col1 int NOT NULL,
col2 int ,
PRIMARY KEY(col1)
) tablespace tsurugi;
CREATE TABLE test14_13 (
col0 int ,
col1 int NOT NULL,
col2 int NOT NULL,
PRIMARY KEY(col1)
) tablespace tsurugi;
CREATE TABLE test14_14 (
col0 int NOT NULL,
col1 int ,
col2 int NOT NULL,
PRIMARY KEY(col1)
) tablespace tsurugi;
CREATE TABLE test14_15 (
col0 int NOT NULL,
col1 int NOT NULL,
col2 int NOT NULL,
PRIMARY KEY(col1)
) tablespace tsurugi;
CREATE TABLE test14_16 (
col0 int ,
col1 int ,
col2 int ,
PRIMARY KEY(col2)
) tablespace tsurugi;
CREATE TABLE test14_17 (
col0 int NOT NULL,
col1 int ,
col2 int ,
PRIMARY KEY(col2)
) tablespace tsurugi;
CREATE TABLE test14_18 (
col0 int ,
col1 int NOT NULL,
col2 int ,
PRIMARY KEY(col2)
) tablespace tsurugi;
CREATE TABLE test14_19 (
col0 int ,
col1 int ,
col2 int NOT NULL,
PRIMARY KEY(col2)
) tablespace tsurugi;
CREATE TABLE test14_20 (
col0 int NOT NULL,
col1 int NOT NULL,
col2 int ,
PRIMARY KEY(col2)
) tablespace tsurugi;
CREATE TABLE test14_21 (
col0 int ,
col1 int NOT NULL,
col2 int NOT NULL,
PRIMARY KEY(col2)
) tablespace tsurugi;
CREATE TABLE test14_22 (
col0 int NOT NULL,
col1 int ,
col2 int NOT NULL,
PRIMARY KEY(col2)
) tablespace tsurugi;
CREATE TABLE test14_23 (
col0 int NOT NULL,
col1 int NOT NULL,
col2 int NOT NULL,
PRIMARY KEY(col2)
) tablespace tsurugi;
CREATE TABLE test14_24 (
col0 int ,
col1 int ,
col2 int ,
PRIMARY KEY(col0,col1)
) tablespace tsurugi;
CREATE TABLE test14_25 (
col0 int NOT NULL,
col1 int ,
col2 int ,
PRIMARY KEY(col0,col1)
) tablespace tsurugi;
CREATE TABLE test14_26 (
col0 int ,
col1 int NOT NULL,
col2 int ,
PRIMARY KEY(col0,col1)
) tablespace tsurugi;
CREATE TABLE test14_27 (
col0 int ,
col1 int ,
col2 int NOT NULL,
PRIMARY KEY(col0,col1)
) tablespace tsurugi;
CREATE TABLE test14_28 (
col0 int NOT NULL,
col1 int NOT NULL,
col2 int ,
PRIMARY KEY(col0,col1)
) tablespace tsurugi;
CREATE TABLE test14_29 (
col0 int ,
col1 int NOT NULL,
col2 int NOT NULL,
PRIMARY KEY(col0,col1)
) tablespace tsurugi;
CREATE TABLE test14_30 (
col0 int NOT NULL,
col1 int ,
col2 int NOT NULL,
PRIMARY KEY(col0,col1)
) tablespace tsurugi;
CREATE TABLE test14_31 (
col0 int NOT NULL,
col1 int NOT NULL,
col2 int NOT NULL,
PRIMARY KEY(col0,col1)
) tablespace tsurugi;
CREATE TABLE test14_32 (
col0 int ,
col1 int ,
col2 int ,
PRIMARY KEY(col1,col2)
) tablespace tsurugi;
CREATE TABLE test14_33 (
col0 int NOT NULL,
col1 int ,
col2 int ,
PRIMARY KEY(col1,col2)
) tablespace tsurugi;
CREATE TABLE test14_34 (
col0 int ,
col1 int NOT NULL,
col2 int ,
PRIMARY KEY(col1,col2)
) tablespace tsurugi;
CREATE TABLE test14_35 (
col0 int ,
col1 int ,
col2 int NOT NULL,
PRIMARY KEY(col1,col2)
) tablespace tsurugi;
CREATE TABLE test14_36 (
col0 int NOT NULL,
col1 int NOT NULL,
col2 int ,
PRIMARY KEY(col1,col2)
) tablespace tsurugi;
CREATE TABLE test14_37 (
col0 int ,
col1 int NOT NULL,
col2 int NOT NULL,
PRIMARY KEY(col1,col2)
) tablespace tsurugi;
CREATE TABLE test14_38 (
col0 int NOT NULL,
col1 int ,
col2 int NOT NULL,
PRIMARY KEY(col1,col2)
) tablespace tsurugi;
CREATE TABLE test14_39 (
col0 int NOT NULL,
col1 int NOT NULL,
col2 int NOT NULL,
PRIMARY KEY(col1,col2)
) tablespace tsurugi;
CREATE TABLE test14_40 (
col0 int ,
col1 int ,
col2 int ,
PRIMARY KEY(col0,col2)
) tablespace tsurugi;
CREATE TABLE test14_41 (
col0 int NOT NULL,
col1 int ,
col2 int ,
PRIMARY KEY(col0,col2)
) tablespace tsurugi;
CREATE TABLE test14_42 (
col0 int ,
col1 int NOT NULL,
col2 int ,
PRIMARY KEY(col0,col2)
) tablespace tsurugi;
CREATE TABLE test14_43 (
col0 int ,
col1 int ,
col2 int NOT NULL,
PRIMARY KEY(col0,col2)
) tablespace tsurugi;
CREATE TABLE test14_44 (
col0 int NOT NULL,
col1 int NOT NULL,
col2 int ,
PRIMARY KEY(col0,col2)
) tablespace tsurugi;
CREATE TABLE test14_45 (
col0 int ,
col1 int NOT NULL,
col2 int NOT NULL,
PRIMARY KEY(col0,col2)
) tablespace tsurugi;
CREATE TABLE test14_46 (
col0 int NOT NULL,
col1 int ,
col2 int NOT NULL,
PRIMARY KEY(col0,col2)
) tablespace tsurugi;
CREATE TABLE test14_47 (
col0 int NOT NULL,
col1 int NOT NULL,
col2 int NOT NULL,
PRIMARY KEY(col0,col2)
) tablespace tsurugi;
CREATE TABLE test14_48 (
col0 int ,
col1 int ,
col2 int ,
PRIMARY KEY(col0,col1,col2)
) tablespace tsurugi;
CREATE TABLE test14_49 (
col0 int NOT NULL,
col1 int ,
col2 int ,
PRIMARY KEY(col0,col1,col2)
) tablespace tsurugi;
CREATE TABLE test14_50 (
col0 int ,
col1 int NOT NULL,
col2 int ,
PRIMARY KEY(col0,col1,col2)
) tablespace tsurugi;
CREATE TABLE test14_51 (
col0 int ,
col1 int ,
col2 int NOT NULL,
PRIMARY KEY(col0,col1,col2)
) tablespace tsurugi;
CREATE TABLE test14_52 (
col0 int NOT NULL,
col1 int NOT NULL,
col2 int ,
PRIMARY KEY(col0,col1,col2)
) tablespace tsurugi;
CREATE TABLE test14_53 (
col0 int ,
col1 int NOT NULL,
col2 int NOT NULL,
PRIMARY KEY(col0,col1,col2)
) tablespace tsurugi;
CREATE TABLE test14_54 (
col0 int NOT NULL,
col1 int ,
col2 int NOT NULL,
PRIMARY KEY(col0,col1,col2)
) tablespace tsurugi;
CREATE TABLE test14_55 (
col0 int NOT NULL,
col1 int NOT NULL,
col2 int NOT NULL,
PRIMARY KEY(col0,col1,col2)
) tablespace tsurugi;
CREATE FOREIGN TABLE test14_0 (
col0 int ,col1 int ,col2 int 
) SERVER ogawayama;
CREATE FOREIGN TABLE test14_1 (
col0 int ,col1 int ,col2 int 
) SERVER ogawayama;
CREATE FOREIGN TABLE test14_2 (
col0 int ,col1 int ,col2 int 
) SERVER ogawayama;
CREATE FOREIGN TABLE test14_3 (
col0 int ,col1 int ,col2 int 
) SERVER ogawayama;
CREATE FOREIGN TABLE test14_4 (
col0 int ,col1 int ,col2 int 
) SERVER ogawayama;
CREATE FOREIGN TABLE test14_5 (
col0 int ,col1 int ,col2 int 
) SERVER ogawayama;
CREATE FOREIGN TABLE test14_6 (
col0 int ,col1 int ,col2 int 
) SERVER ogawayama;
CREATE FOREIGN TABLE test14_7 (
col0 int ,col1 int ,col2 int 
) SERVER ogawayama;
CREATE FOREIGN TABLE test14_8 (
col0 int ,col1 int ,col2 int 
) SERVER ogawayama;
CREATE FOREIGN TABLE test14_9 (
col0 int ,col1 int ,col2 int 
) SERVER ogawayama;
CREATE FOREIGN TABLE test14_10 (
col0 int ,col1 int ,col2 int 
) SERVER ogawayama;
CREATE FOREIGN TABLE test14_11 (
col0 int ,col1 int ,col2 int 
) SERVER ogawayama;
CREATE FOREIGN TABLE test14_12 (
col0 int ,col1 int ,col2 int 
) SERVER ogawayama;
CREATE FOREIGN TABLE test14_13 (
col0 int ,col1 int ,col2 int 
) SERVER ogawayama;
CREATE FOREIGN TABLE test14_14 (
col0 int ,col1 int ,col2 int 
) SERVER ogawayama;
CREATE FOREIGN TABLE test14_15 (
col0 int ,col1 int ,col2 int 
) SERVER ogawayama;
CREATE FOREIGN TABLE test14_16 (
col0 int ,col1 int ,col2 int 
) SERVER ogawayama;
CREATE FOREIGN TABLE test14_17 (
col0 int ,col1 int ,col2 int 
) SERVER ogawayama;
CREATE FOREIGN TABLE test14_18 (
col0 int ,col1 int ,col2 int 
) SERVER ogawayama;
CREATE FOREIGN TABLE test14_19 (
col0 int ,col1 int ,col2 int 
) SERVER ogawayama;
CREATE FOREIGN TABLE test14_20 (
col0 int ,col1 int ,col2 int 
) SERVER ogawayama;
CREATE FOREIGN TABLE test14_21 (
col0 int ,col1 int ,col2 int 
) SERVER ogawayama;
CREATE FOREIGN TABLE test14_22 (
col0 int ,col1 int ,col2 int 
) SERVER ogawayama;
CREATE FOREIGN TABLE test14_23 (
col0 int ,col1 int ,col2 int 
) SERVER ogawayama;
CREATE FOREIGN TABLE test14_24 (
col0 int ,col1 int ,col2 int 
) SERVER ogawayama;
CREATE FOREIGN TABLE test14_25 (
col0 int ,col1 int ,col2 int 
) SERVER ogawayama;
CREATE FOREIGN TABLE test14_26 (
col0 int ,col1 int ,col2 int 
) SERVER ogawayama;
CREATE FOREIGN TABLE test14_27 (
col0 int ,col1 int ,col2 int 
) SERVER ogawayama;
CREATE FOREIGN TABLE test14_28 (
col0 int ,col1 int ,col2 int 
) SERVER ogawayama;
CREATE FOREIGN TABLE test14_29 (
col0 int ,col1 int ,col2 int 
) SERVER ogawayama;
CREATE FOREIGN TABLE test14_30 (
col0 int ,col1 int ,col2 int 
) SERVER ogawayama;
CREATE FOREIGN TABLE test14_31 (
col0 int ,col1 int ,col2 int 
) SERVER ogawayama;
CREATE FOREIGN TABLE test14_32 (
col0 int ,col1 int ,col2 int 
) SERVER ogawayama;
CREATE FOREIGN TABLE test14_33 (
col0 int ,col1 int ,col2 int 
) SERVER ogawayama;
CREATE FOREIGN TABLE test14_34 (
col0 int ,col1 int ,col2 int 
) SERVER ogawayama;
CREATE FOREIGN TABLE test14_35 (
col0 int ,col1 int ,col2 int 
) SERVER ogawayama;
CREATE FOREIGN TABLE test14_36 (
col0 int ,col1 int ,col2 int 
) SERVER ogawayama;
CREATE FOREIGN TABLE test14_37 (
col0 int ,col1 int ,col2 int 
) SERVER ogawayama;
CREATE FOREIGN TABLE test14_38 (
col0 int ,col1 int ,col2 int 
) SERVER ogawayama;
CREATE FOREIGN TABLE test14_39 (
col0 int ,col1 int ,col2 int 
) SERVER ogawayama;
CREATE FOREIGN TABLE test14_40 (
col0 int ,col1 int ,col2 int 
) SERVER ogawayama;
CREATE FOREIGN TABLE test14_41 (
col0 int ,col1 int ,col2 int 
) SERVER ogawayama;
CREATE FOREIGN TABLE test14_42 (
col0 int ,col1 int ,col2 int 
) SERVER ogawayama;
CREATE FOREIGN TABLE test14_43 (
col0 int ,col1 int ,col2 int 
) SERVER ogawayama;
CREATE FOREIGN TABLE test14_44 (
col0 int ,col1 int ,col2 int 
) SERVER ogawayama;
CREATE FOREIGN TABLE test14_45 (
col0 int ,col1 int ,col2 int 
) SERVER ogawayama;
CREATE FOREIGN TABLE test14_46 (
col0 int ,col1 int ,col2 int 
) SERVER ogawayama;
CREATE FOREIGN TABLE test14_47 (
col0 int ,col1 int ,col2 int 
) SERVER ogawayama;
CREATE FOREIGN TABLE test14_48 (
col0 int ,col1 int ,col2 int 
) SERVER ogawayama;
CREATE FOREIGN TABLE test14_49 (
col0 int ,col1 int ,col2 int 
) SERVER ogawayama;
CREATE FOREIGN TABLE test14_50 (
col0 int ,col1 int ,col2 int 
) SERVER ogawayama;
CREATE FOREIGN TABLE test14_51 (
col0 int ,col1 int ,col2 int 
) SERVER ogawayama;
CREATE FOREIGN TABLE test14_52 (
col0 int ,col1 int ,col2 int 
) SERVER ogawayama;
CREATE FOREIGN TABLE test14_53 (
col0 int ,col1 int ,col2 int 
) SERVER ogawayama;
CREATE FOREIGN TABLE test14_54 (
col0 int ,col1 int ,col2 int 
) SERVER ogawayama;
CREATE FOREIGN TABLE test14_55 (
col0 int ,col1 int ,col2 int 
) SERVER ogawayama;
--test14_0
SELECT * from test14_0;
 col0 | col1 | col2 
------+------+------
(0 rows)

--ok
INSERT INTO test14_0 VALUES(1, 1, 1);
SELECT * from test14_0;
 col0 | col1 | col2 
------+------+------
    1 |    1 |    1
(1 row)

--PKEY col0 null error 
INSERT INTO test14_0(col1,col2) VALUES(3,3);
ERROR:  transaction::execute_statement() failed. (9)
SELECT * from test14_0;
 col0 | col1 | col2 
------+------+------
    1 |    1 |    1
(1 row)

--PKEY col0 null error 
INSERT INTO test14_0(col1,col2) VALUES(3,3);
ERROR:  transaction::execute_statement() failed. (9)
SELECT * from test14_0;
 col0 | col1 | col2 
------+------+------
    1 |    1 |    1
(1 row)

--PKEY col0 not unique error
INSERT INTO test14_0(col0) VALUES(1);
ERROR:  transaction::execute_statement() failed. (9)
SELECT * from test14_0;
 col0 | col1 | col2 
------+------+------
    1 |    1 |    1
(1 row)

--ok
INSERT INTO test14_0(col0) VALUES(2);
SELECT * from test14_0;
 col0 | col1 | col2 
------+------+------
    1 |    1 |    1
    2 |      |     
(2 rows)

--test14_1
SELECT * from test14_1;
 col0 | col1 | col2 
------+------+------
(0 rows)

--ok
INSERT INTO test14_1 VALUES(1, 1, 1);
SELECT * from test14_1;
 col0 | col1 | col2 
------+------+------
    1 |    1 |    1
(1 row)

--PKEY col0 null error 
INSERT INTO test14_1(col1,col2) VALUES(3,3);
ERROR:  transaction::execute_statement() failed. (9)
SELECT * from test14_1;
 col0 | col1 | col2 
------+------+------
    1 |    1 |    1
(1 row)

--PKEY col0 null error 
INSERT INTO test14_1(col1,col2) VALUES(3,3);
ERROR:  transaction::execute_statement() failed. (9)
SELECT * from test14_1;
 col0 | col1 | col2 
------+------+------
    1 |    1 |    1
(1 row)

--PKEY col0 not unique error
INSERT INTO test14_1(col0) VALUES(1);
ERROR:  transaction::execute_statement() failed. (9)
SELECT * from test14_1;
 col0 | col1 | col2 
------+------+------
    1 |    1 |    1
(1 row)

--not null constraint col0 error
INSERT INTO test14_1(col1,col2) VALUES(5,5);
ERROR:  transaction::execute_statement() failed. (9)
SELECT * from test14_1;
 col0 | col1 | col2 
------+------+------
    1 |    1 |    1
(1 row)

--ok
INSERT INTO test14_1(col0) VALUES(2);
SELECT * from test14_1;
 col0 | col1 | col2 
------+------+------
    1 |    1 |    1
    2 |      |     
(2 rows)

--test14_2
SELECT * from test14_2;
 col0 | col1 | col2 
------+------+------
(0 rows)

--ok
INSERT INTO test14_2 VALUES(1, 1, 1);
SELECT * from test14_2;
 col0 | col1 | col2 
------+------+------
    1 |    1 |    1
(1 row)

--PKEY col0 null error 
INSERT INTO test14_2(col1,col2) VALUES(3,3);
ERROR:  transaction::execute_statement() failed. (9)
SELECT * from test14_2;
 col0 | col1 | col2 
------+------+------
    1 |    1 |    1
(1 row)

--PKEY col0 null error 
INSERT INTO test14_2(col1,col2) VALUES(3,3);
ERROR:  transaction::execute_statement() failed. (9)
SELECT * from test14_2;
 col0 | col1 | col2 
------+------+------
    1 |    1 |    1
(1 row)

--PKEY col0 not unique error
INSERT INTO test14_2(col0,col1) VALUES(1,3);
ERROR:  transaction::execute_statement() failed. (9)
SELECT * from test14_2;
 col0 | col1 | col2 
------+------+------
    1 |    1 |    1
(1 row)

--not null constraint col1 error
INSERT INTO test14_2(col0,col2) VALUES(5,5);
ERROR:  transaction::execute_statement() failed. (9)
SELECT * from test14_2;
 col0 | col1 | col2 
------+------+------
    1 |    1 |    1
(1 row)

--ok
INSERT INTO test14_2(col0,col1) VALUES(2,6);
SELECT * from test14_2;
 col0 | col1 | col2 
------+------+------
    1 |    1 |    1
    2 |    6 |     
(2 rows)

--test14_3
SELECT * from test14_3;
 col0 | col1 | col2 
------+------+------
(0 rows)

--ok
INSERT INTO test14_3 VALUES(1, 1, 1);
SELECT * from test14_3;
 col0 | col1 | col2 
------+------+------
    1 |    1 |    1
(1 row)

--PKEY col0 null error 
INSERT INTO test14_3(col1,col2) VALUES(3,3);
ERROR:  transaction::execute_statement() failed. (9)
SELECT * from test14_3;
 col0 | col1 | col2 
------+------+------
    1 |    1 |    1
(1 row)

--PKEY col0 null error 
INSERT INTO test14_3(col1,col2) VALUES(3,3);
ERROR:  transaction::execute_statement() failed. (9)
SELECT * from test14_3;
 col0 | col1 | col2 
------+------+------
    1 |    1 |    1
(1 row)

--PKEY col0 not unique error
INSERT INTO test14_3(col0,col2) VALUES(1,3);
ERROR:  transaction::execute_statement() failed. (9)
SELECT * from test14_3;
 col0 | col1 | col2 
------+------+------
    1 |    1 |    1
(1 row)

--not null constraint col2 error
INSERT INTO test14_3(col0,col1) VALUES(5,5);
ERROR:  transaction::execute_statement() failed. (9)
SELECT * from test14_3;
 col0 | col1 | col2 
------+------+------
    1 |    1 |    1
(1 row)

--ok
INSERT INTO test14_3(col0,col2) VALUES(2,6);
SELECT * from test14_3;
 col0 | col1 | col2 
------+------+------
    1 |    1 |    1
    2 |      |    6
(2 rows)

--test14_4
SELECT * from test14_4;
 col0 | col1 | col2 
------+------+------
(0 rows)

--ok
INSERT INTO test14_4 VALUES(1, 1, 1);
SELECT * from test14_4;
 col0 | col1 | col2 
------+------+------
    1 |    1 |    1
(1 row)

--PKEY col0 null error 
INSERT INTO test14_4(col1,col2) VALUES(3,3);
ERROR:  transaction::execute_statement() failed. (9)
SELECT * from test14_4;
 col0 | col1 | col2 
------+------+------
    1 |    1 |    1
(1 row)

--PKEY col0 null error 
INSERT INTO test14_4(col1,col2) VALUES(3,3);
ERROR:  transaction::execute_statement() failed. (9)
SELECT * from test14_4;
 col0 | col1 | col2 
------+------+------
    1 |    1 |    1
(1 row)

--PKEY col0 not unique error
INSERT INTO test14_4(col0,col1) VALUES(1,3);
ERROR:  transaction::execute_statement() failed. (9)
SELECT * from test14_4;
 col0 | col1 | col2 
------+------+------
    1 |    1 |    1
(1 row)

--not null constraint col0 error
INSERT INTO test14_4(col1,col2) VALUES(5,5);
ERROR:  transaction::execute_statement() failed. (9)
SELECT * from test14_4;
 col0 | col1 | col2 
------+------+------
    1 |    1 |    1
(1 row)

--not null constraint col1 error
INSERT INTO test14_4(col0,col2) VALUES(5,5);
ERROR:  transaction::execute_statement() failed. (9)
SELECT * from test14_4;
 col0 | col1 | col2 
------+------+------
    1 |    1 |    1
(1 row)

--ok
INSERT INTO test14_4(col0,col1) VALUES(2,6);
SELECT * from test14_4;
 col0 | col1 | col2 
------+------+------
    1 |    1 |    1
    2 |    6 |     
(2 rows)

--test14_5
SELECT * from test14_5;
 col0 | col1 | col2 
------+------+------
(0 rows)

--ok
INSERT INTO test14_5 VALUES(1, 1, 1);
SELECT * from test14_5;
 col0 | col1 | col2 
------+------+------
    1 |    1 |    1
(1 row)

--PKEY col0 null error 
INSERT INTO test14_5(col1,col2) VALUES(3,3);
ERROR:  transaction::execute_statement() failed. (9)
SELECT * from test14_5;
 col0 | col1 | col2 
------+------+------
    1 |    1 |    1
(1 row)

--PKEY col0 null error 
INSERT INTO test14_5(col1,col2) VALUES(3,3);
ERROR:  transaction::execute_statement() failed. (9)
SELECT * from test14_5;
 col0 | col1 | col2 
------+------+------
    1 |    1 |    1
(1 row)

--PKEY col0 not unique error
INSERT INTO test14_5(col0,col1,col2) VALUES(1,3,3);
ERROR:  transaction::execute_statement() failed. (9)
SELECT * from test14_5;
 col0 | col1 | col2 
------+------+------
    1 |    1 |    1
(1 row)

--not null constraint col1 error
INSERT INTO test14_5(col0,col2) VALUES(5,5);
ERROR:  transaction::execute_statement() failed. (9)
SELECT * from test14_5;
 col0 | col1 | col2 
------+------+------
    1 |    1 |    1
(1 row)

--not null constraint col2 error
INSERT INTO test14_5(col0,col1) VALUES(5,5);
ERROR:  transaction::execute_statement() failed. (9)
SELECT * from test14_5;
 col0 | col1 | col2 
------+------+------
    1 |    1 |    1
(1 row)

--ok
INSERT INTO test14_5(col0,col1,col2) VALUES(2,6,6);
SELECT * from test14_5;
 col0 | col1 | col2 
------+------+------
    1 |    1 |    1
    2 |    6 |    6
(2 rows)

--test14_6
SELECT * from test14_6;
 col0 | col1 | col2 
------+------+------
(0 rows)

--ok
INSERT INTO test14_6 VALUES(1, 1, 1);
SELECT * from test14_6;
 col0 | col1 | col2 
------+------+------
    1 |    1 |    1
(1 row)

--PKEY col0 null error 
INSERT INTO test14_6(col1,col2) VALUES(3,3);
ERROR:  transaction::execute_statement() failed. (9)
SELECT * from test14_6;
 col0 | col1 | col2 
------+------+------
    1 |    1 |    1
(1 row)

--PKEY col0 null error 
INSERT INTO test14_6(col1,col2) VALUES(3,3);
ERROR:  transaction::execute_statement() failed. (9)
SELECT * from test14_6;
 col0 | col1 | col2 
------+------+------
    1 |    1 |    1
(1 row)

--PKEY col0 not unique error
INSERT INTO test14_6(col0,col2) VALUES(1,3);
ERROR:  transaction::execute_statement() failed. (9)
SELECT * from test14_6;
 col0 | col1 | col2 
------+------+------
    1 |    1 |    1
(1 row)

--not null constraint col0 error
INSERT INTO test14_6(col1,col2) VALUES(5,5);
ERROR:  transaction::execute_statement() failed. (9)
SELECT * from test14_6;
 col0 | col1 | col2 
------+------+------
    1 |    1 |    1
(1 row)

--not null constraint col2 error
INSERT INTO test14_6(col0,col1) VALUES(5,5);
ERROR:  transaction::execute_statement() failed. (9)
SELECT * from test14_6;
 col0 | col1 | col2 
------+------+------
    1 |    1 |    1
(1 row)

--ok
INSERT INTO test14_6(col0,col2) VALUES(2,6);
SELECT * from test14_6;
 col0 | col1 | col2 
------+------+------
    1 |    1 |    1
    2 |      |    6
(2 rows)

--test14_7
SELECT * from test14_7;
 col0 | col1 | col2 
------+------+------
(0 rows)

--ok
INSERT INTO test14_7 VALUES(1, 1, 1);
SELECT * from test14_7;
 col0 | col1 | col2 
------+------+------
    1 |    1 |    1
(1 row)

--PKEY col0 null error 
INSERT INTO test14_7(col1,col2) VALUES(3,3);
ERROR:  transaction::execute_statement() failed. (9)
SELECT * from test14_7;
 col0 | col1 | col2 
------+------+------
    1 |    1 |    1
(1 row)

--PKEY col0 null error 
INSERT INTO test14_7(col1,col2) VALUES(3,3);
ERROR:  transaction::execute_statement() failed. (9)
SELECT * from test14_7;
 col0 | col1 | col2 
------+------+------
    1 |    1 |    1
(1 row)

--PKEY col0 not unique error
INSERT INTO test14_7(col0,col1,col2) VALUES(1,3,3);
ERROR:  transaction::execute_statement() failed. (9)
SELECT * from test14_7;
 col0 | col1 | col2 
------+------+------
    1 |    1 |    1
(1 row)

--not null constraint col0 error
INSERT INTO test14_7(col1,col2) VALUES(5,5);
ERROR:  transaction::execute_statement() failed. (9)
SELECT * from test14_7;
 col0 | col1 | col2 
------+------+------
    1 |    1 |    1
(1 row)

--not null constraint col1 error
INSERT INTO test14_7(col0,col2) VALUES(5,5);
ERROR:  transaction::execute_statement() failed. (9)
SELECT * from test14_7;
 col0 | col1 | col2 
------+------+------
    1 |    1 |    1
(1 row)

--not null constraint col2 error
INSERT INTO test14_7(col0,col1) VALUES(5,5);
ERROR:  transaction::execute_statement() failed. (9)
SELECT * from test14_7;
 col0 | col1 | col2 
------+------+------
    1 |    1 |    1
(1 row)

--ok
INSERT INTO test14_7(col0,col1,col2) VALUES(2,6,6);
SELECT * from test14_7;
 col0 | col1 | col2 
------+------+------
    1 |    1 |    1
    2 |    6 |    6
(2 rows)

--test14_8
SELECT * from test14_8;
 col0 | col1 | col2 
------+------+------
(0 rows)

--ok
INSERT INTO test14_8 VALUES(1, 1, 1);
SELECT * from test14_8;
 col0 | col1 | col2 
------+------+------
    1 |    1 |    1
(1 row)

--PKEY col1 null error 
INSERT INTO test14_8(col0,col2) VALUES(3,3);
ERROR:  transaction::execute_statement() failed. (9)
SELECT * from test14_8;
 col0 | col1 | col2 
------+------+------
    1 |    1 |    1
(1 row)

--PKEY col1 null error 
INSERT INTO test14_8(col0,col2) VALUES(3,3);
ERROR:  transaction::execute_statement() failed. (9)
SELECT * from test14_8;
 col0 | col1 | col2 
------+------+------
    1 |    1 |    1
(1 row)

--PKEY col1 not unique error
INSERT INTO test14_8(col1) VALUES(1);
ERROR:  transaction::execute_statement() failed. (9)
SELECT * from test14_8;
 col0 | col1 | col2 
------+------+------
    1 |    1 |    1
(1 row)

--ok
INSERT INTO test14_8(col1) VALUES(2);
SELECT * from test14_8;
 col0 | col1 | col2 
------+------+------
    1 |    1 |    1
      |    2 |     
(2 rows)

--test14_9
SELECT * from test14_9;
 col0 | col1 | col2 
------+------+------
(0 rows)

--ok
INSERT INTO test14_9 VALUES(1, 1, 1);
SELECT * from test14_9;
 col0 | col1 | col2 
------+------+------
    1 |    1 |    1
(1 row)

--PKEY col1 null error 
INSERT INTO test14_9(col0,col2) VALUES(3,3);
ERROR:  transaction::execute_statement() failed. (9)
SELECT * from test14_9;
 col0 | col1 | col2 
------+------+------
    1 |    1 |    1
(1 row)

--PKEY col1 null error 
INSERT INTO test14_9(col0,col2) VALUES(3,3);
ERROR:  transaction::execute_statement() failed. (9)
SELECT * from test14_9;
 col0 | col1 | col2 
------+------+------
    1 |    1 |    1
(1 row)

--PKEY col1 not unique error
INSERT INTO test14_9(col0,col1) VALUES(3,1);
ERROR:  transaction::execute_statement() failed. (9)
SELECT * from test14_9;
 col0 | col1 | col2 
------+------+------
    1 |    1 |    1
(1 row)

--not null constraint col0 error
INSERT INTO test14_9(col1,col2) VALUES(5,5);
ERROR:  transaction::execute_statement() failed. (9)
SELECT * from test14_9;
 col0 | col1 | col2 
------+------+------
    1 |    1 |    1
(1 row)

--ok
INSERT INTO test14_9(col0,col1) VALUES(6,2);
SELECT * from test14_9;
 col0 | col1 | col2 
------+------+------
    1 |    1 |    1
    6 |    2 |     
(2 rows)

--test14_10
SELECT * from test14_10;
 col0 | col1 | col2 
------+------+------
(0 rows)

--ok
INSERT INTO test14_10 VALUES(1, 1, 1);
SELECT * from test14_10;
 col0 | col1 | col2 
------+------+------
    1 |    1 |    1
(1 row)

--PKEY col1 null error 
INSERT INTO test14_10(col0,col2) VALUES(3,3);
ERROR:  transaction::execute_statement() failed. (9)
SELECT * from test14_10;
 col0 | col1 | col2 
------+------+------
    1 |    1 |    1
(1 row)

--PKEY col1 null error 
INSERT INTO test14_10(col0,col2) VALUES(3,3);
ERROR:  transaction::execute_statement() failed. (9)
SELECT * from test14_10;
 col0 | col1 | col2 
------+------+------
    1 |    1 |    1
(1 row)

--PKEY col1 not unique error
INSERT INTO test14_10(col1) VALUES(1);
ERROR:  transaction::execute_statement() failed. (9)
SELECT * from test14_10;
 col0 | col1 | col2 
------+------+------
    1 |    1 |    1
(1 row)

--not null constraint col1 error
INSERT INTO test14_10(col0,col2) VALUES(5,5);
ERROR:  transaction::execute_statement() failed. (9)
SELECT * from test14_10;
 col0 | col1 | col2 
------+------+------
    1 |    1 |    1
(1 row)

--ok
INSERT INTO test14_10(col1) VALUES(2);
SELECT * from test14_10;
 col0 | col1 | col2 
------+------+------
    1 |    1 |    1
      |    2 |     
(2 rows)

--test14_11
SELECT * from test14_11;
 col0 | col1 | col2 
------+------+------
(0 rows)

--ok
INSERT INTO test14_11 VALUES(1, 1, 1);
SELECT * from test14_11;
 col0 | col1 | col2 
------+------+------
    1 |    1 |    1
(1 row)

--PKEY col1 null error 
INSERT INTO test14_11(col0,col2) VALUES(3,3);
ERROR:  transaction::execute_statement() failed. (9)
SELECT * from test14_11;
 col0 | col1 | col2 
------+------+------
    1 |    1 |    1
(1 row)

--PKEY col1 null error 
INSERT INTO test14_11(col0,col2) VALUES(3,3);
ERROR:  transaction::execute_statement() failed. (9)
SELECT * from test14_11;
 col0 | col1 | col2 
------+------+------
    1 |    1 |    1
(1 row)

--PKEY col1 not unique error
INSERT INTO test14_11(col1,col2) VALUES(1,3);
ERROR:  transaction::execute_statement() failed. (9)
SELECT * from test14_11;
 col0 | col1 | col2 
------+------+------
    1 |    1 |    1
(1 row)

--not null constraint col2 error
INSERT INTO test14_11(col0,col1) VALUES(5,5);
ERROR:  transaction::execute_statement() failed. (9)
SELECT * from test14_11;
 col0 | col1 | col2 
------+------+------
    1 |    1 |    1
(1 row)

--ok
INSERT INTO test14_11(col1,col2) VALUES(2,6);
SELECT * from test14_11;
 col0 | col1 | col2 
------+------+------
    1 |    1 |    1
      |    2 |    6
(2 rows)

--test14_12
SELECT * from test14_12;
 col0 | col1 | col2 
------+------+------
(0 rows)

--ok
INSERT INTO test14_12 VALUES(1, 1, 1);
SELECT * from test14_12;
 col0 | col1 | col2 
------+------+------
    1 |    1 |    1
(1 row)

--PKEY col1 null error 
INSERT INTO test14_12(col0,col2) VALUES(3,3);
ERROR:  transaction::execute_statement() failed. (9)
SELECT * from test14_12;
 col0 | col1 | col2 
------+------+------
    1 |    1 |    1
(1 row)

--PKEY col1 null error 
INSERT INTO test14_12(col0,col2) VALUES(3,3);
ERROR:  transaction::execute_statement() failed. (9)
SELECT * from test14_12;
 col0 | col1 | col2 
------+------+------
    1 |    1 |    1
(1 row)

--PKEY col1 not unique error
INSERT INTO test14_12(col0,col1) VALUES(3,1);
ERROR:  transaction::execute_statement() failed. (9)
SELECT * from test14_12;
 col0 | col1 | col2 
------+------+------
    1 |    1 |    1
(1 row)

--not null constraint col0 error
INSERT INTO test14_12(col1,col2) VALUES(5,5);
ERROR:  transaction::execute_statement() failed. (9)
SELECT * from test14_12;
 col0 | col1 | col2 
------+------+------
    1 |    1 |    1
(1 row)

--not null constraint col1 error
INSERT INTO test14_12(col0,col2) VALUES(5,5);
ERROR:  transaction::execute_statement() failed. (9)
SELECT * from test14_12;
 col0 | col1 | col2 
------+------+------
    1 |    1 |    1
(1 row)

--ok
INSERT INTO test14_12(col0,col1) VALUES(6,2);
SELECT * from test14_12;
 col0 | col1 | col2 
------+------+------
    1 |    1 |    1
    6 |    2 |     
(2 rows)

--test14_13
SELECT * from test14_13;
 col0 | col1 | col2 
------+------+------
(0 rows)

--ok
INSERT INTO test14_13 VALUES(1, 1, 1);
SELECT * from test14_13;
 col0 | col1 | col2 
------+------+------
    1 |    1 |    1
(1 row)

--PKEY col1 null error 
INSERT INTO test14_13(col0,col2) VALUES(3,3);
ERROR:  transaction::execute_statement() failed. (9)
SELECT * from test14_13;
 col0 | col1 | col2 
------+------+------
    1 |    1 |    1
(1 row)

--PKEY col1 null error 
INSERT INTO test14_13(col0,col2) VALUES(3,3);
ERROR:  transaction::execute_statement() failed. (9)
SELECT * from test14_13;
 col0 | col1 | col2 
------+------+------
    1 |    1 |    1
(1 row)

--PKEY col1 not unique error
INSERT INTO test14_13(col1,col2) VALUES(1,3);
ERROR:  transaction::execute_statement() failed. (9)
SELECT * from test14_13;
 col0 | col1 | col2 
------+------+------
    1 |    1 |    1
(1 row)

--not null constraint col1 error
INSERT INTO test14_13(col0,col2) VALUES(5,5);
ERROR:  transaction::execute_statement() failed. (9)
SELECT * from test14_13;
 col0 | col1 | col2 
------+------+------
    1 |    1 |    1
(1 row)

--not null constraint col2 error
INSERT INTO test14_13(col0,col1) VALUES(5,5);
ERROR:  transaction::execute_statement() failed. (9)
SELECT * from test14_13;
 col0 | col1 | col2 
------+------+------
    1 |    1 |    1
(1 row)

--ok
INSERT INTO test14_13(col1,col2) VALUES(2,6);
SELECT * from test14_13;
 col0 | col1 | col2 
------+------+------
    1 |    1 |    1
      |    2 |    6
(2 rows)

--test14_14
SELECT * from test14_14;
 col0 | col1 | col2 
------+------+------
(0 rows)

--ok
INSERT INTO test14_14 VALUES(1, 1, 1);
SELECT * from test14_14;
 col0 | col1 | col2 
------+------+------
    1 |    1 |    1
(1 row)

--PKEY col1 null error 
INSERT INTO test14_14(col0,col2) VALUES(3,3);
ERROR:  transaction::execute_statement() failed. (9)
SELECT * from test14_14;
 col0 | col1 | col2 
------+------+------
    1 |    1 |    1
(1 row)

--PKEY col1 null error 
INSERT INTO test14_14(col0,col2) VALUES(3,3);
ERROR:  transaction::execute_statement() failed. (9)
SELECT * from test14_14;
 col0 | col1 | col2 
------+------+------
    1 |    1 |    1
(1 row)

--PKEY col1 not unique error
INSERT INTO test14_14(col0,col1,col2) VALUES(3,1,3);
ERROR:  transaction::execute_statement() failed. (9)
SELECT * from test14_14;
 col0 | col1 | col2 
------+------+------
    1 |    1 |    1
(1 row)

--not null constraint col0 error
INSERT INTO test14_14(col1,col2) VALUES(5,5);
ERROR:  transaction::execute_statement() failed. (9)
SELECT * from test14_14;
 col0 | col1 | col2 
------+------+------
    1 |    1 |    1
(1 row)

--not null constraint col2 error
INSERT INTO test14_14(col0,col1) VALUES(5,5);
ERROR:  transaction::execute_statement() failed. (9)
SELECT * from test14_14;
 col0 | col1 | col2 
------+------+------
    1 |    1 |    1
(1 row)

--ok
INSERT INTO test14_14(col0,col1,col2) VALUES(6,2,6);
SELECT * from test14_14;
 col0 | col1 | col2 
------+------+------
    1 |    1 |    1
    6 |    2 |    6
(2 rows)

--test14_15
SELECT * from test14_15;
 col0 | col1 | col2 
------+------+------
(0 rows)

--ok
INSERT INTO test14_15 VALUES(1, 1, 1);
SELECT * from test14_15;
 col0 | col1 | col2 
------+------+------
    1 |    1 |    1
(1 row)

--PKEY col1 null error 
INSERT INTO test14_15(col0,col2) VALUES(3,3);
ERROR:  transaction::execute_statement() failed. (9)
SELECT * from test14_15;
 col0 | col1 | col2 
------+------+------
    1 |    1 |    1
(1 row)

--PKEY col1 null error 
INSERT INTO test14_15(col0,col2) VALUES(3,3);
ERROR:  transaction::execute_statement() failed. (9)
SELECT * from test14_15;
 col0 | col1 | col2 
------+------+------
    1 |    1 |    1
(1 row)

--PKEY col1 not unique error
INSERT INTO test14_15(col0,col1,col2) VALUES(3,1,3);
ERROR:  transaction::execute_statement() failed. (9)
SELECT * from test14_15;
 col0 | col1 | col2 
------+------+------
    1 |    1 |    1
(1 row)

--not null constraint col0 error
INSERT INTO test14_15(col1,col2) VALUES(5,5);
ERROR:  transaction::execute_statement() failed. (9)
SELECT * from test14_15;
 col0 | col1 | col2 
------+------+------
    1 |    1 |    1
(1 row)

--not null constraint col1 error
INSERT INTO test14_15(col0,col2) VALUES(5,5);
ERROR:  transaction::execute_statement() failed. (9)
SELECT * from test14_15;
 col0 | col1 | col2 
------+------+------
    1 |    1 |    1
(1 row)

--not null constraint col2 error
INSERT INTO test14_15(col0,col1) VALUES(5,5);
ERROR:  transaction::execute_statement() failed. (9)
SELECT * from test14_15;
 col0 | col1 | col2 
------+------+------
    1 |    1 |    1
(1 row)

--ok
INSERT INTO test14_15(col0,col1,col2) VALUES(6,2,6);
SELECT * from test14_15;
 col0 | col1 | col2 
------+------+------
    1 |    1 |    1
    6 |    2 |    6
(2 rows)

--test14_16
SELECT * from test14_16;
 col0 | col1 | col2 
------+------+------
(0 rows)

--ok
INSERT INTO test14_16 VALUES(1, 1, 1);
SELECT * from test14_16;
 col0 | col1 | col2 
------+------+------
    1 |    1 |    1
(1 row)

--PKEY col2 null error 
INSERT INTO test14_16(col0,col1) VALUES(3,3);
ERROR:  transaction::execute_statement() failed. (9)
SELECT * from test14_16;
 col0 | col1 | col2 
------+------+------
    1 |    1 |    1
(1 row)

--PKEY col2 null error 
INSERT INTO test14_16(col0,col1) VALUES(3,3);
ERROR:  transaction::execute_statement() failed. (9)
SELECT * from test14_16;
 col0 | col1 | col2 
------+------+------
    1 |    1 |    1
(1 row)

--PKEY col2 not unique error
INSERT INTO test14_16(col2) VALUES(1);
ERROR:  transaction::execute_statement() failed. (9)
SELECT * from test14_16;
 col0 | col1 | col2 
------+------+------
    1 |    1 |    1
(1 row)

--ok
INSERT INTO test14_16(col2) VALUES(2);
SELECT * from test14_16;
 col0 | col1 | col2 
------+------+------
    1 |    1 |    1
      |      |    2
(2 rows)

--test14_17
SELECT * from test14_17;
 col0 | col1 | col2 
------+------+------
(0 rows)

--ok
INSERT INTO test14_17 VALUES(1, 1, 1);
SELECT * from test14_17;
 col0 | col1 | col2 
------+------+------
    1 |    1 |    1
(1 row)

--PKEY col2 null error 
INSERT INTO test14_17(col0,col1) VALUES(3,3);
ERROR:  transaction::execute_statement() failed. (9)
SELECT * from test14_17;
 col0 | col1 | col2 
------+------+------
    1 |    1 |    1
(1 row)

--PKEY col2 null error 
INSERT INTO test14_17(col0,col1) VALUES(3,3);
ERROR:  transaction::execute_statement() failed. (9)
SELECT * from test14_17;
 col0 | col1 | col2 
------+------+------
    1 |    1 |    1
(1 row)

--PKEY col2 not unique error
INSERT INTO test14_17(col0,col2) VALUES(3,1);
ERROR:  transaction::execute_statement() failed. (9)
SELECT * from test14_17;
 col0 | col1 | col2 
------+------+------
    1 |    1 |    1
(1 row)

--not null constraint col0 error
INSERT INTO test14_17(col1,col2) VALUES(5,5);
ERROR:  transaction::execute_statement() failed. (9)
SELECT * from test14_17;
 col0 | col1 | col2 
------+------+------
    1 |    1 |    1
(1 row)

--ok
INSERT INTO test14_17(col0,col2) VALUES(6,2);
SELECT * from test14_17;
 col0 | col1 | col2 
------+------+------
    1 |    1 |    1
    6 |      |    2
(2 rows)

--test14_18
SELECT * from test14_18;
 col0 | col1 | col2 
------+------+------
(0 rows)

--ok
INSERT INTO test14_18 VALUES(1, 1, 1);
SELECT * from test14_18;
 col0 | col1 | col2 
------+------+------
    1 |    1 |    1
(1 row)

--PKEY col2 null error 
INSERT INTO test14_18(col0,col1) VALUES(3,3);
ERROR:  transaction::execute_statement() failed. (9)
SELECT * from test14_18;
 col0 | col1 | col2 
------+------+------
    1 |    1 |    1
(1 row)

--PKEY col2 null error 
INSERT INTO test14_18(col0,col1) VALUES(3,3);
ERROR:  transaction::execute_statement() failed. (9)
SELECT * from test14_18;
 col0 | col1 | col2 
------+------+------
    1 |    1 |    1
(1 row)

--PKEY col2 not unique error
INSERT INTO test14_18(col1,col2) VALUES(3,1);
ERROR:  transaction::execute_statement() failed. (9)
SELECT * from test14_18;
 col0 | col1 | col2 
------+------+------
    1 |    1 |    1
(1 row)

--not null constraint col1 error
INSERT INTO test14_18(col0,col2) VALUES(5,5);
ERROR:  transaction::execute_statement() failed. (9)
SELECT * from test14_18;
 col0 | col1 | col2 
------+------+------
    1 |    1 |    1
(1 row)

--ok
INSERT INTO test14_18(col1,col2) VALUES(6,2);
SELECT * from test14_18;
 col0 | col1 | col2 
------+------+------
    1 |    1 |    1
      |    6 |    2
(2 rows)

--test14_19
SELECT * from test14_19;
 col0 | col1 | col2 
------+------+------
(0 rows)

--ok
INSERT INTO test14_19 VALUES(1, 1, 1);
SELECT * from test14_19;
 col0 | col1 | col2 
------+------+------
    1 |    1 |    1
(1 row)

--PKEY col2 null error 
INSERT INTO test14_19(col0,col1) VALUES(3,3);
ERROR:  transaction::execute_statement() failed. (9)
SELECT * from test14_19;
 col0 | col1 | col2 
------+------+------
    1 |    1 |    1
(1 row)

--PKEY col2 null error 
INSERT INTO test14_19(col0,col1) VALUES(3,3);
ERROR:  transaction::execute_statement() failed. (9)
SELECT * from test14_19;
 col0 | col1 | col2 
------+------+------
    1 |    1 |    1
(1 row)

--PKEY col2 not unique error
INSERT INTO test14_19(col2) VALUES(1);
ERROR:  transaction::execute_statement() failed. (9)
SELECT * from test14_19;
 col0 | col1 | col2 
------+------+------
    1 |    1 |    1
(1 row)

--not null constraint col2 error
INSERT INTO test14_19(col0,col1) VALUES(5,5);
ERROR:  transaction::execute_statement() failed. (9)
SELECT * from test14_19;
 col0 | col1 | col2 
------+------+------
    1 |    1 |    1
(1 row)

--ok
INSERT INTO test14_19(col2) VALUES(2);
SELECT * from test14_19;
 col0 | col1 | col2 
------+------+------
    1 |    1 |    1
      |      |    2
(2 rows)

--test14_20
SELECT * from test14_20;
 col0 | col1 | col2 
------+------+------
(0 rows)

--ok
INSERT INTO test14_20 VALUES(1, 1, 1);
SELECT * from test14_20;
 col0 | col1 | col2 
------+------+------
    1 |    1 |    1
(1 row)

--PKEY col2 null error 
INSERT INTO test14_20(col0,col1) VALUES(3,3);
ERROR:  transaction::execute_statement() failed. (9)
SELECT * from test14_20;
 col0 | col1 | col2 
------+------+------
    1 |    1 |    1
(1 row)

--PKEY col2 null error 
INSERT INTO test14_20(col0,col1) VALUES(3,3);
ERROR:  transaction::execute_statement() failed. (9)
SELECT * from test14_20;
 col0 | col1 | col2 
------+------+------
    1 |    1 |    1
(1 row)

--PKEY col2 not unique error
INSERT INTO test14_20(col0,col1,col2) VALUES(3,3,1);
ERROR:  transaction::execute_statement() failed. (9)
SELECT * from test14_20;
 col0 | col1 | col2 
------+------+------
    1 |    1 |    1
(1 row)

--not null constraint col0 error
INSERT INTO test14_20(col1,col2) VALUES(5,5);
ERROR:  transaction::execute_statement() failed. (9)
SELECT * from test14_20;
 col0 | col1 | col2 
------+------+------
    1 |    1 |    1
(1 row)

--not null constraint col1 error
INSERT INTO test14_20(col0,col2) VALUES(5,5);
ERROR:  transaction::execute_statement() failed. (9)
SELECT * from test14_20;
 col0 | col1 | col2 
------+------+------
    1 |    1 |    1
(1 row)

--ok
INSERT INTO test14_20(col0,col1,col2) VALUES(6,6,2);
SELECT * from test14_20;
 col0 | col1 | col2 
------+------+------
    1 |    1 |    1
    6 |    6 |    2
(2 rows)

--test14_21
SELECT * from test14_21;
 col0 | col1 | col2 
------+------+------
(0 rows)

--ok
INSERT INTO test14_21 VALUES(1, 1, 1);
SELECT * from test14_21;
 col0 | col1 | col2 
------+------+------
    1 |    1 |    1
(1 row)

--PKEY col2 null error 
INSERT INTO test14_21(col0,col1) VALUES(3,3);
ERROR:  transaction::execute_statement() failed. (9)
SELECT * from test14_21;
 col0 | col1 | col2 
------+------+------
    1 |    1 |    1
(1 row)

--PKEY col2 null error 
INSERT INTO test14_21(col0,col1) VALUES(3,3);
ERROR:  transaction::execute_statement() failed. (9)
SELECT * from test14_21;
 col0 | col1 | col2 
------+------+------
    1 |    1 |    1
(1 row)

--PKEY col2 not unique error
INSERT INTO test14_21(col1,col2) VALUES(3,1);
ERROR:  transaction::execute_statement() failed. (9)
SELECT * from test14_21;
 col0 | col1 | col2 
------+------+------
    1 |    1 |    1
(1 row)

--not null constraint col1 error
INSERT INTO test14_21(col0,col2) VALUES(5,5);
ERROR:  transaction::execute_statement() failed. (9)
SELECT * from test14_21;
 col0 | col1 | col2 
------+------+------
    1 |    1 |    1
(1 row)

--not null constraint col2 error
INSERT INTO test14_21(col0,col1) VALUES(5,5);
ERROR:  transaction::execute_statement() failed. (9)
SELECT * from test14_21;
 col0 | col1 | col2 
------+------+------
    1 |    1 |    1
(1 row)

--ok
INSERT INTO test14_21(col1,col2) VALUES(6,2);
SELECT * from test14_21;
 col0 | col1 | col2 
------+------+------
    1 |    1 |    1
      |    6 |    2
(2 rows)

--test14_22
SELECT * from test14_22;
 col0 | col1 | col2 
------+------+------
(0 rows)

--ok
INSERT INTO test14_22 VALUES(1, 1, 1);
SELECT * from test14_22;
 col0 | col1 | col2 
------+------+------
    1 |    1 |    1
(1 row)

--PKEY col2 null error 
INSERT INTO test14_22(col0,col1) VALUES(3,3);
ERROR:  transaction::execute_statement() failed. (9)
SELECT * from test14_22;
 col0 | col1 | col2 
------+------+------
    1 |    1 |    1
(1 row)

--PKEY col2 null error 
INSERT INTO test14_22(col0,col1) VALUES(3,3);
ERROR:  transaction::execute_statement() failed. (9)
SELECT * from test14_22;
 col0 | col1 | col2 
------+------+------
    1 |    1 |    1
(1 row)

--PKEY col2 not unique error
INSERT INTO test14_22(col0,col2) VALUES(3,1);
ERROR:  transaction::execute_statement() failed. (9)
SELECT * from test14_22;
 col0 | col1 | col2 
------+------+------
    1 |    1 |    1
(1 row)

--not null constraint col0 error
INSERT INTO test14_22(col1,col2) VALUES(5,5);
ERROR:  transaction::execute_statement() failed. (9)
SELECT * from test14_22;
 col0 | col1 | col2 
------+------+------
    1 |    1 |    1
(1 row)

--not null constraint col2 error
INSERT INTO test14_22(col0,col1) VALUES(5,5);
ERROR:  transaction::execute_statement() failed. (9)
SELECT * from test14_22;
 col0 | col1 | col2 
------+------+------
    1 |    1 |    1
(1 row)

--ok
INSERT INTO test14_22(col0,col2) VALUES(6,2);
SELECT * from test14_22;
 col0 | col1 | col2 
------+------+------
    1 |    1 |    1
    6 |      |    2
(2 rows)

--test14_23
SELECT * from test14_23;
 col0 | col1 | col2 
------+------+------
(0 rows)

--ok
INSERT INTO test14_23 VALUES(1, 1, 1);
SELECT * from test14_23;
 col0 | col1 | col2 
------+------+------
    1 |    1 |    1
(1 row)

--PKEY col2 null error 
INSERT INTO test14_23(col0,col1) VALUES(3,3);
ERROR:  transaction::execute_statement() failed. (9)
SELECT * from test14_23;
 col0 | col1 | col2 
------+------+------
    1 |    1 |    1
(1 row)

--PKEY col2 null error 
INSERT INTO test14_23(col0,col1) VALUES(3,3);
ERROR:  transaction::execute_statement() failed. (9)
SELECT * from test14_23;
 col0 | col1 | col2 
------+------+------
    1 |    1 |    1
(1 row)

--PKEY col2 not unique error
INSERT INTO test14_23(col0,col1,col2) VALUES(3,3,1);
ERROR:  transaction::execute_statement() failed. (9)
SELECT * from test14_23;
 col0 | col1 | col2 
------+------+------
    1 |    1 |    1
(1 row)

--not null constraint col0 error
INSERT INTO test14_23(col1,col2) VALUES(5,5);
ERROR:  transaction::execute_statement() failed. (9)
SELECT * from test14_23;
 col0 | col1 | col2 
------+------+------
    1 |    1 |    1
(1 row)

--not null constraint col1 error
INSERT INTO test14_23(col0,col2) VALUES(5,5);
ERROR:  transaction::execute_statement() failed. (9)
SELECT * from test14_23;
 col0 | col1 | col2 
------+------+------
    1 |    1 |    1
(1 row)

--not null constraint col2 error
INSERT INTO test14_23(col0,col1) VALUES(5,5);
ERROR:  transaction::execute_statement() failed. (9)
SELECT * from test14_23;
 col0 | col1 | col2 
------+------+------
    1 |    1 |    1
(1 row)

--ok
INSERT INTO test14_23(col0,col1,col2) VALUES(6,6,2);
SELECT * from test14_23;
 col0 | col1 | col2 
------+------+------
    1 |    1 |    1
    6 |    6 |    2
(2 rows)

--test14_24
SELECT * from test14_24;
 col0 | col1 | col2 
------+------+------
(0 rows)

--ok
INSERT INTO test14_24 VALUES(1, 1, 1);
SELECT * from test14_24;
 col0 | col1 | col2 
------+------+------
    1 |    1 |    1
(1 row)

--PKEY col0 col1 null error 
INSERT INTO test14_24(col2) VALUES(3);
ERROR:  transaction::execute_statement() failed. (9)
SELECT * from test14_24;
 col0 | col1 | col2 
------+------+------
    1 |    1 |    1
(1 row)

--PKEY col0 null error 
INSERT INTO test14_24(col1,col2) VALUES(3,3);
ERROR:  transaction::execute_statement() failed. (9)
SELECT * from test14_24;
 col0 | col1 | col2 
------+------+------
    1 |    1 |    1
(1 row)

--PKEY col1 null error 
INSERT INTO test14_24(col0,col2) VALUES(3,3);
ERROR:  transaction::execute_statement() failed. (9)
SELECT * from test14_24;
 col0 | col1 | col2 
------+------+------
    1 |    1 |    1
(1 row)

--PKEY col0 col1 not unique error
INSERT INTO test14_24(col0,col1) VALUES(1,1);
ERROR:  transaction::execute_statement() failed. (9)
SELECT * from test14_24;
 col0 | col1 | col2 
------+------+------
    1 |    1 |    1
(1 row)

--ok
INSERT INTO test14_24(col0,col1) VALUES(2,2);
SELECT * from test14_24;
 col0 | col1 | col2 
------+------+------
    1 |    1 |    1
    2 |    2 |     
(2 rows)

--test14_25
SELECT * from test14_25;
 col0 | col1 | col2 
------+------+------
(0 rows)

--ok
INSERT INTO test14_25 VALUES(1, 1, 1);
SELECT * from test14_25;
 col0 | col1 | col2 
------+------+------
    1 |    1 |    1
(1 row)

--PKEY col0 col1 null error 
INSERT INTO test14_25(col2) VALUES(3);
ERROR:  transaction::execute_statement() failed. (9)
SELECT * from test14_25;
 col0 | col1 | col2 
------+------+------
    1 |    1 |    1
(1 row)

--PKEY col0 null error 
INSERT INTO test14_25(col1,col2) VALUES(3,3);
ERROR:  transaction::execute_statement() failed. (9)
SELECT * from test14_25;
 col0 | col1 | col2 
------+------+------
    1 |    1 |    1
(1 row)

--PKEY col1 null error 
INSERT INTO test14_25(col0,col2) VALUES(3,3);
ERROR:  transaction::execute_statement() failed. (9)
SELECT * from test14_25;
 col0 | col1 | col2 
------+------+------
    1 |    1 |    1
(1 row)

--PKEY col0 col1 not unique error
INSERT INTO test14_25(col0,col1) VALUES(1,1);
ERROR:  transaction::execute_statement() failed. (9)
SELECT * from test14_25;
 col0 | col1 | col2 
------+------+------
    1 |    1 |    1
(1 row)

--not null constraint col0 error
INSERT INTO test14_25(col1,col2) VALUES(5,5);
ERROR:  transaction::execute_statement() failed. (9)
SELECT * from test14_25;
 col0 | col1 | col2 
------+------+------
    1 |    1 |    1
(1 row)

--ok
INSERT INTO test14_25(col0,col1) VALUES(2,2);
SELECT * from test14_25;
 col0 | col1 | col2 
------+------+------
    1 |    1 |    1
    2 |    2 |     
(2 rows)

--test14_26
SELECT * from test14_26;
 col0 | col1 | col2 
------+------+------
(0 rows)

--ok
INSERT INTO test14_26 VALUES(1, 1, 1);
SELECT * from test14_26;
 col0 | col1 | col2 
------+------+------
    1 |    1 |    1
(1 row)

--PKEY col0 col1 null error 
INSERT INTO test14_26(col2) VALUES(3);
ERROR:  transaction::execute_statement() failed. (9)
SELECT * from test14_26;
 col0 | col1 | col2 
------+------+------
    1 |    1 |    1
(1 row)

--PKEY col0 null error 
INSERT INTO test14_26(col1,col2) VALUES(3,3);
ERROR:  transaction::execute_statement() failed. (9)
SELECT * from test14_26;
 col0 | col1 | col2 
------+------+------
    1 |    1 |    1
(1 row)

--PKEY col1 null error 
INSERT INTO test14_26(col0,col2) VALUES(3,3);
ERROR:  transaction::execute_statement() failed. (9)
SELECT * from test14_26;
 col0 | col1 | col2 
------+------+------
    1 |    1 |    1
(1 row)

--PKEY col0 col1 not unique error
INSERT INTO test14_26(col0,col1) VALUES(1,1);
ERROR:  transaction::execute_statement() failed. (9)
SELECT * from test14_26;
 col0 | col1 | col2 
------+------+------
    1 |    1 |    1
(1 row)

--not null constraint col1 error
INSERT INTO test14_26(col0,col2) VALUES(5,5);
ERROR:  transaction::execute_statement() failed. (9)
SELECT * from test14_26;
 col0 | col1 | col2 
------+------+------
    1 |    1 |    1
(1 row)

--ok
INSERT INTO test14_26(col0,col1) VALUES(2,2);
SELECT * from test14_26;
 col0 | col1 | col2 
------+------+------
    1 |    1 |    1
    2 |    2 |     
(2 rows)

--test14_27
SELECT * from test14_27;
 col0 | col1 | col2 
------+------+------
(0 rows)

--ok
INSERT INTO test14_27 VALUES(1, 1, 1);
SELECT * from test14_27;
 col0 | col1 | col2 
------+------+------
    1 |    1 |    1
(1 row)

--PKEY col0 col1 null error 
INSERT INTO test14_27(col2) VALUES(3);
ERROR:  transaction::execute_statement() failed. (9)
SELECT * from test14_27;
 col0 | col1 | col2 
------+------+------
    1 |    1 |    1
(1 row)

--PKEY col0 null error 
INSERT INTO test14_27(col1,col2) VALUES(3,3);
ERROR:  transaction::execute_statement() failed. (9)
SELECT * from test14_27;
 col0 | col1 | col2 
------+------+------
    1 |    1 |    1
(1 row)

--PKEY col1 null error 
INSERT INTO test14_27(col0,col2) VALUES(3,3);
ERROR:  transaction::execute_statement() failed. (9)
SELECT * from test14_27;
 col0 | col1 | col2 
------+------+------
    1 |    1 |    1
(1 row)

--PKEY col0 col1 not unique error
INSERT INTO test14_27(col0,col1,col2) VALUES(1,1,3);
ERROR:  transaction::execute_statement() failed. (9)
SELECT * from test14_27;
 col0 | col1 | col2 
------+------+------
    1 |    1 |    1
(1 row)

--not null constraint col2 error
INSERT INTO test14_27(col0,col1) VALUES(5,5);
ERROR:  transaction::execute_statement() failed. (9)
SELECT * from test14_27;
 col0 | col1 | col2 
------+------+------
    1 |    1 |    1
(1 row)

--ok
INSERT INTO test14_27(col0,col1,col2) VALUES(2,2,6);
SELECT * from test14_27;
 col0 | col1 | col2 
------+------+------
    1 |    1 |    1
    2 |    2 |    6
(2 rows)

--test14_28
SELECT * from test14_28;
 col0 | col1 | col2 
------+------+------
(0 rows)

--ok
INSERT INTO test14_28 VALUES(1, 1, 1);
SELECT * from test14_28;
 col0 | col1 | col2 
------+------+------
    1 |    1 |    1
(1 row)

--PKEY col0 col1 null error 
INSERT INTO test14_28(col2) VALUES(3);
ERROR:  transaction::execute_statement() failed. (9)
SELECT * from test14_28;
 col0 | col1 | col2 
------+------+------
    1 |    1 |    1
(1 row)

--PKEY col0 null error 
INSERT INTO test14_28(col1,col2) VALUES(3,3);
ERROR:  transaction::execute_statement() failed. (9)
SELECT * from test14_28;
 col0 | col1 | col2 
------+------+------
    1 |    1 |    1
(1 row)

--PKEY col1 null error 
INSERT INTO test14_28(col0,col2) VALUES(3,3);
ERROR:  transaction::execute_statement() failed. (9)
SELECT * from test14_28;
 col0 | col1 | col2 
------+------+------
    1 |    1 |    1
(1 row)

--PKEY col0 col1 not unique error
INSERT INTO test14_28(col0,col1) VALUES(1,1);
ERROR:  transaction::execute_statement() failed. (9)
SELECT * from test14_28;
 col0 | col1 | col2 
------+------+------
    1 |    1 |    1
(1 row)

--not null constraint col0 error
INSERT INTO test14_28(col1,col2) VALUES(5,5);
ERROR:  transaction::execute_statement() failed. (9)
SELECT * from test14_28;
 col0 | col1 | col2 
------+------+------
    1 |    1 |    1
(1 row)

--not null constraint col1 error
INSERT INTO test14_28(col0,col2) VALUES(5,5);
ERROR:  transaction::execute_statement() failed. (9)
SELECT * from test14_28;
 col0 | col1 | col2 
------+------+------
    1 |    1 |    1
(1 row)

--ok
INSERT INTO test14_28(col0,col1) VALUES(2,2);
SELECT * from test14_28;
 col0 | col1 | col2 
------+------+------
    1 |    1 |    1
    2 |    2 |     
(2 rows)

--test14_29
SELECT * from test14_29;
 col0 | col1 | col2 
------+------+------
(0 rows)

--ok
INSERT INTO test14_29 VALUES(1, 1, 1);
SELECT * from test14_29;
 col0 | col1 | col2 
------+------+------
    1 |    1 |    1
(1 row)

--PKEY col0 col1 null error 
INSERT INTO test14_29(col2) VALUES(3);
ERROR:  transaction::execute_statement() failed. (9)
SELECT * from test14_29;
 col0 | col1 | col2 
------+------+------
    1 |    1 |    1
(1 row)

--PKEY col0 null error 
INSERT INTO test14_29(col1,col2) VALUES(3,3);
ERROR:  transaction::execute_statement() failed. (9)
SELECT * from test14_29;
 col0 | col1 | col2 
------+------+------
    1 |    1 |    1
(1 row)

--PKEY col1 null error 
INSERT INTO test14_29(col0,col2) VALUES(3,3);
ERROR:  transaction::execute_statement() failed. (9)
SELECT * from test14_29;
 col0 | col1 | col2 
------+------+------
    1 |    1 |    1
(1 row)

--PKEY col0 col1 not unique error
INSERT INTO test14_29(col0,col1,col2) VALUES(1,1,3);
ERROR:  transaction::execute_statement() failed. (9)
SELECT * from test14_29;
 col0 | col1 | col2 
------+------+------
    1 |    1 |    1
(1 row)

--not null constraint col1 error
INSERT INTO test14_29(col0,col2) VALUES(5,5);
ERROR:  transaction::execute_statement() failed. (9)
SELECT * from test14_29;
 col0 | col1 | col2 
------+------+------
    1 |    1 |    1
(1 row)

--not null constraint col2 error
INSERT INTO test14_29(col0,col1) VALUES(5,5);
ERROR:  transaction::execute_statement() failed. (9)
SELECT * from test14_29;
 col0 | col1 | col2 
------+------+------
    1 |    1 |    1
(1 row)

--ok
INSERT INTO test14_29(col0,col1,col2) VALUES(2,2,6);
SELECT * from test14_29;
 col0 | col1 | col2 
------+------+------
    1 |    1 |    1
    2 |    2 |    6
(2 rows)

--test14_30
SELECT * from test14_30;
 col0 | col1 | col2 
------+------+------
(0 rows)

--ok
INSERT INTO test14_30 VALUES(1, 1, 1);
SELECT * from test14_30;
 col0 | col1 | col2 
------+------+------
    1 |    1 |    1
(1 row)

--PKEY col0 col1 null error 
INSERT INTO test14_30(col2) VALUES(3);
ERROR:  transaction::execute_statement() failed. (9)
SELECT * from test14_30;
 col0 | col1 | col2 
------+------+------
    1 |    1 |    1
(1 row)

--PKEY col0 null error 
INSERT INTO test14_30(col1,col2) VALUES(3,3);
ERROR:  transaction::execute_statement() failed. (9)
SELECT * from test14_30;
 col0 | col1 | col2 
------+------+------
    1 |    1 |    1
(1 row)

--PKEY col1 null error 
INSERT INTO test14_30(col0,col2) VALUES(3,3);
ERROR:  transaction::execute_statement() failed. (9)
SELECT * from test14_30;
 col0 | col1 | col2 
------+------+------
    1 |    1 |    1
(1 row)

--PKEY col0 col1 not unique error
INSERT INTO test14_30(col0,col1,col2) VALUES(1,1,3);
ERROR:  transaction::execute_statement() failed. (9)
SELECT * from test14_30;
 col0 | col1 | col2 
------+------+------
    1 |    1 |    1
(1 row)

--not null constraint col0 error
INSERT INTO test14_30(col1,col2) VALUES(5,5);
ERROR:  transaction::execute_statement() failed. (9)
SELECT * from test14_30;
 col0 | col1 | col2 
------+------+------
    1 |    1 |    1
(1 row)

--not null constraint col2 error
INSERT INTO test14_30(col0,col1) VALUES(5,5);
ERROR:  transaction::execute_statement() failed. (9)
SELECT * from test14_30;
 col0 | col1 | col2 
------+------+------
    1 |    1 |    1
(1 row)

--ok
INSERT INTO test14_30(col0,col1,col2) VALUES(2,2,6);
SELECT * from test14_30;
 col0 | col1 | col2 
------+------+------
    1 |    1 |    1
    2 |    2 |    6
(2 rows)

--test14_31
SELECT * from test14_31;
 col0 | col1 | col2 
------+------+------
(0 rows)

--ok
INSERT INTO test14_31 VALUES(1, 1, 1);
SELECT * from test14_31;
 col0 | col1 | col2 
------+------+------
    1 |    1 |    1
(1 row)

--PKEY col0 col1 null error 
INSERT INTO test14_31(col2) VALUES(3);
ERROR:  transaction::execute_statement() failed. (9)
SELECT * from test14_31;
 col0 | col1 | col2 
------+------+------
    1 |    1 |    1
(1 row)

--PKEY col0 null error 
INSERT INTO test14_31(col1,col2) VALUES(3,3);
ERROR:  transaction::execute_statement() failed. (9)
SELECT * from test14_31;
 col0 | col1 | col2 
------+------+------
    1 |    1 |    1
(1 row)

--PKEY col1 null error 
INSERT INTO test14_31(col0,col2) VALUES(3,3);
ERROR:  transaction::execute_statement() failed. (9)
SELECT * from test14_31;
 col0 | col1 | col2 
------+------+------
    1 |    1 |    1
(1 row)

--PKEY col0 col1 not unique error
INSERT INTO test14_31(col0,col1,col2) VALUES(1,1,3);
ERROR:  transaction::execute_statement() failed. (9)
SELECT * from test14_31;
 col0 | col1 | col2 
------+------+------
    1 |    1 |    1
(1 row)

--not null constraint col0 error
INSERT INTO test14_31(col1,col2) VALUES(5,5);
ERROR:  transaction::execute_statement() failed. (9)
SELECT * from test14_31;
 col0 | col1 | col2 
------+------+------
    1 |    1 |    1
(1 row)

--not null constraint col1 error
INSERT INTO test14_31(col0,col2) VALUES(5,5);
ERROR:  transaction::execute_statement() failed. (9)
SELECT * from test14_31;
 col0 | col1 | col2 
------+------+------
    1 |    1 |    1
(1 row)

--not null constraint col2 error
INSERT INTO test14_31(col0,col1) VALUES(5,5);
ERROR:  transaction::execute_statement() failed. (9)
SELECT * from test14_31;
 col0 | col1 | col2 
------+------+------
    1 |    1 |    1
(1 row)

--ok
INSERT INTO test14_31(col0,col1,col2) VALUES(2,2,6);
SELECT * from test14_31;
 col0 | col1 | col2 
------+------+------
    1 |    1 |    1
    2 |    2 |    6
(2 rows)

--test14_32
SELECT * from test14_32;
 col0 | col1 | col2 
------+------+------
(0 rows)

--ok
INSERT INTO test14_32 VALUES(1, 1, 1);
SELECT * from test14_32;
 col0 | col1 | col2 
------+------+------
    1 |    1 |    1
(1 row)

--PKEY col1 col2 null error 
INSERT INTO test14_32(col0) VALUES(3);
ERROR:  transaction::execute_statement() failed. (9)
SELECT * from test14_32;
 col0 | col1 | col2 
------+------+------
    1 |    1 |    1
(1 row)

--PKEY col1 null error 
INSERT INTO test14_32(col0,col2) VALUES(3,3);
ERROR:  transaction::execute_statement() failed. (9)
SELECT * from test14_32;
 col0 | col1 | col2 
------+------+------
    1 |    1 |    1
(1 row)

--PKEY col2 null error 
INSERT INTO test14_32(col0,col1) VALUES(3,3);
ERROR:  transaction::execute_statement() failed. (9)
SELECT * from test14_32;
 col0 | col1 | col2 
------+------+------
    1 |    1 |    1
(1 row)

--PKEY col1 col2 not unique error
INSERT INTO test14_32(col1,col2) VALUES(1,1);
ERROR:  transaction::execute_statement() failed. (9)
SELECT * from test14_32;
 col0 | col1 | col2 
------+------+------
    1 |    1 |    1
(1 row)

--ok
INSERT INTO test14_32(col1,col2) VALUES(2,2);
SELECT * from test14_32;
 col0 | col1 | col2 
------+------+------
    1 |    1 |    1
      |    2 |    2
(2 rows)

--test14_33
SELECT * from test14_33;
 col0 | col1 | col2 
------+------+------
(0 rows)

--ok
INSERT INTO test14_33 VALUES(1, 1, 1);
SELECT * from test14_33;
 col0 | col1 | col2 
------+------+------
    1 |    1 |    1
(1 row)

--PKEY col1 col2 null error 
INSERT INTO test14_33(col0) VALUES(3);
ERROR:  transaction::execute_statement() failed. (9)
SELECT * from test14_33;
 col0 | col1 | col2 
------+------+------
    1 |    1 |    1
(1 row)

--PKEY col1 null error 
INSERT INTO test14_33(col0,col2) VALUES(3,3);
ERROR:  transaction::execute_statement() failed. (9)
SELECT * from test14_33;
 col0 | col1 | col2 
------+------+------
    1 |    1 |    1
(1 row)

--PKEY col2 null error 
INSERT INTO test14_33(col0,col1) VALUES(3,3);
ERROR:  transaction::execute_statement() failed. (9)
SELECT * from test14_33;
 col0 | col1 | col2 
------+------+------
    1 |    1 |    1
(1 row)

--PKEY col1 col2 not unique error
INSERT INTO test14_33(col0,col1,col2) VALUES(3,1,1);
ERROR:  transaction::execute_statement() failed. (9)
SELECT * from test14_33;
 col0 | col1 | col2 
------+------+------
    1 |    1 |    1
(1 row)

--not null constraint col0 error
INSERT INTO test14_33(col1,col2) VALUES(5,5);
ERROR:  transaction::execute_statement() failed. (9)
SELECT * from test14_33;
 col0 | col1 | col2 
------+------+------
    1 |    1 |    1
(1 row)

--ok
INSERT INTO test14_33(col0,col1,col2) VALUES(6,2,2);
SELECT * from test14_33;
 col0 | col1 | col2 
------+------+------
    1 |    1 |    1
    6 |    2 |    2
(2 rows)

--test14_34
SELECT * from test14_34;
 col0 | col1 | col2 
------+------+------
(0 rows)

--ok
INSERT INTO test14_34 VALUES(1, 1, 1);
SELECT * from test14_34;
 col0 | col1 | col2 
------+------+------
    1 |    1 |    1
(1 row)

--PKEY col1 col2 null error 
INSERT INTO test14_34(col0) VALUES(3);
ERROR:  transaction::execute_statement() failed. (9)
SELECT * from test14_34;
 col0 | col1 | col2 
------+------+------
    1 |    1 |    1
(1 row)

--PKEY col1 null error 
INSERT INTO test14_34(col0,col2) VALUES(3,3);
ERROR:  transaction::execute_statement() failed. (9)
SELECT * from test14_34;
 col0 | col1 | col2 
------+------+------
    1 |    1 |    1
(1 row)

--PKEY col2 null error 
INSERT INTO test14_34(col0,col1) VALUES(3,3);
ERROR:  transaction::execute_statement() failed. (9)
SELECT * from test14_34;
 col0 | col1 | col2 
------+------+------
    1 |    1 |    1
(1 row)

--PKEY col1 col2 not unique error
INSERT INTO test14_34(col1,col2) VALUES(1,1);
ERROR:  transaction::execute_statement() failed. (9)
SELECT * from test14_34;
 col0 | col1 | col2 
------+------+------
    1 |    1 |    1
(1 row)

--not null constraint col1 error
INSERT INTO test14_34(col0,col2) VALUES(5,5);
ERROR:  transaction::execute_statement() failed. (9)
SELECT * from test14_34;
 col0 | col1 | col2 
------+------+------
    1 |    1 |    1
(1 row)

--ok
INSERT INTO test14_34(col1,col2) VALUES(2,2);
SELECT * from test14_34;
 col0 | col1 | col2 
------+------+------
    1 |    1 |    1
      |    2 |    2
(2 rows)

--test14_35
SELECT * from test14_35;
 col0 | col1 | col2 
------+------+------
(0 rows)

--ok
INSERT INTO test14_35 VALUES(1, 1, 1);
SELECT * from test14_35;
 col0 | col1 | col2 
------+------+------
    1 |    1 |    1
(1 row)

--PKEY col1 col2 null error 
INSERT INTO test14_35(col0) VALUES(3);
ERROR:  transaction::execute_statement() failed. (9)
SELECT * from test14_35;
 col0 | col1 | col2 
------+------+------
    1 |    1 |    1
(1 row)

--PKEY col1 null error 
INSERT INTO test14_35(col0,col2) VALUES(3,3);
ERROR:  transaction::execute_statement() failed. (9)
SELECT * from test14_35;
 col0 | col1 | col2 
------+------+------
    1 |    1 |    1
(1 row)

--PKEY col2 null error 
INSERT INTO test14_35(col0,col1) VALUES(3,3);
ERROR:  transaction::execute_statement() failed. (9)
SELECT * from test14_35;
 col0 | col1 | col2 
------+------+------
    1 |    1 |    1
(1 row)

--PKEY col1 col2 not unique error
INSERT INTO test14_35(col1,col2) VALUES(1,1);
ERROR:  transaction::execute_statement() failed. (9)
SELECT * from test14_35;
 col0 | col1 | col2 
------+------+------
    1 |    1 |    1
(1 row)

--not null constraint col2 error
INSERT INTO test14_35(col0,col1) VALUES(5,5);
ERROR:  transaction::execute_statement() failed. (9)
SELECT * from test14_35;
 col0 | col1 | col2 
------+------+------
    1 |    1 |    1
(1 row)

--ok
INSERT INTO test14_35(col1,col2) VALUES(2,2);
SELECT * from test14_35;
 col0 | col1 | col2 
------+------+------
    1 |    1 |    1
      |    2 |    2
(2 rows)

--test14_36
SELECT * from test14_36;
 col0 | col1 | col2 
------+------+------
(0 rows)

--ok
INSERT INTO test14_36 VALUES(1, 1, 1);
SELECT * from test14_36;
 col0 | col1 | col2 
------+------+------
    1 |    1 |    1
(1 row)

--PKEY col1 col2 null error 
INSERT INTO test14_36(col0) VALUES(3);
ERROR:  transaction::execute_statement() failed. (9)
SELECT * from test14_36;
 col0 | col1 | col2 
------+------+------
    1 |    1 |    1
(1 row)

--PKEY col1 null error 
INSERT INTO test14_36(col0,col2) VALUES(3,3);
ERROR:  transaction::execute_statement() failed. (9)
SELECT * from test14_36;
 col0 | col1 | col2 
------+------+------
    1 |    1 |    1
(1 row)

--PKEY col2 null error 
INSERT INTO test14_36(col0,col1) VALUES(3,3);
ERROR:  transaction::execute_statement() failed. (9)
SELECT * from test14_36;
 col0 | col1 | col2 
------+------+------
    1 |    1 |    1
(1 row)

--PKEY col1 col2 not unique error
INSERT INTO test14_36(col0,col1,col2) VALUES(3,1,1);
ERROR:  transaction::execute_statement() failed. (9)
SELECT * from test14_36;
 col0 | col1 | col2 
------+------+------
    1 |    1 |    1
(1 row)

--not null constraint col0 error
INSERT INTO test14_36(col1,col2) VALUES(5,5);
ERROR:  transaction::execute_statement() failed. (9)
SELECT * from test14_36;
 col0 | col1 | col2 
------+------+------
    1 |    1 |    1
(1 row)

--not null constraint col1 error
INSERT INTO test14_36(col0,col2) VALUES(5,5);
ERROR:  transaction::execute_statement() failed. (9)
SELECT * from test14_36;
 col0 | col1 | col2 
------+------+------
    1 |    1 |    1
(1 row)

--ok
INSERT INTO test14_36(col0,col1,col2) VALUES(6,2,2);
SELECT * from test14_36;
 col0 | col1 | col2 
------+------+------
    1 |    1 |    1
    6 |    2 |    2
(2 rows)

--test14_37
SELECT * from test14_37;
 col0 | col1 | col2 
------+------+------
(0 rows)

--ok
INSERT INTO test14_37 VALUES(1, 1, 1);
SELECT * from test14_37;
 col0 | col1 | col2 
------+------+------
    1 |    1 |    1
(1 row)

--PKEY col1 col2 null error 
INSERT INTO test14_37(col0) VALUES(3);
ERROR:  transaction::execute_statement() failed. (9)
SELECT * from test14_37;
 col0 | col1 | col2 
------+------+------
    1 |    1 |    1
(1 row)

--PKEY col1 null error 
INSERT INTO test14_37(col0,col2) VALUES(3,3);
ERROR:  transaction::execute_statement() failed. (9)
SELECT * from test14_37;
 col0 | col1 | col2 
------+------+------
    1 |    1 |    1
(1 row)

--PKEY col2 null error 
INSERT INTO test14_37(col0,col1) VALUES(3,3);
ERROR:  transaction::execute_statement() failed. (9)
SELECT * from test14_37;
 col0 | col1 | col2 
------+------+------
    1 |    1 |    1
(1 row)

--PKEY col1 col2 not unique error
INSERT INTO test14_37(col1,col2) VALUES(1,1);
ERROR:  transaction::execute_statement() failed. (9)
SELECT * from test14_37;
 col0 | col1 | col2 
------+------+------
    1 |    1 |    1
(1 row)

--not null constraint col1 error
INSERT INTO test14_37(col0,col2) VALUES(5,5);
ERROR:  transaction::execute_statement() failed. (9)
SELECT * from test14_37;
 col0 | col1 | col2 
------+------+------
    1 |    1 |    1
(1 row)

--not null constraint col2 error
INSERT INTO test14_37(col0,col1) VALUES(5,5);
ERROR:  transaction::execute_statement() failed. (9)
SELECT * from test14_37;
 col0 | col1 | col2 
------+------+------
    1 |    1 |    1
(1 row)

--ok
INSERT INTO test14_37(col1,col2) VALUES(2,2);
SELECT * from test14_37;
 col0 | col1 | col2 
------+------+------
    1 |    1 |    1
      |    2 |    2
(2 rows)

--test14_38
SELECT * from test14_38;
 col0 | col1 | col2 
------+------+------
(0 rows)

--ok
INSERT INTO test14_38 VALUES(1, 1, 1);
SELECT * from test14_38;
 col0 | col1 | col2 
------+------+------
    1 |    1 |    1
(1 row)

--PKEY col1 col2 null error 
INSERT INTO test14_38(col0) VALUES(3);
ERROR:  transaction::execute_statement() failed. (9)
SELECT * from test14_38;
 col0 | col1 | col2 
------+------+------
    1 |    1 |    1
(1 row)

--PKEY col1 null error 
INSERT INTO test14_38(col0,col2) VALUES(3,3);
ERROR:  transaction::execute_statement() failed. (9)
SELECT * from test14_38;
 col0 | col1 | col2 
------+------+------
    1 |    1 |    1
(1 row)

--PKEY col2 null error 
INSERT INTO test14_38(col0,col1) VALUES(3,3);
ERROR:  transaction::execute_statement() failed. (9)
SELECT * from test14_38;
 col0 | col1 | col2 
------+------+------
    1 |    1 |    1
(1 row)

--PKEY col1 col2 not unique error
INSERT INTO test14_38(col0,col1,col2) VALUES(3,1,1);
ERROR:  transaction::execute_statement() failed. (9)
SELECT * from test14_38;
 col0 | col1 | col2 
------+------+------
    1 |    1 |    1
(1 row)

--not null constraint col0 error
INSERT INTO test14_38(col1,col2) VALUES(5,5);
ERROR:  transaction::execute_statement() failed. (9)
SELECT * from test14_38;
 col0 | col1 | col2 
------+------+------
    1 |    1 |    1
(1 row)

--not null constraint col2 error
INSERT INTO test14_38(col0,col1) VALUES(5,5);
ERROR:  transaction::execute_statement() failed. (9)
SELECT * from test14_38;
 col0 | col1 | col2 
------+------+------
    1 |    1 |    1
(1 row)

--ok
INSERT INTO test14_38(col0,col1,col2) VALUES(6,2,2);
SELECT * from test14_38;
 col0 | col1 | col2 
------+------+------
    1 |    1 |    1
    6 |    2 |    2
(2 rows)

--test14_39
SELECT * from test14_39;
 col0 | col1 | col2 
------+------+------
(0 rows)

--ok
INSERT INTO test14_39 VALUES(1, 1, 1);
SELECT * from test14_39;
 col0 | col1 | col2 
------+------+------
    1 |    1 |    1
(1 row)

--PKEY col1 col2 null error 
INSERT INTO test14_39(col0) VALUES(3);
ERROR:  transaction::execute_statement() failed. (9)
SELECT * from test14_39;
 col0 | col1 | col2 
------+------+------
    1 |    1 |    1
(1 row)

--PKEY col1 null error 
INSERT INTO test14_39(col0,col2) VALUES(3,3);
ERROR:  transaction::execute_statement() failed. (9)
SELECT * from test14_39;
 col0 | col1 | col2 
------+------+------
    1 |    1 |    1
(1 row)

--PKEY col2 null error 
INSERT INTO test14_39(col0,col1) VALUES(3,3);
ERROR:  transaction::execute_statement() failed. (9)
SELECT * from test14_39;
 col0 | col1 | col2 
------+------+------
    1 |    1 |    1
(1 row)

--PKEY col1 col2 not unique error
INSERT INTO test14_39(col0,col1,col2) VALUES(3,1,1);
ERROR:  transaction::execute_statement() failed. (9)
SELECT * from test14_39;
 col0 | col1 | col2 
------+------+------
    1 |    1 |    1
(1 row)

--not null constraint col0 error
INSERT INTO test14_39(col1,col2) VALUES(5,5);
ERROR:  transaction::execute_statement() failed. (9)
SELECT * from test14_39;
 col0 | col1 | col2 
------+------+------
    1 |    1 |    1
(1 row)

--not null constraint col1 error
INSERT INTO test14_39(col0,col2) VALUES(5,5);
ERROR:  transaction::execute_statement() failed. (9)
SELECT * from test14_39;
 col0 | col1 | col2 
------+------+------
    1 |    1 |    1
(1 row)

--not null constraint col2 error
INSERT INTO test14_39(col0,col1) VALUES(5,5);
ERROR:  transaction::execute_statement() failed. (9)
SELECT * from test14_39;
 col0 | col1 | col2 
------+------+------
    1 |    1 |    1
(1 row)

--ok
INSERT INTO test14_39(col0,col1,col2) VALUES(6,2,2);
SELECT * from test14_39;
 col0 | col1 | col2 
------+------+------
    1 |    1 |    1
    6 |    2 |    2
(2 rows)

--test14_40
SELECT * from test14_40;
 col0 | col1 | col2 
------+------+------
(0 rows)

--ok
INSERT INTO test14_40 VALUES(1, 1, 1);
SELECT * from test14_40;
 col0 | col1 | col2 
------+------+------
    1 |    1 |    1
(1 row)

--PKEY col0 col2 null error 
INSERT INTO test14_40(col1) VALUES(3);
ERROR:  transaction::execute_statement() failed. (9)
SELECT * from test14_40;
 col0 | col1 | col2 
------+------+------
    1 |    1 |    1
(1 row)

--PKEY col0 null error 
INSERT INTO test14_40(col1,col2) VALUES(3,3);
ERROR:  transaction::execute_statement() failed. (9)
SELECT * from test14_40;
 col0 | col1 | col2 
------+------+------
    1 |    1 |    1
(1 row)

--PKEY col2 null error 
INSERT INTO test14_40(col0,col1) VALUES(3,3);
ERROR:  transaction::execute_statement() failed. (9)
SELECT * from test14_40;
 col0 | col1 | col2 
------+------+------
    1 |    1 |    1
(1 row)

--PKEY col0 col2 not unique error
INSERT INTO test14_40(col0,col2) VALUES(1,1);
ERROR:  transaction::execute_statement() failed. (9)
SELECT * from test14_40;
 col0 | col1 | col2 
------+------+------
    1 |    1 |    1
(1 row)

--ok
INSERT INTO test14_40(col0,col2) VALUES(2,2);
SELECT * from test14_40;
 col0 | col1 | col2 
------+------+------
    1 |    1 |    1
    2 |      |    2
(2 rows)

--test14_41
SELECT * from test14_41;
 col0 | col1 | col2 
------+------+------
(0 rows)

--ok
INSERT INTO test14_41 VALUES(1, 1, 1);
SELECT * from test14_41;
 col0 | col1 | col2 
------+------+------
    1 |    1 |    1
(1 row)

--PKEY col0 col2 null error 
INSERT INTO test14_41(col1) VALUES(3);
ERROR:  transaction::execute_statement() failed. (9)
SELECT * from test14_41;
 col0 | col1 | col2 
------+------+------
    1 |    1 |    1
(1 row)

--PKEY col0 null error 
INSERT INTO test14_41(col1,col2) VALUES(3,3);
ERROR:  transaction::execute_statement() failed. (9)
SELECT * from test14_41;
 col0 | col1 | col2 
------+------+------
    1 |    1 |    1
(1 row)

--PKEY col2 null error 
INSERT INTO test14_41(col0,col1) VALUES(3,3);
ERROR:  transaction::execute_statement() failed. (9)
SELECT * from test14_41;
 col0 | col1 | col2 
------+------+------
    1 |    1 |    1
(1 row)

--PKEY col0 col2 not unique error
INSERT INTO test14_41(col0,col2) VALUES(1,1);
ERROR:  transaction::execute_statement() failed. (9)
SELECT * from test14_41;
 col0 | col1 | col2 
------+------+------
    1 |    1 |    1
(1 row)

--not null constraint col0 error
INSERT INTO test14_41(col1,col2) VALUES(5,5);
ERROR:  transaction::execute_statement() failed. (9)
SELECT * from test14_41;
 col0 | col1 | col2 
------+------+------
    1 |    1 |    1
(1 row)

--ok
INSERT INTO test14_41(col0,col2) VALUES(2,2);
SELECT * from test14_41;
 col0 | col1 | col2 
------+------+------
    1 |    1 |    1
    2 |      |    2
(2 rows)

--test14_42
SELECT * from test14_42;
 col0 | col1 | col2 
------+------+------
(0 rows)

--ok
INSERT INTO test14_42 VALUES(1, 1, 1);
SELECT * from test14_42;
 col0 | col1 | col2 
------+------+------
    1 |    1 |    1
(1 row)

--PKEY col0 col2 null error 
INSERT INTO test14_42(col1) VALUES(3);
ERROR:  transaction::execute_statement() failed. (9)
SELECT * from test14_42;
 col0 | col1 | col2 
------+------+------
    1 |    1 |    1
(1 row)

--PKEY col0 null error 
INSERT INTO test14_42(col1,col2) VALUES(3,3);
ERROR:  transaction::execute_statement() failed. (9)
SELECT * from test14_42;
 col0 | col1 | col2 
------+------+------
    1 |    1 |    1
(1 row)

--PKEY col2 null error 
INSERT INTO test14_42(col0,col1) VALUES(3,3);
ERROR:  transaction::execute_statement() failed. (9)
SELECT * from test14_42;
 col0 | col1 | col2 
------+------+------
    1 |    1 |    1
(1 row)

--PKEY col0 col2 not unique error
INSERT INTO test14_42(col0,col1,col2) VALUES(1,3,1);
ERROR:  transaction::execute_statement() failed. (9)
SELECT * from test14_42;
 col0 | col1 | col2 
------+------+------
    1 |    1 |    1
(1 row)

--not null constraint col1 error
INSERT INTO test14_42(col0,col2) VALUES(5,5);
ERROR:  transaction::execute_statement() failed. (9)
SELECT * from test14_42;
 col0 | col1 | col2 
------+------+------
    1 |    1 |    1
(1 row)

--ok
INSERT INTO test14_42(col0,col1,col2) VALUES(2,6,2);
SELECT * from test14_42;
 col0 | col1 | col2 
------+------+------
    1 |    1 |    1
    2 |    6 |    2
(2 rows)

--test14_43
SELECT * from test14_43;
 col0 | col1 | col2 
------+------+------
(0 rows)

--ok
INSERT INTO test14_43 VALUES(1, 1, 1);
SELECT * from test14_43;
 col0 | col1 | col2 
------+------+------
    1 |    1 |    1
(1 row)

--PKEY col0 col2 null error 
INSERT INTO test14_43(col1) VALUES(3);
ERROR:  transaction::execute_statement() failed. (9)
SELECT * from test14_43;
 col0 | col1 | col2 
------+------+------
    1 |    1 |    1
(1 row)

--PKEY col0 null error 
INSERT INTO test14_43(col1,col2) VALUES(3,3);
ERROR:  transaction::execute_statement() failed. (9)
SELECT * from test14_43;
 col0 | col1 | col2 
------+------+------
    1 |    1 |    1
(1 row)

--PKEY col2 null error 
INSERT INTO test14_43(col0,col1) VALUES(3,3);
ERROR:  transaction::execute_statement() failed. (9)
SELECT * from test14_43;
 col0 | col1 | col2 
------+------+------
    1 |    1 |    1
(1 row)

--PKEY col0 col2 not unique error
INSERT INTO test14_43(col0,col2) VALUES(1,1);
ERROR:  transaction::execute_statement() failed. (9)
SELECT * from test14_43;
 col0 | col1 | col2 
------+------+------
    1 |    1 |    1
(1 row)

--not null constraint col2 error
INSERT INTO test14_43(col0,col1) VALUES(5,5);
ERROR:  transaction::execute_statement() failed. (9)
SELECT * from test14_43;
 col0 | col1 | col2 
------+------+------
    1 |    1 |    1
(1 row)

--ok
INSERT INTO test14_43(col0,col2) VALUES(2,2);
SELECT * from test14_43;
 col0 | col1 | col2 
------+------+------
    1 |    1 |    1
    2 |      |    2
(2 rows)

--test14_44
SELECT * from test14_44;
 col0 | col1 | col2 
------+------+------
(0 rows)

--ok
INSERT INTO test14_44 VALUES(1, 1, 1);
SELECT * from test14_44;
 col0 | col1 | col2 
------+------+------
    1 |    1 |    1
(1 row)

--PKEY col0 col2 null error 
INSERT INTO test14_44(col1) VALUES(3);
ERROR:  transaction::execute_statement() failed. (9)
SELECT * from test14_44;
 col0 | col1 | col2 
------+------+------
    1 |    1 |    1
(1 row)

--PKEY col0 null error 
INSERT INTO test14_44(col1,col2) VALUES(3,3);
ERROR:  transaction::execute_statement() failed. (9)
SELECT * from test14_44;
 col0 | col1 | col2 
------+------+------
    1 |    1 |    1
(1 row)

--PKEY col2 null error 
INSERT INTO test14_44(col0,col1) VALUES(3,3);
ERROR:  transaction::execute_statement() failed. (9)
SELECT * from test14_44;
 col0 | col1 | col2 
------+------+------
    1 |    1 |    1
(1 row)

--PKEY col0 col2 not unique error
INSERT INTO test14_44(col0,col1,col2) VALUES(1,3,1);
ERROR:  transaction::execute_statement() failed. (9)
SELECT * from test14_44;
 col0 | col1 | col2 
------+------+------
    1 |    1 |    1
(1 row)

--not null constraint col0 error
INSERT INTO test14_44(col1,col2) VALUES(5,5);
ERROR:  transaction::execute_statement() failed. (9)
SELECT * from test14_44;
 col0 | col1 | col2 
------+------+------
    1 |    1 |    1
(1 row)

--not null constraint col1 error
INSERT INTO test14_44(col0,col2) VALUES(5,5);
ERROR:  transaction::execute_statement() failed. (9)
SELECT * from test14_44;
 col0 | col1 | col2 
------+------+------
    1 |    1 |    1
(1 row)

--ok
INSERT INTO test14_44(col0,col1,col2) VALUES(2,6,2);
SELECT * from test14_44;
 col0 | col1 | col2 
------+------+------
    1 |    1 |    1
    2 |    6 |    2
(2 rows)

--test14_45
SELECT * from test14_45;
 col0 | col1 | col2 
------+------+------
(0 rows)

--ok
INSERT INTO test14_45 VALUES(1, 1, 1);
SELECT * from test14_45;
 col0 | col1 | col2 
------+------+------
    1 |    1 |    1
(1 row)

--PKEY col0 col2 null error 
INSERT INTO test14_45(col1) VALUES(3);
ERROR:  transaction::execute_statement() failed. (9)
SELECT * from test14_45;
 col0 | col1 | col2 
------+------+------
    1 |    1 |    1
(1 row)

--PKEY col0 null error 
INSERT INTO test14_45(col1,col2) VALUES(3,3);
ERROR:  transaction::execute_statement() failed. (9)
SELECT * from test14_45;
 col0 | col1 | col2 
------+------+------
    1 |    1 |    1
(1 row)

--PKEY col2 null error 
INSERT INTO test14_45(col0,col1) VALUES(3,3);
ERROR:  transaction::execute_statement() failed. (9)
SELECT * from test14_45;
 col0 | col1 | col2 
------+------+------
    1 |    1 |    1
(1 row)

--PKEY col0 col2 not unique error
INSERT INTO test14_45(col0,col1,col2) VALUES(1,3,1);
ERROR:  transaction::execute_statement() failed. (9)
SELECT * from test14_45;
 col0 | col1 | col2 
------+------+------
    1 |    1 |    1
(1 row)

--not null constraint col1 error
INSERT INTO test14_45(col0,col2) VALUES(5,5);
ERROR:  transaction::execute_statement() failed. (9)
SELECT * from test14_45;
 col0 | col1 | col2 
------+------+------
    1 |    1 |    1
(1 row)

--not null constraint col2 error
INSERT INTO test14_45(col0,col1) VALUES(5,5);
ERROR:  transaction::execute_statement() failed. (9)
SELECT * from test14_45;
 col0 | col1 | col2 
------+------+------
    1 |    1 |    1
(1 row)

--ok
INSERT INTO test14_45(col0,col1,col2) VALUES(2,6,2);
SELECT * from test14_45;
 col0 | col1 | col2 
------+------+------
    1 |    1 |    1
    2 |    6 |    2
(2 rows)

--test14_46
SELECT * from test14_46;
 col0 | col1 | col2 
------+------+------
(0 rows)

--ok
INSERT INTO test14_46 VALUES(1, 1, 1);
SELECT * from test14_46;
 col0 | col1 | col2 
------+------+------
    1 |    1 |    1
(1 row)

--PKEY col0 col2 null error 
INSERT INTO test14_46(col1) VALUES(3);
ERROR:  transaction::execute_statement() failed. (9)
SELECT * from test14_46;
 col0 | col1 | col2 
------+------+------
    1 |    1 |    1
(1 row)

--PKEY col0 null error 
INSERT INTO test14_46(col1,col2) VALUES(3,3);
ERROR:  transaction::execute_statement() failed. (9)
SELECT * from test14_46;
 col0 | col1 | col2 
------+------+------
    1 |    1 |    1
(1 row)

--PKEY col2 null error 
INSERT INTO test14_46(col0,col1) VALUES(3,3);
ERROR:  transaction::execute_statement() failed. (9)
SELECT * from test14_46;
 col0 | col1 | col2 
------+------+------
    1 |    1 |    1
(1 row)

--PKEY col0 col2 not unique error
INSERT INTO test14_46(col0,col2) VALUES(1,1);
ERROR:  transaction::execute_statement() failed. (9)
SELECT * from test14_46;
 col0 | col1 | col2 
------+------+------
    1 |    1 |    1
(1 row)

--not null constraint col0 error
INSERT INTO test14_46(col1,col2) VALUES(5,5);
ERROR:  transaction::execute_statement() failed. (9)
SELECT * from test14_46;
 col0 | col1 | col2 
------+------+------
    1 |    1 |    1
(1 row)

--not null constraint col2 error
INSERT INTO test14_46(col0,col1) VALUES(5,5);
ERROR:  transaction::execute_statement() failed. (9)
SELECT * from test14_46;
 col0 | col1 | col2 
------+------+------
    1 |    1 |    1
(1 row)

--ok
INSERT INTO test14_46(col0,col2) VALUES(2,2);
SELECT * from test14_46;
 col0 | col1 | col2 
------+------+------
    1 |    1 |    1
    2 |      |    2
(2 rows)

--test14_47
SELECT * from test14_47;
 col0 | col1 | col2 
------+------+------
(0 rows)

--ok
INSERT INTO test14_47 VALUES(1, 1, 1);
SELECT * from test14_47;
 col0 | col1 | col2 
------+------+------
    1 |    1 |    1
(1 row)

--PKEY col0 col2 null error 
INSERT INTO test14_47(col1) VALUES(3);
ERROR:  transaction::execute_statement() failed. (9)
SELECT * from test14_47;
 col0 | col1 | col2 
------+------+------
    1 |    1 |    1
(1 row)

--PKEY col0 null error 
INSERT INTO test14_47(col1,col2) VALUES(3,3);
ERROR:  transaction::execute_statement() failed. (9)
SELECT * from test14_47;
 col0 | col1 | col2 
------+------+------
    1 |    1 |    1
(1 row)

--PKEY col2 null error 
INSERT INTO test14_47(col0,col1) VALUES(3,3);
ERROR:  transaction::execute_statement() failed. (9)
SELECT * from test14_47;
 col0 | col1 | col2 
------+------+------
    1 |    1 |    1
(1 row)

--PKEY col0 col2 not unique error
INSERT INTO test14_47(col0,col1,col2) VALUES(1,3,1);
ERROR:  transaction::execute_statement() failed. (9)
SELECT * from test14_47;
 col0 | col1 | col2 
------+------+------
    1 |    1 |    1
(1 row)

--not null constraint col0 error
INSERT INTO test14_47(col1,col2) VALUES(5,5);
ERROR:  transaction::execute_statement() failed. (9)
SELECT * from test14_47;
 col0 | col1 | col2 
------+------+------
    1 |    1 |    1
(1 row)

--not null constraint col1 error
INSERT INTO test14_47(col0,col2) VALUES(5,5);
ERROR:  transaction::execute_statement() failed. (9)
SELECT * from test14_47;
 col0 | col1 | col2 
------+------+------
    1 |    1 |    1
(1 row)

--not null constraint col2 error
INSERT INTO test14_47(col0,col1) VALUES(5,5);
ERROR:  transaction::execute_statement() failed. (9)
SELECT * from test14_47;
 col0 | col1 | col2 
------+------+------
    1 |    1 |    1
(1 row)

--ok
INSERT INTO test14_47(col0,col1,col2) VALUES(2,6,2);
SELECT * from test14_47;
 col0 | col1 | col2 
------+------+------
    1 |    1 |    1
    2 |    6 |    2
(2 rows)

--test14_48
SELECT * from test14_48;
 col0 | col1 | col2 
------+------+------
(0 rows)

--ok
INSERT INTO test14_48 VALUES(1, 1, 1);
SELECT * from test14_48;
 col0 | col1 | col2 
------+------+------
    1 |    1 |    1
(1 row)

--PKEY col0 col1 col2 null error 
INSERT INTO test14_48() VALUES();
ERROR:  syntax error at or near ")"
LINE 1: INSERT INTO test14_48() VALUES();
                              ^
SELECT * from test14_48;
 col0 | col1 | col2 
------+------+------
    1 |    1 |    1
(1 row)

--PKEY col0 null error 
INSERT INTO test14_48(col1,col2) VALUES(3,3);
ERROR:  transaction::execute_statement() failed. (9)
SELECT * from test14_48;
 col0 | col1 | col2 
------+------+------
    1 |    1 |    1
(1 row)

--PKEY col1 null error 
INSERT INTO test14_48(col0,col2) VALUES(3,3);
ERROR:  transaction::execute_statement() failed. (9)
SELECT * from test14_48;
 col0 | col1 | col2 
------+------+------
    1 |    1 |    1
(1 row)

--PKEY col2 null error 
INSERT INTO test14_48(col0,col1) VALUES(3,3);
ERROR:  transaction::execute_statement() failed. (9)
SELECT * from test14_48;
 col0 | col1 | col2 
------+------+------
    1 |    1 |    1
(1 row)

--PKEY col0 col1 col2 not unique error
INSERT INTO test14_48(col0,col1,col2) VALUES(1,1,1);
ERROR:  transaction::execute_statement() failed. (9)
SELECT * from test14_48;
 col0 | col1 | col2 
------+------+------
    1 |    1 |    1
(1 row)

--ok
INSERT INTO test14_48(col0,col1,col2) VALUES(2,2,2);
SELECT * from test14_48;
 col0 | col1 | col2 
------+------+------
    1 |    1 |    1
    2 |    2 |    2
(2 rows)

--test14_49
SELECT * from test14_49;
 col0 | col1 | col2 
------+------+------
(0 rows)

--ok
INSERT INTO test14_49 VALUES(1, 1, 1);
SELECT * from test14_49;
 col0 | col1 | col2 
------+------+------
    1 |    1 |    1
(1 row)

--PKEY col0 col1 col2 null error 
INSERT INTO test14_49() VALUES();
ERROR:  syntax error at or near ")"
LINE 1: INSERT INTO test14_49() VALUES();
                              ^
SELECT * from test14_49;
 col0 | col1 | col2 
------+------+------
    1 |    1 |    1
(1 row)

--PKEY col0 null error 
INSERT INTO test14_49(col1,col2) VALUES(3,3);
ERROR:  transaction::execute_statement() failed. (9)
SELECT * from test14_49;
 col0 | col1 | col2 
------+------+------
    1 |    1 |    1
(1 row)

--PKEY col1 null error 
INSERT INTO test14_49(col0,col2) VALUES(3,3);
ERROR:  transaction::execute_statement() failed. (9)
SELECT * from test14_49;
 col0 | col1 | col2 
------+------+------
    1 |    1 |    1
(1 row)

--PKEY col2 null error 
INSERT INTO test14_49(col0,col1) VALUES(3,3);
ERROR:  transaction::execute_statement() failed. (9)
SELECT * from test14_49;
 col0 | col1 | col2 
------+------+------
    1 |    1 |    1
(1 row)

--PKEY col0 col1 col2 not unique error
INSERT INTO test14_49(col0,col1,col2) VALUES(1,1,1);
ERROR:  transaction::execute_statement() failed. (9)
SELECT * from test14_49;
 col0 | col1 | col2 
------+------+------
    1 |    1 |    1
(1 row)

--not null constraint col0 error
INSERT INTO test14_49(col1,col2) VALUES(5,5);
ERROR:  transaction::execute_statement() failed. (9)
SELECT * from test14_49;
 col0 | col1 | col2 
------+------+------
    1 |    1 |    1
(1 row)

--ok
INSERT INTO test14_49(col0,col1,col2) VALUES(2,2,2);
SELECT * from test14_49;
 col0 | col1 | col2 
------+------+------
    1 |    1 |    1
    2 |    2 |    2
(2 rows)

--test14_50
SELECT * from test14_50;
 col0 | col1 | col2 
------+------+------
(0 rows)

--ok
INSERT INTO test14_50 VALUES(1, 1, 1);
SELECT * from test14_50;
 col0 | col1 | col2 
------+------+------
    1 |    1 |    1
(1 row)

--PKEY col0 col1 col2 null error 
INSERT INTO test14_50() VALUES();
ERROR:  syntax error at or near ")"
LINE 1: INSERT INTO test14_50() VALUES();
                              ^
SELECT * from test14_50;
 col0 | col1 | col2 
------+------+------
    1 |    1 |    1
(1 row)

--PKEY col0 null error 
INSERT INTO test14_50(col1,col2) VALUES(3,3);
ERROR:  transaction::execute_statement() failed. (9)
SELECT * from test14_50;
 col0 | col1 | col2 
------+------+------
    1 |    1 |    1
(1 row)

--PKEY col1 null error 
INSERT INTO test14_50(col0,col2) VALUES(3,3);
ERROR:  transaction::execute_statement() failed. (9)
SELECT * from test14_50;
 col0 | col1 | col2 
------+------+------
    1 |    1 |    1
(1 row)

--PKEY col2 null error 
INSERT INTO test14_50(col0,col1) VALUES(3,3);
ERROR:  transaction::execute_statement() failed. (9)
SELECT * from test14_50;
 col0 | col1 | col2 
------+------+------
    1 |    1 |    1
(1 row)

--PKEY col0 col1 col2 not unique error
INSERT INTO test14_50(col0,col1,col2) VALUES(1,1,1);
ERROR:  transaction::execute_statement() failed. (9)
SELECT * from test14_50;
 col0 | col1 | col2 
------+------+------
    1 |    1 |    1
(1 row)

--not null constraint col1 error
INSERT INTO test14_50(col0,col2) VALUES(5,5);
ERROR:  transaction::execute_statement() failed. (9)
SELECT * from test14_50;
 col0 | col1 | col2 
------+------+------
    1 |    1 |    1
(1 row)

--ok
INSERT INTO test14_50(col0,col1,col2) VALUES(2,2,2);
SELECT * from test14_50;
 col0 | col1 | col2 
------+------+------
    1 |    1 |    1
    2 |    2 |    2
(2 rows)

--test14_51
SELECT * from test14_51;
 col0 | col1 | col2 
------+------+------
(0 rows)

--ok
INSERT INTO test14_51 VALUES(1, 1, 1);
SELECT * from test14_51;
 col0 | col1 | col2 
------+------+------
    1 |    1 |    1
(1 row)

--PKEY col0 col1 col2 null error 
INSERT INTO test14_51() VALUES();
ERROR:  syntax error at or near ")"
LINE 1: INSERT INTO test14_51() VALUES();
                              ^
SELECT * from test14_51;
 col0 | col1 | col2 
------+------+------
    1 |    1 |    1
(1 row)

--PKEY col0 null error 
INSERT INTO test14_51(col1,col2) VALUES(3,3);
ERROR:  transaction::execute_statement() failed. (9)
SELECT * from test14_51;
 col0 | col1 | col2 
------+------+------
    1 |    1 |    1
(1 row)

--PKEY col1 null error 
INSERT INTO test14_51(col0,col2) VALUES(3,3);
ERROR:  transaction::execute_statement() failed. (9)
SELECT * from test14_51;
 col0 | col1 | col2 
------+------+------
    1 |    1 |    1
(1 row)

--PKEY col2 null error 
INSERT INTO test14_51(col0,col1) VALUES(3,3);
ERROR:  transaction::execute_statement() failed. (9)
SELECT * from test14_51;
 col0 | col1 | col2 
------+------+------
    1 |    1 |    1
(1 row)

--PKEY col0 col1 col2 not unique error
INSERT INTO test14_51(col0,col1,col2) VALUES(1,1,1);
ERROR:  transaction::execute_statement() failed. (9)
SELECT * from test14_51;
 col0 | col1 | col2 
------+------+------
    1 |    1 |    1
(1 row)

--not null constraint col2 error
INSERT INTO test14_51(col0,col1) VALUES(5,5);
ERROR:  transaction::execute_statement() failed. (9)
SELECT * from test14_51;
 col0 | col1 | col2 
------+------+------
    1 |    1 |    1
(1 row)

--ok
INSERT INTO test14_51(col0,col1,col2) VALUES(2,2,2);
SELECT * from test14_51;
 col0 | col1 | col2 
------+------+------
    1 |    1 |    1
    2 |    2 |    2
(2 rows)

--test14_52
SELECT * from test14_52;
 col0 | col1 | col2 
------+------+------
(0 rows)

--ok
INSERT INTO test14_52 VALUES(1, 1, 1);
SELECT * from test14_52;
 col0 | col1 | col2 
------+------+------
    1 |    1 |    1
(1 row)

--PKEY col0 col1 col2 null error 
INSERT INTO test14_52() VALUES();
ERROR:  syntax error at or near ")"
LINE 1: INSERT INTO test14_52() VALUES();
                              ^
SELECT * from test14_52;
 col0 | col1 | col2 
------+------+------
    1 |    1 |    1
(1 row)

--PKEY col0 null error 
INSERT INTO test14_52(col1,col2) VALUES(3,3);
ERROR:  transaction::execute_statement() failed. (9)
SELECT * from test14_52;
 col0 | col1 | col2 
------+------+------
    1 |    1 |    1
(1 row)

--PKEY col1 null error 
INSERT INTO test14_52(col0,col2) VALUES(3,3);
ERROR:  transaction::execute_statement() failed. (9)
SELECT * from test14_52;
 col0 | col1 | col2 
------+------+------
    1 |    1 |    1
(1 row)

--PKEY col2 null error 
INSERT INTO test14_52(col0,col1) VALUES(3,3);
ERROR:  transaction::execute_statement() failed. (9)
SELECT * from test14_52;
 col0 | col1 | col2 
------+------+------
    1 |    1 |    1
(1 row)

--PKEY col0 col1 col2 not unique error
INSERT INTO test14_52(col0,col1,col2) VALUES(1,1,1);
ERROR:  transaction::execute_statement() failed. (9)
SELECT * from test14_52;
 col0 | col1 | col2 
------+------+------
    1 |    1 |    1
(1 row)

--not null constraint col0 error
INSERT INTO test14_52(col1,col2) VALUES(5,5);
ERROR:  transaction::execute_statement() failed. (9)
SELECT * from test14_52;
 col0 | col1 | col2 
------+------+------
    1 |    1 |    1
(1 row)

--not null constraint col1 error
INSERT INTO test14_52(col0,col2) VALUES(5,5);
ERROR:  transaction::execute_statement() failed. (9)
SELECT * from test14_52;
 col0 | col1 | col2 
------+------+------
    1 |    1 |    1
(1 row)

--ok
INSERT INTO test14_52(col0,col1,col2) VALUES(2,2,2);
SELECT * from test14_52;
 col0 | col1 | col2 
------+------+------
    1 |    1 |    1
    2 |    2 |    2
(2 rows)

--test14_53
SELECT * from test14_53;
 col0 | col1 | col2 
------+------+------
(0 rows)

--ok
INSERT INTO test14_53 VALUES(1, 1, 1);
SELECT * from test14_53;
 col0 | col1 | col2 
------+------+------
    1 |    1 |    1
(1 row)

--PKEY col0 col1 col2 null error 
INSERT INTO test14_53() VALUES();
ERROR:  syntax error at or near ")"
LINE 1: INSERT INTO test14_53() VALUES();
                              ^
SELECT * from test14_53;
 col0 | col1 | col2 
------+------+------
    1 |    1 |    1
(1 row)

--PKEY col0 null error 
INSERT INTO test14_53(col1,col2) VALUES(3,3);
ERROR:  transaction::execute_statement() failed. (9)
SELECT * from test14_53;
 col0 | col1 | col2 
------+------+------
    1 |    1 |    1
(1 row)

--PKEY col1 null error 
INSERT INTO test14_53(col0,col2) VALUES(3,3);
ERROR:  transaction::execute_statement() failed. (9)
SELECT * from test14_53;
 col0 | col1 | col2 
------+------+------
    1 |    1 |    1
(1 row)

--PKEY col2 null error 
INSERT INTO test14_53(col0,col1) VALUES(3,3);
ERROR:  transaction::execute_statement() failed. (9)
SELECT * from test14_53;
 col0 | col1 | col2 
------+------+------
    1 |    1 |    1
(1 row)

--PKEY col0 col1 col2 not unique error
INSERT INTO test14_53(col0,col1,col2) VALUES(1,1,1);
ERROR:  transaction::execute_statement() failed. (9)
SELECT * from test14_53;
 col0 | col1 | col2 
------+------+------
    1 |    1 |    1
(1 row)

--not null constraint col1 error
INSERT INTO test14_53(col0,col2) VALUES(5,5);
ERROR:  transaction::execute_statement() failed. (9)
SELECT * from test14_53;
 col0 | col1 | col2 
------+------+------
    1 |    1 |    1
(1 row)

--not null constraint col2 error
INSERT INTO test14_53(col0,col1) VALUES(5,5);
ERROR:  transaction::execute_statement() failed. (9)
SELECT * from test14_53;
 col0 | col1 | col2 
------+------+------
    1 |    1 |    1
(1 row)

--ok
INSERT INTO test14_53(col0,col1,col2) VALUES(2,2,2);
SELECT * from test14_53;
 col0 | col1 | col2 
------+------+------
    1 |    1 |    1
    2 |    2 |    2
(2 rows)

--test14_54
SELECT * from test14_54;
 col0 | col1 | col2 
------+------+------
(0 rows)

--ok
INSERT INTO test14_54 VALUES(1, 1, 1);
SELECT * from test14_54;
 col0 | col1 | col2 
------+------+------
    1 |    1 |    1
(1 row)

--PKEY col0 col1 col2 null error 
INSERT INTO test14_54() VALUES();
ERROR:  syntax error at or near ")"
LINE 1: INSERT INTO test14_54() VALUES();
                              ^
SELECT * from test14_54;
 col0 | col1 | col2 
------+------+------
    1 |    1 |    1
(1 row)

--PKEY col0 null error 
INSERT INTO test14_54(col1,col2) VALUES(3,3);
ERROR:  transaction::execute_statement() failed. (9)
SELECT * from test14_54;
 col0 | col1 | col2 
------+------+------
    1 |    1 |    1
(1 row)

--PKEY col1 null error 
INSERT INTO test14_54(col0,col2) VALUES(3,3);
ERROR:  transaction::execute_statement() failed. (9)
SELECT * from test14_54;
 col0 | col1 | col2 
------+------+------
    1 |    1 |    1
(1 row)

--PKEY col2 null error 
INSERT INTO test14_54(col0,col1) VALUES(3,3);
ERROR:  transaction::execute_statement() failed. (9)
SELECT * from test14_54;
 col0 | col1 | col2 
------+------+------
    1 |    1 |    1
(1 row)

--PKEY col0 col1 col2 not unique error
INSERT INTO test14_54(col0,col1,col2) VALUES(1,1,1);
ERROR:  transaction::execute_statement() failed. (9)
SELECT * from test14_54;
 col0 | col1 | col2 
------+------+------
    1 |    1 |    1
(1 row)

--not null constraint col0 error
INSERT INTO test14_54(col1,col2) VALUES(5,5);
ERROR:  transaction::execute_statement() failed. (9)
SELECT * from test14_54;
 col0 | col1 | col2 
------+------+------
    1 |    1 |    1
(1 row)

--not null constraint col2 error
INSERT INTO test14_54(col0,col1) VALUES(5,5);
ERROR:  transaction::execute_statement() failed. (9)
SELECT * from test14_54;
 col0 | col1 | col2 
------+------+------
    1 |    1 |    1
(1 row)

--ok
INSERT INTO test14_54(col0,col1,col2) VALUES(2,2,2);
SELECT * from test14_54;
 col0 | col1 | col2 
------+------+------
    1 |    1 |    1
    2 |    2 |    2
(2 rows)

--test14_55
SELECT * from test14_55;
 col0 | col1 | col2 
------+------+------
(0 rows)

--ok
INSERT INTO test14_55 VALUES(1, 1, 1);
SELECT * from test14_55;
 col0 | col1 | col2 
------+------+------
    1 |    1 |    1
(1 row)

--PKEY col0 col1 col2 null error 
INSERT INTO test14_55() VALUES();
ERROR:  syntax error at or near ")"
LINE 1: INSERT INTO test14_55() VALUES();
                              ^
SELECT * from test14_55;
 col0 | col1 | col2 
------+------+------
    1 |    1 |    1
(1 row)

--PKEY col0 null error 
INSERT INTO test14_55(col1,col2) VALUES(3,3);
ERROR:  transaction::execute_statement() failed. (9)
SELECT * from test14_55;
 col0 | col1 | col2 
------+------+------
    1 |    1 |    1
(1 row)

--PKEY col1 null error 
INSERT INTO test14_55(col0,col2) VALUES(3,3);
ERROR:  transaction::execute_statement() failed. (9)
SELECT * from test14_55;
 col0 | col1 | col2 
------+------+------
    1 |    1 |    1
(1 row)

--PKEY col2 null error 
INSERT INTO test14_55(col0,col1) VALUES(3,3);
ERROR:  transaction::execute_statement() failed. (9)
SELECT * from test14_55;
 col0 | col1 | col2 
------+------+------
    1 |    1 |    1
(1 row)

--PKEY col0 col1 col2 not unique error
INSERT INTO test14_55(col0,col1,col2) VALUES(1,1,1);
ERROR:  transaction::execute_statement() failed. (9)
SELECT * from test14_55;
 col0 | col1 | col2 
------+------+------
    1 |    1 |    1
(1 row)

--not null constraint col0 error
INSERT INTO test14_55(col1,col2) VALUES(5,5);
ERROR:  transaction::execute_statement() failed. (9)
SELECT * from test14_55;
 col0 | col1 | col2 
------+------+------
    1 |    1 |    1
(1 row)

--not null constraint col1 error
INSERT INTO test14_55(col0,col2) VALUES(5,5);
ERROR:  transaction::execute_statement() failed. (9)
SELECT * from test14_55;
 col0 | col1 | col2 
------+------+------
    1 |    1 |    1
(1 row)

--not null constraint col2 error
INSERT INTO test14_55(col0,col1) VALUES(5,5);
ERROR:  transaction::execute_statement() failed. (9)
SELECT * from test14_55;
 col0 | col1 | col2 
------+------+------
    1 |    1 |    1
(1 row)

--ok
INSERT INTO test14_55(col0,col1,col2) VALUES(2,2,2);
SELECT * from test14_55;
 col0 | col1 | col2 
------+------+------
    1 |    1 |    1
    2 |    2 |    2
(2 rows)

