/* Test setup: DDL of the Tsurugi */
SELECT tg_execute_ddl('tsurugidb', '
    CREATE TABLE t1_prepare_select_statement (
        c1 INTEGER PRIMARY KEY,
        c2 INTEGER,
        c3 BIGINT,
        c4 REAL,
        c5 DOUBLE PRECISION,
        c6 CHAR(10),
        c7 VARCHAR(26)
    )
');
 tg_execute_ddl 
----------------
 CREATE TABLE
(1 row)

SELECT tg_execute_ddl('tsurugidb', '
    CREATE TABLE t2_prepare_select_statement (
        c1 INTEGER PRIMARY KEY,
        c2 INTEGER,
        c3 BIGINT,
        c4 REAL,
        c5 DOUBLE PRECISION,
        c6 CHAR(10),
        c7 VARCHAR(26)
    )
');
 tg_execute_ddl 
----------------
 CREATE TABLE
(1 row)

/* Test setup: DDL of the PostgreSQL */
CREATE FOREIGN TABLE t1_prepare_select_statement (
    c1 INTEGER,
    c2 INTEGER,
    c3 BIGINT,
    c4 REAL,
    c5 DOUBLE PRECISION,
    c6 CHAR(10),
    c7 VARCHAR(26)
) SERVER tsurugidb;
CREATE FOREIGN TABLE t2_prepare_select_statement (
    c1 INTEGER,
    c2 INTEGER,
    c3 BIGINT,
    c4 REAL,
    c5 DOUBLE PRECISION,
    c6 CHAR(10),
    c7 VARCHAR(26)
) SERVER tsurugidb;
/* PREPARE */
-- ORDER BY #2
/* failed (10) because of ORDER BY 6 */
PREPARE select_t2_orderby2
    AS SELECT c1, c2, c3, c4, c5, c6, c7 FROM t2_prepare_select_statement ORDER BY 6;
ERROR:  Failed to prepare SQL statement to Tsurugi. (13)
	sql:SELECT c1, c2, c3, c4, c5, c6, c7 FROM t2_prepare_select_statement ORDER BY 6 
Tsurugi Server Error: UNSUPPORTED_COMPILER_FEATURE_EXCEPTION (SQL-03010: compile failed with error:unsupported_feature message:"plain literal is not allowed in ORDER BY clause" location:<input>:1:77+1)
-- WHERE #8
/* not support EXISTS failed. (10) */
PREPARE select_t1_where8
    AS SELECT * FROM t1_prepare_select_statement WHERE EXISTS (SELECT * FROM t2_prepare_select_statement WHERE c2 = 22) ORDER BY c1;
ERROR:  Failed to prepare SQL statement to Tsurugi. (13)
	sql:SELECT * FROM t1_prepare_select_statement WHERE EXISTS (SELECT * FROM t2_prepare_select_statement WHERE c2 = 22 ) ORDER BY c1
Tsurugi Server Error: UNSUPPORTED_COMPILER_FEATURE_EXCEPTION (SQL-03010: compile failed with error:unsupported_feature message:"unsupported scalar expression: {"node_kind":"table_predicate","operator_kind":"exists","operand":{"node_kind":"query","elements":[{"node_kind":"asterisk"}],"from":[{"node_kind":"table_reference","is_only":false,"name":{"node_kind":"simple","identifier":"t2_prepare_select_statement","identifier_kind":"regular"}}],"where":{"node_kind":"comparison_predicate","left":{"node_kind":"variable_reference","name":{"node_kind":"simple","identifier":"c2","identifier_kind":"regular"}},"operator_kind":"equals","right":{"node_kind":"literal_expression","value":{"node_kind":"exact_numeric","unsigned_value":"22"}}},"order_by":[]}}" location:<input>:1:49+65)
-- GROUP BY #1
/* aggregate functions alias not support failed. (10) */
PREPARE select_t2_group1_ng
    AS SELECT count(c1) AS "count(c1)", sum(c2) AS "sum(c2)", c7 FROM t2_prepare_select_statement GROUP BY c7;
ERROR:  Failed to prepare SQL statement to Tsurugi. (13)
	sql:SELECT count(c1) AS 'count(c1)', sum(c2) AS 'sum(c2)', c7 FROM t2_prepare_select_statement GROUP BY c7
Tsurugi Server Error: SYNTAX_EXCEPTION (SQL-03001: compile failed with message:"appeared unexpected token: "'count(c1)'", expected one of {ASC, DESC, FIRST, IGNORE, KEY, ...}" region:"region(begin=20, end=31)")
-- GROUP BY #2
/* aggregate functions alias not support failed. (10) */
PREPARE select_t2_group2_ng1
    AS SELECT count(c1) AS "count(c1)", sum(c2) AS "sum(c2)", c7 FROM t2_prepare_select_statement GROUP BY c7 HAVING sum(c2) > 55 ORDER BY c7;
ERROR:  Failed to prepare SQL statement to Tsurugi. (13)
	sql:SELECT count(c1) AS 'count(c1)', sum(c2) AS 'sum(c2)', c7 FROM t2_prepare_select_statement GROUP BY c7 HAVING sum(c2) > 55  ORDER BY c7
Tsurugi Server Error: SYNTAX_EXCEPTION (SQL-03001: compile failed with message:"appeared unexpected token: "'count(c1)'", expected one of {ASC, DESC, FIRST, IGNORE, KEY, ...}" region:"region(begin=20, end=31)")
-- TG JOIN #2
/* failed (10) : mismatched input 'USING' */
PREPARE select_join2
    AS SELECT a.c1, a.c2, b.c1, b.c7 FROM t1_prepare_select_statement a INNER JOIN t2_prepare_select_statement b USING (c1) ORDER BY b.c4 DESC;
ERROR:  Failed to prepare SQL statement to Tsurugi. (13)
	sql:SELECT a.c1, a.c2, b.c1, b.c7 FROM t1_prepare_select_statement a CROSS JOIN t2_prepare_select_statement b USING (c1) ORDER BY b.c4 DESC
Tsurugi Server Error: SYNTAX_EXCEPTION (SQL-03001: compile failed with message:"appeared unexpected token: "USING", expected one of {<END_OF_FILE>, (, ,, ;, CROSS, ...}" region:"region(begin=106, end=111)")
/* Test teardown: DDL of the PostgreSQL */
DROP FOREIGN TABLE t1_prepare_select_statement;
DROP FOREIGN TABLE t2_prepare_select_statement;
/* Test teardown: DDL of the Tsurugi */
SELECT tg_execute_ddl('tsurugidb', 'DROP TABLE t1_prepare_select_statement');
 tg_execute_ddl 
----------------
 DROP TABLE
(1 row)

SELECT tg_execute_ddl('tsurugidb', 'DROP TABLE t2_prepare_select_statement');
 tg_execute_ddl 
----------------
 DROP TABLE
(1 row)

