/* Test setup: DDL of the Tsurugi */
SELECT tg_execute_ddl('
    CREATE TABLE tg_numeric_s0 (
        id INTEGER NOT NULL PRIMARY KEY,
        num NUMERIC(38, 0)
    )
', 'tsurugidb');
 tg_execute_ddl 
----------------
 CREATE TABLE
(1 row)

SELECT tg_execute_ddl('
    CREATE TABLE tg_numeric_s38 (
        id INTEGER NOT NULL PRIMARY KEY,
        num NUMERIC(38, 38)
    )
', 'tsurugidb');
 tg_execute_ddl 
----------------
 CREATE TABLE
(1 row)

/* Test setup: DDL of the PostgreSQL */
CREATE FOREIGN TABLE tg_numeric_s0 (
    id INTEGER NOT NULL,
    num NUMERIC(38, 0)
) SERVER tsurugidb;
CREATE FOREIGN TABLE tg_numeric_s38 (
    id INTEGER NOT NULL,
    num NUMERIC(38, 38)
) SERVER tsurugidb;
/* PREPARE */
PREPARE tg_insval_s0 (integer, numeric) AS INSERT INTO tg_numeric_s0 (id, num) VALUES ($1, $2);
PREPARE tg_insval_s38 (integer, numeric) AS INSERT INTO tg_numeric_s38 (id, num) VALUES ($1, $2);
-- incorrect value
EXECUTE tg_insval_s0 (99, 100000000000000000000000000000000000000);
ERROR:  Failed to execute remote SQL.
HINT:  Failed to execute the statement on Tsurugi. error: SERVER_ERROR(13)
Tsurugi Error: VALUE_EVALUATION_EXCEPTION (SQL-02011: error in evaluating expression: lost_precision: value loses precision by conversion)
CONTEXT:  SQL query: /* PREPARE */
PREPARE tg_insval_s0 (integer, numeric) AS INSERT INTO tg_numeric_s0 (id, num) VALUES ($1, $2)
EXECUTE tg_insval_s0 (98, 340282366920938463463374607431768211455);
ERROR:  Failed to execute remote SQL.
HINT:  Failed to execute the statement on Tsurugi. error: SERVER_ERROR(13)
Tsurugi Error: VALUE_EVALUATION_EXCEPTION (SQL-02011: error in evaluating expression: lost_precision: value loses precision by conversion)
CONTEXT:  SQL query: /* PREPARE */
PREPARE tg_insval_s0 (integer, numeric) AS INSERT INTO tg_numeric_s0 (id, num) VALUES ($1, $2)
EXECUTE tg_insval_s0 (97, 340282366920938463463374607431768211456);
ERROR:  numeric coefficient field overflow
SELECT * FROM tg_numeric_s0;
 id | num 
----+-----
(0 rows)

-- incorrect value
EXECUTE tg_insval_s38 (99, 1);
ERROR:  Failed to execute remote SQL.
HINT:  Failed to execute the statement on Tsurugi. error: SERVER_ERROR(13)
Tsurugi Error: VALUE_EVALUATION_EXCEPTION (SQL-02011: error in evaluating expression: lost_precision: value loses precision by conversion)
CONTEXT:  SQL query: PREPARE tg_insval_s38 (integer, numeric) AS INSERT INTO tg_numeric_s38 (id, num) VALUES ($1, $2)
EXECUTE tg_insval_s38 (98, 0.000000000000000000000000000000000000001);
ERROR:  Failed to execute remote SQL.
HINT:  Failed to execute the statement on Tsurugi. error: SERVER_ERROR(13)
Tsurugi Error: VALUE_EVALUATION_EXCEPTION (SQL-02011: error in evaluating expression: lost_precision: value loses precision by conversion)
CONTEXT:  SQL query: PREPARE tg_insval_s38 (integer, numeric) AS INSERT INTO tg_numeric_s38 (id, num) VALUES ($1, $2)
EXECUTE tg_insval_s38 (97, 0.340282366920938463463374607431768211455);
ERROR:  Failed to execute remote SQL.
HINT:  Failed to execute the statement on Tsurugi. error: SERVER_ERROR(13)
Tsurugi Error: VALUE_EVALUATION_EXCEPTION (SQL-02011: error in evaluating expression: lost_precision: value loses precision by conversion)
CONTEXT:  SQL query: PREPARE tg_insval_s38 (integer, numeric) AS INSERT INTO tg_numeric_s38 (id, num) VALUES ($1, $2)
EXECUTE tg_insval_s38 (96, 0.340282366920938463463374607431768211456);
ERROR:  numeric coefficient field overflow
SELECT * FROM tg_numeric_s38;
 id | num 
----+-----
(0 rows)

/* Test teardown: DDL of the PostgreSQL */
DROP FOREIGN TABLE tg_numeric_s0;
DROP FOREIGN TABLE tg_numeric_s38;
/* Test teardown: DDL of the Tsurugi */
SELECT tg_execute_ddl('DROP TABLE tg_numeric_s0', 'tsurugidb');
 tg_execute_ddl 
----------------
 DROP TABLE
(1 row)

SELECT tg_execute_ddl('DROP TABLE tg_numeric_s38', 'tsurugidb');
 tg_execute_ddl 
----------------
 DROP TABLE
(1 row)

