/* Test setup: DDL of the Tsurugi */
SELECT tg_execute_ddl('
    CREATE TABLE t1_prepare_select_statement (
        c1 INTEGER PRIMARY KEY,
        c2 INTEGER,
        c3 BIGINT,
        c4 REAL,
        c5 DOUBLE PRECISION,
        c6 CHAR(10),
        c7 VARCHAR(26)
    )
', 'tsurugidb');
 tg_execute_ddl 
----------------
 CREATE TABLE
(1 row)

SELECT tg_execute_ddl('
    CREATE TABLE t2_prepare_select_statement (
        c1 INTEGER PRIMARY KEY,
        c2 INTEGER,
        c3 BIGINT,
        c4 REAL,
        c5 DOUBLE PRECISION,
        c6 CHAR(10),
        c7 VARCHAR(26)
    )
', 'tsurugidb');
 tg_execute_ddl 
----------------
 CREATE TABLE
(1 row)

SELECT tg_execute_ddl('
    CREATE TABLE t3_prepare_select_statement (
        c1 INTEGER PRIMARY KEY,
        c2 CHAR(10)
    )
', 'tsurugidb');
 tg_execute_ddl 
----------------
 CREATE TABLE
(1 row)

/* Test setup: DDL of the PostgreSQL */
CREATE FOREIGN TABLE t1_prepare_select_statement (
    c1 INTEGER,
    c2 INTEGER,
    c3 BIGINT,
    c4 REAL,
    c5 DOUBLE PRECISION,
    c6 CHAR(10),
    c7 VARCHAR(26)
) SERVER tsurugidb;
CREATE FOREIGN TABLE t2_prepare_select_statement (
    c1 INTEGER,
    c2 INTEGER,
    c3 BIGINT,
    c4 REAL,
    c5 DOUBLE PRECISION,
    c6 CHAR(10),
    c7 VARCHAR(26)
) SERVER tsurugidb;
CREATE FOREIGN TABLE t3_prepare_select_statement (
    c1 INTEGER,
    c2 CHAR(10)
) SERVER tsurugidb;
/* PREPARE */
PREPARE insert_t1 (INTEGER, INTEGER, BIGINT, REAL, DOUBLE PRECISION, CHAR(10), VARCHAR(26))
    AS INSERT INTO t1_prepare_select_statement (c1, c2, c3, c4, c5, c6, c7) VALUES ($1, $2, $3, $4, $5, $6, $7);
PREPARE select_t1_all
    AS SELECT * FROM t1_prepare_select_statement ORDER BY c1;
PREPARE insert_t2 (INTEGER, INTEGER, BIGINT, REAL, DOUBLE PRECISION, CHAR(10), VARCHAR(26))
    AS INSERT INTO t2_prepare_select_statement (c1, c2, c3, c4, c5, c6, c7) VALUES ($1, $2, $3, $4, $5, $6, $7);
PREPARE select_t2_all
    AS SELECT * FROM t2_prepare_select_statement ORDER BY c1;
PREPARE insert_t3 (INTEGER, CHAR(10))
    AS INSERT INTO t3_prepare_select_statement (c1, c2) VALUES ($1, $2);
PREPARE select_t3_all
    AS SELECT * FROM t3_prepare_select_statement ORDER BY c1;
-- SELECT
PREPARE select_t2_c2_c4_c6
    AS SELECT c2, c4, c6 FROM t2_prepare_select_statement ORDER BY c2;
PREPARE select_t2_c6
    AS SELECT c6 FROM t2_prepare_select_statement ORDER BY c6;
PREPARE select_t2_c1_c2_seisu
    AS SELECT c1, c2 AS seisu FROM t2_prepare_select_statement ORDER BY c1;
-- ORDER BY #1
PREPARE select_t2_orderby1
    AS SELECT * FROM t2_prepare_select_statement ORDER BY c6;
-- ORDER BY #2
PREPARE select_t2_orderby2
    AS SELECT c1, c2, c3, c4, c5, c6, c7 FROM t2_prepare_select_statement ORDER BY 6;
-- ORDER BY #3
PREPARE select_t2_orderby3
    AS SELECT c1, c4, c5, c6, c7 FROM t2_prepare_select_statement WHERE c1 > 2 ORDER BY c7;
-- ORDER BY #4
PREPARE select_t2_orderby4
    AS SELECT c1, c2 FROM t2_prepare_select_statement WHERE c2 * 2 > 50 ORDER BY c3 DESC;
-- WHERE #1
PREPARE select_t2_where1
    AS SELECT * FROM t2_prepare_select_statement WHERE c3 > 2 ORDER BY c1;
-- WHERE #2
PREPARE select_t2_where2
    AS SELECT * FROM t2_prepare_select_statement WHERE c7 = 'XYZ' ORDER BY c1;
-- WHERE #3
PREPARE select_t1_where3
    AS SELECT c1, c2, c6, c7 FROM t1_prepare_select_statement WHERE c1 = 1 OR c1 = 3 ORDER BY c1;
-- WHERE #4
PREPARE select_t1_where4
    AS SELECT c1, c3, c5, c7 FROM t1_prepare_select_statement WHERE c1 = 2 ORDER BY c1;
-- WHERE #5
PREPARE select_t1_where5
    AS SELECT * FROM t1_prepare_select_statement WHERE c4 >= 2.2 AND c4 < 5.5 ORDER BY c1;
-- WHERE #6
/* tsurugi-issue#69 */
PREPARE select_t2_where6
    AS SELECT * FROM t2_prepare_select_statement WHERE c4 BETWEEN 2.2 AND 5.5 ORDER BY c1;
-- WHERE #7
/* tsurugi-issue#1078 (disable due to development) */
/* PREPARE select_t1_where7
    AS SELECT * FROM t1_prepare_select_statement WHERE c7 LIKE '%LMN%' ORDER BY c1;*/
-- WHERE #8
PREPARE select_t1_where8
    AS SELECT * FROM t1_prepare_select_statement WHERE EXISTS (SELECT * FROM t2_prepare_select_statement WHERE c2 = 22) ORDER BY c1;
-- WHERE #9
/* tsurugi-issue#70 */
PREPARE select_t2_where9
    AS SELECT * FROM t2_prepare_select_statement WHERE c4 IN (1.1,3.3) ORDER BY c1;
-- GROUP BY #1
PREPARE select_t2_group1
    AS SELECT count(c1), sum(c2), c7 FROM t2_prepare_select_statement GROUP BY c7 ORDER BY c7;
PREPARE select_t2_group1_ng
    AS SELECT count(c1) AS "count(c1)", sum(c2) AS "sum(c2)", c7 FROM t2_prepare_select_statement GROUP BY c7;
-- GROUP BY #2
/* having support. (tsurugi-issue#739) */
PREPARE select_t2_group2
    AS SELECT count(c1), sum(c2), c7 FROM t2_prepare_select_statement GROUP BY c7 HAVING sum(c2) > 55 ORDER BY c7;
PREPARE select_t2_group2_ng1
    AS SELECT count(c1) AS "count(c1)", sum(c2) AS "sum(c2)", c7 FROM t2_prepare_select_statement GROUP BY c7 HAVING sum(c2) > 55 ORDER BY c7;
-- GROUP BY #3
/* tsurugi-issue#974 : Restrictions of the AGV aggregation function */
PREPARE select_t2_group3_exe_ng1
    AS SELECT c7, count(c1), sum(c2), avg(c3), min(c4), max(c5) FROM t2_prepare_select_statement GROUP BY c7;
-- FOREIGN TABLE JOIN
-- TG JOIN #1
PREPARE select_join1
    AS SELECT * FROM t1_prepare_select_statement a INNER JOIN t2_prepare_select_statement b ON a.c1 = b.c1 WHERE b.c1 > 1 ORDER BY a.c1;
-- TG JOIN #2
PREPARE select_join2
    AS SELECT a.c1, a.c2, b.c1, b.c7 FROM t1_prepare_select_statement a INNER JOIN t2_prepare_select_statement b USING (c1) ORDER BY b.c4 DESC;
-- TG JOIN #3
PREPARE select_join3
    AS SELECT a.c1, a.c3, b.c1, b.c6 FROM t1_prepare_select_statement a INNER JOIN t2_prepare_select_statement b ON a.c1 != b.c1 ORDER BY a.c1;
PREPARE select_pg_join_tg6
    AS SELECT * FROM t1_prepare_select_statement AS a JOIN t2_prepare_select_statement AS b ON a.c4=b.c4 JOIN t1_prepare_select_statement AS c ON b.c4=c.c4 WHERE a.c2=22 ORDER BY a.c1;
PREPARE select_pg_join_tg7
    AS SELECT * FROM t1_prepare_select_statement AS a CROSS JOIN t2_prepare_select_statement AS b ORDER BY b.c1;
PREPARE select_pg_join_tg8
    AS SELECT * FROM t1_prepare_select_statement AS a JOIN t1_prepare_select_statement AS b ON a.c3=b.c3 ORDER BY a.c1;
/***************/
/*** EXECUTE ***/
/***************/
EXECUTE insert_t1 (1, 11, 111, 1.1, 1.11, 'first', 'ABCDEFGHIJKLMNOPQRSTUVWXYZ');
EXECUTE insert_t1 (2, 22, 222, 2.2, 2.22, 'second', 'ABCDEFGHIJKLMNOPQRSTUVWXYZ');
EXECUTE insert_t1 (3, 33, 333, 3.3, 3.33, 'third', 'ABCDEFGHIJKLMNOPQRSTUVWXYZ');
EXECUTE select_t1_all;
 c1 | c2 | c3  | c4  |  c5  |     c6     |             c7             
----+----+-----+-----+------+------------+----------------------------
  1 | 11 | 111 | 1.1 | 1.11 | first      | ABCDEFGHIJKLMNOPQRSTUVWXYZ
  2 | 22 | 222 | 2.2 | 2.22 | second     | ABCDEFGHIJKLMNOPQRSTUVWXYZ
  3 | 33 | 333 | 3.3 | 3.33 | third      | ABCDEFGHIJKLMNOPQRSTUVWXYZ
(3 rows)

EXECUTE insert_t2 (1, 11, 111, 1.1, 1.11, 'one', 'ABC');
EXECUTE insert_t2 (2, 22, 222, 2.2, 2.22, 'two', 'XYZ');
EXECUTE insert_t2 (3, 33, 333, 3.3, 3.33, 'three', 'ABC');
EXECUTE insert_t2 (4, NULL, NULL, NULL, NULL, 'NULL', NULL);
EXECUTE insert_t2 (5, 55, 555, 5.5, 5.55, 'five', 'XYZ');
EXECUTE select_t2_all;
 c1 | c2 | c3  | c4  |  c5  |     c6     | c7  
----+----+-----+-----+------+------------+-----
  1 | 11 | 111 | 1.1 | 1.11 | one        | ABC
  2 | 22 | 222 | 2.2 | 2.22 | two        | XYZ
  3 | 33 | 333 | 3.3 | 3.33 | three      | ABC
  4 |    |     |     |      | NULL       | 
  5 | 55 | 555 | 5.5 | 5.55 | five       | XYZ
(5 rows)

EXECUTE insert_t3 (1, 'ichi');
EXECUTE insert_t3 (2, 'ni');
EXECUTE insert_t3 (3, 'san');
EXECUTE insert_t3 (4, 'si');
EXECUTE insert_t3 (5, 'go');
EXECUTE select_t3_all;
 c1 |     c2     
----+------------
  1 | ichi      
  2 | ni        
  3 | san       
  4 | si        
  5 | go        
(5 rows)

-- SELECT
EXECUTE select_t1_all;
 c1 | c2 | c3  | c4  |  c5  |     c6     |             c7             
----+----+-----+-----+------+------------+----------------------------
  1 | 11 | 111 | 1.1 | 1.11 | first      | ABCDEFGHIJKLMNOPQRSTUVWXYZ
  2 | 22 | 222 | 2.2 | 2.22 | second     | ABCDEFGHIJKLMNOPQRSTUVWXYZ
  3 | 33 | 333 | 3.3 | 3.33 | third      | ABCDEFGHIJKLMNOPQRSTUVWXYZ
(3 rows)

EXECUTE select_t2_c2_c4_c6;
 c2 | c4  |     c6     
----+-----+------------
    |     | NULL      
 11 | 1.1 | one       
 22 | 2.2 | two       
 33 | 3.3 | three     
 55 | 5.5 | five      
(5 rows)

EXECUTE select_t2_c6;
     c6     
------------
 NULL      
 five      
 one       
 three     
 two       
(5 rows)

EXECUTE select_t2_c1_c2_seisu;
 c1 | seisu 
----+-------
  1 |    11
  2 |    22
  3 |    33
  4 |      
  5 |    55
(5 rows)

-- ORDER BY #1
EXECUTE select_t2_orderby1;
 c1 | c2 | c3  | c4  |  c5  |     c6     | c7  
----+----+-----+-----+------+------------+-----
  4 |    |     |     |      | NULL       | 
  5 | 55 | 555 | 5.5 | 5.55 | five       | XYZ
  1 | 11 | 111 | 1.1 | 1.11 | one        | ABC
  3 | 33 | 333 | 3.3 | 3.33 | three      | ABC
  2 | 22 | 222 | 2.2 | 2.22 | two        | XYZ
(5 rows)

-- ORDER BY #2
EXECUTE select_t2_orderby2;
 c1 | c2 | c3  | c4  |  c5  |     c6     | c7  
----+----+-----+-----+------+------------+-----
  4 |    |     |     |      | NULL       | 
  5 | 55 | 555 | 5.5 | 5.55 | five       | XYZ
  1 | 11 | 111 | 1.1 | 1.11 | one        | ABC
  3 | 33 | 333 | 3.3 | 3.33 | three      | ABC
  2 | 22 | 222 | 2.2 | 2.22 | two        | XYZ
(5 rows)

-- ORDER BY #3
EXECUTE select_t2_orderby3;
 c1 | c4  |  c5  |     c6     | c7  
----+-----+------+------------+-----
  4 |     |      | NULL       | 
  3 | 3.3 | 3.33 | three      | ABC
  5 | 5.5 | 5.55 | five       | XYZ
(3 rows)

-- ORDER BY #4
EXECUTE select_t2_orderby4;
 c1 | c2 
----+----
  5 | 55
  3 | 33
(2 rows)

-- WHERE #1
EXECUTE select_t2_where1;
 c1 | c2 | c3  | c4  |  c5  |     c6     | c7  
----+----+-----+-----+------+------------+-----
  1 | 11 | 111 | 1.1 | 1.11 | one        | ABC
  2 | 22 | 222 | 2.2 | 2.22 | two        | XYZ
  3 | 33 | 333 | 3.3 | 3.33 | three      | ABC
  5 | 55 | 555 | 5.5 | 5.55 | five       | XYZ
(4 rows)

-- WHERE #2
EXECUTE select_t2_where2;
 c1 | c2 | c3  | c4  |  c5  |     c6     | c7  
----+----+-----+-----+------+------------+-----
  2 | 22 | 222 | 2.2 | 2.22 | two        | XYZ
  5 | 55 | 555 | 5.5 | 5.55 | five       | XYZ
(2 rows)

-- WHERE #3
EXECUTE select_t1_where3;
 c1 | c2 |     c6     |             c7             
----+----+------------+----------------------------
  1 | 11 | first      | ABCDEFGHIJKLMNOPQRSTUVWXYZ
  3 | 33 | third      | ABCDEFGHIJKLMNOPQRSTUVWXYZ
(2 rows)

-- WHERE #4
EXECUTE select_t1_where4;
 c1 | c3  |  c5  |             c7             
----+-----+------+----------------------------
  2 | 222 | 2.22 | ABCDEFGHIJKLMNOPQRSTUVWXYZ
(1 row)

-- WHERE #5
EXECUTE select_t1_where5;
 c1 | c2 | c3  | c4  |  c5  |     c6     |             c7             
----+----+-----+-----+------+------------+----------------------------
  2 | 22 | 222 | 2.2 | 2.22 | second     | ABCDEFGHIJKLMNOPQRSTUVWXYZ
  3 | 33 | 333 | 3.3 | 3.33 | third      | ABCDEFGHIJKLMNOPQRSTUVWXYZ
(2 rows)

-- WHERE #6
/* tsurugi-issue#69 */
EXECUTE select_t2_where6;
 c1 | c2 | c3  | c4  |  c5  |     c6     | c7  
----+----+-----+-----+------+------------+-----
  2 | 22 | 222 | 2.2 | 2.22 | two        | XYZ
  3 | 33 | 333 | 3.3 | 3.33 | three      | ABC
  5 | 55 | 555 | 5.5 | 5.55 | five       | XYZ
(3 rows)

-- WHERE #7
/* tsurugi-issue#1078 (disable due to development) */
/* EXECUTE select_t1_where7;*/
-- WHERE #8
EXECUTE select_t1_where8;
 c1 | c2 | c3  | c4  |  c5  |     c6     |             c7             
----+----+-----+-----+------+------------+----------------------------
  1 | 11 | 111 | 1.1 | 1.11 | first      | ABCDEFGHIJKLMNOPQRSTUVWXYZ
  2 | 22 | 222 | 2.2 | 2.22 | second     | ABCDEFGHIJKLMNOPQRSTUVWXYZ
  3 | 33 | 333 | 3.3 | 3.33 | third      | ABCDEFGHIJKLMNOPQRSTUVWXYZ
(3 rows)

-- WHERE #9
/* tsurugi-issue#70
EXECUTE select_t2_where9;
*/
-- GROUP BY #1
EXECUTE select_t2_group1_ng;
 count(c1) | sum(c2) | c7  
-----------+---------+-----
         1 |         | 
         2 |      44 | ABC
         2 |      77 | XYZ
(3 rows)

EXECUTE select_t2_group1;
 count | sum | c7  
-------+-----+-----
     1 |     | 
     2 |  44 | ABC
     2 |  77 | XYZ
(3 rows)

-- GROUP BY #2
EXECUTE select_t2_group2_ng1;
 count(c1) | sum(c2) | c7  
-----------+---------+-----
         2 |      77 | XYZ
(1 row)

/* having support. (tsurugi-issue#739) */
EXECUTE select_t2_group2;
 count | sum | c7  
-------+-----+-----
     2 |  77 | XYZ
(1 row)

-- GROUP BY #3
/* tsurugi-issue#974 : Restrictions of the AGV aggregation function
EXECUTE select_t2_group3_exe_ng1;
*/
-- FOREIGN TABLE JOIN
-- TG JOIN #1
EXECUTE select_join1;
 c1 | c2 | c3  | c4  |  c5  |     c6     |             c7             | c1 | c2 | c3  | c4  |  c5  |     c6     | c7  
----+----+-----+-----+------+------------+----------------------------+----+----+-----+-----+------+------------+-----
  2 | 22 | 222 | 2.2 | 2.22 | second     | ABCDEFGHIJKLMNOPQRSTUVWXYZ |  2 | 22 | 222 | 2.2 | 2.22 | two        | XYZ
  3 | 33 | 333 | 3.3 | 3.33 | third      | ABCDEFGHIJKLMNOPQRSTUVWXYZ |  3 | 33 | 333 | 3.3 | 3.33 | three      | ABC
(2 rows)

-- TG JOIN #2
EXECUTE select_join2;
 c1 | c2 | c1 | c7  
----+----+----+-----
  3 | 33 |  3 | ABC
  2 | 22 |  2 | XYZ
  1 | 11 |  1 | ABC
(3 rows)

-- TG JOIN #3
EXECUTE select_join3;
 c1 | c3  | c1 |     c6     
----+-----+----+------------
  1 | 111 |  2 | two       
  1 | 111 |  3 | three     
  1 | 111 |  4 | NULL      
  1 | 111 |  5 | five      
  2 | 222 |  1 | one       
  2 | 222 |  3 | three     
  2 | 222 |  4 | NULL      
  2 | 222 |  5 | five      
  3 | 333 |  1 | one       
  3 | 333 |  2 | two       
  3 | 333 |  4 | NULL      
  3 | 333 |  5 | five      
(12 rows)

-- PG JOIN #6
EXECUTE select_pg_join_tg6;
 c1 | c2 | c3  | c4  |  c5  |     c6     |             c7             | c1 | c2 | c3  | c4  |  c5  |     c6     | c7  | c1 | c2 | c3  | c4  |  c5  |     c6     |             c7             
----+----+-----+-----+------+------------+----------------------------+----+----+-----+-----+------+------------+-----+----+----+-----+-----+------+------------+----------------------------
  2 | 22 | 222 | 2.2 | 2.22 | second     | ABCDEFGHIJKLMNOPQRSTUVWXYZ |  2 | 22 | 222 | 2.2 | 2.22 | two        | XYZ |  2 | 22 | 222 | 2.2 | 2.22 | second     | ABCDEFGHIJKLMNOPQRSTUVWXYZ
(1 row)

-- PG JOIN #7
EXECUTE select_pg_join_tg7;
 c1 | c2 | c3  | c4  |  c5  |     c6     |             c7             | c1 | c2 | c3  | c4  |  c5  |     c6     | c7  
----+----+-----+-----+------+------------+----------------------------+----+----+-----+-----+------+------------+-----
  1 | 11 | 111 | 1.1 | 1.11 | first      | ABCDEFGHIJKLMNOPQRSTUVWXYZ |  1 | 11 | 111 | 1.1 | 1.11 | one        | ABC
  2 | 22 | 222 | 2.2 | 2.22 | second     | ABCDEFGHIJKLMNOPQRSTUVWXYZ |  1 | 11 | 111 | 1.1 | 1.11 | one        | ABC
  3 | 33 | 333 | 3.3 | 3.33 | third      | ABCDEFGHIJKLMNOPQRSTUVWXYZ |  1 | 11 | 111 | 1.1 | 1.11 | one        | ABC
  1 | 11 | 111 | 1.1 | 1.11 | first      | ABCDEFGHIJKLMNOPQRSTUVWXYZ |  2 | 22 | 222 | 2.2 | 2.22 | two        | XYZ
  2 | 22 | 222 | 2.2 | 2.22 | second     | ABCDEFGHIJKLMNOPQRSTUVWXYZ |  2 | 22 | 222 | 2.2 | 2.22 | two        | XYZ
  3 | 33 | 333 | 3.3 | 3.33 | third      | ABCDEFGHIJKLMNOPQRSTUVWXYZ |  2 | 22 | 222 | 2.2 | 2.22 | two        | XYZ
  1 | 11 | 111 | 1.1 | 1.11 | first      | ABCDEFGHIJKLMNOPQRSTUVWXYZ |  3 | 33 | 333 | 3.3 | 3.33 | three      | ABC
  2 | 22 | 222 | 2.2 | 2.22 | second     | ABCDEFGHIJKLMNOPQRSTUVWXYZ |  3 | 33 | 333 | 3.3 | 3.33 | three      | ABC
  3 | 33 | 333 | 3.3 | 3.33 | third      | ABCDEFGHIJKLMNOPQRSTUVWXYZ |  3 | 33 | 333 | 3.3 | 3.33 | three      | ABC
  1 | 11 | 111 | 1.1 | 1.11 | first      | ABCDEFGHIJKLMNOPQRSTUVWXYZ |  4 |    |     |     |      | NULL       | 
  2 | 22 | 222 | 2.2 | 2.22 | second     | ABCDEFGHIJKLMNOPQRSTUVWXYZ |  4 |    |     |     |      | NULL       | 
  3 | 33 | 333 | 3.3 | 3.33 | third      | ABCDEFGHIJKLMNOPQRSTUVWXYZ |  4 |    |     |     |      | NULL       | 
  1 | 11 | 111 | 1.1 | 1.11 | first      | ABCDEFGHIJKLMNOPQRSTUVWXYZ |  5 | 55 | 555 | 5.5 | 5.55 | five       | XYZ
  2 | 22 | 222 | 2.2 | 2.22 | second     | ABCDEFGHIJKLMNOPQRSTUVWXYZ |  5 | 55 | 555 | 5.5 | 5.55 | five       | XYZ
  3 | 33 | 333 | 3.3 | 3.33 | third      | ABCDEFGHIJKLMNOPQRSTUVWXYZ |  5 | 55 | 555 | 5.5 | 5.55 | five       | XYZ
(15 rows)

-- PG JOIN #8
EXECUTE select_pg_join_tg8;
 c1 | c2 | c3  | c4  |  c5  |     c6     |             c7             | c1 | c2 | c3  | c4  |  c5  |     c6     |             c7             
----+----+-----+-----+------+------------+----------------------------+----+----+-----+-----+------+------------+----------------------------
  1 | 11 | 111 | 1.1 | 1.11 | first      | ABCDEFGHIJKLMNOPQRSTUVWXYZ |  1 | 11 | 111 | 1.1 | 1.11 | first      | ABCDEFGHIJKLMNOPQRSTUVWXYZ
  2 | 22 | 222 | 2.2 | 2.22 | second     | ABCDEFGHIJKLMNOPQRSTUVWXYZ |  2 | 22 | 222 | 2.2 | 2.22 | second     | ABCDEFGHIJKLMNOPQRSTUVWXYZ
  3 | 33 | 333 | 3.3 | 3.33 | third      | ABCDEFGHIJKLMNOPQRSTUVWXYZ |  3 | 33 | 333 | 3.3 | 3.33 | third      | ABCDEFGHIJKLMNOPQRSTUVWXYZ
(3 rows)

/* Test teardown: DDL of the PostgreSQL */
DROP FOREIGN TABLE t1_prepare_select_statement;
DROP FOREIGN TABLE t2_prepare_select_statement;
DROP FOREIGN TABLE t3_prepare_select_statement;
/* Test teardown: DDL of the Tsurugi */
SELECT tg_execute_ddl('DROP TABLE t1_prepare_select_statement', 'tsurugidb');
 tg_execute_ddl 
----------------
 DROP TABLE
(1 row)

SELECT tg_execute_ddl('DROP TABLE t2_prepare_select_statement', 'tsurugidb');
 tg_execute_ddl 
----------------
 DROP TABLE
(1 row)

SELECT tg_execute_ddl('DROP TABLE t3_prepare_select_statement', 'tsurugidb');
 tg_execute_ddl 
----------------
 DROP TABLE
(1 row)

