/* Test setup: DDL of the Tsurugi */
SELECT tg_execute_ddl('
    CREATE TABLE t1_select_statement (
        c1 INTEGER PRIMARY KEY,
        c2 INTEGER,
        c3 BIGINT,
        c4 REAL,
        c5 DOUBLE PRECISION,
        c6 CHAR(10),
        c7 VARCHAR(26)
    )
', 'tsurugidb');
 tg_execute_ddl 
----------------
 CREATE TABLE
(1 row)

SELECT tg_execute_ddl('
    CREATE TABLE t2_select_statement (
        c1 INTEGER PRIMARY KEY,
        c2 INTEGER,
        c3 BIGINT,
        c4 REAL,
        c5 DOUBLE PRECISION,
        c6 CHAR(10),
        c7 VARCHAR(26)
    )
', 'tsurugidb');
 tg_execute_ddl 
----------------
 CREATE TABLE
(1 row)

SELECT tg_execute_ddl('
    CREATE TABLE t3_select_statement (
        c1 INTEGER PRIMARY KEY,
        c2 CHAR(10)
    )
', 'tsurugidb');
 tg_execute_ddl 
----------------
 CREATE TABLE
(1 row)

/* Test setup: DDL of the PostgreSQL */
CREATE FOREIGN TABLE t1_select_statement (
    c1 INTEGER,
    c2 INTEGER,
    c3 BIGINT,
    c4 REAL,
    c5 DOUBLE PRECISION,
    c6 CHAR(10),
    c7 VARCHAR(26)
) SERVER tsurugidb;
CREATE FOREIGN TABLE t2_select_statement (
    c1 INTEGER,
    c2 INTEGER,
    c3 BIGINT,
    c4 REAL,
    c5 DOUBLE PRECISION,
    c6 CHAR(10),
    c7 VARCHAR(26)
) SERVER tsurugidb;
CREATE FOREIGN TABLE t3_select_statement (
    c1 INTEGER,
    c2 CHAR(10)
) SERVER tsurugidb;
/* DML */
-- TG tables
INSERT INTO
    t1_select_statement(c1, c2, c3, c4, c5, c6, c7)
VALUES
    (1, 11, 111, 1.1, 1.11, 'first', 'ABCDEFGH_LMN_XYZ');
INSERT INTO
    t1_select_statement(c1, c2, c3, c4, c5, c6, c7)
VALUES
    (2, 22, 222, 2.2, 2.22, 'second', 'ABCDEFGHIJKLM');
INSERT INTO
    t1_select_statement(c1, c2, c3, c4, c5, c6, c7)
VALUES
    (3, 33, 333, 3.3, 3.33, 'third', 'XYZOPQRS');
SELECT * FROM t1_select_statement ORDER BY c1;
 c1 | c2 | c3  | c4  |  c5  |     c6     |        c7        
----+----+-----+-----+------+------------+------------------
  1 | 11 | 111 | 1.1 | 1.11 | first      | ABCDEFGH_LMN_XYZ
  2 | 22 | 222 | 2.2 | 2.22 | second     | ABCDEFGHIJKLM
  3 | 33 | 333 | 3.3 | 3.33 | third      | XYZOPQRS
(3 rows)

INSERT INTO
    t2_select_statement(c1, c2, c3, c4, c5, c6, c7)
VALUES
    (1, 11, 111, 1.1, 1.11, 'one', 'ABC');
INSERT INTO
    t2_select_statement(c1, c2, c3, c4, c5, c6, c7)
VALUES
    (2, 22, 222, 2.2, 2.22, 'two', 'XYZ');
INSERT INTO
    t2_select_statement(c1, c2, c3, c4, c5, c6, c7)
VALUES
    (3, 33, 333, 3.3, 3.33, 'three', 'ABC');
INSERT INTO
    t2_select_statement(c1, c2, c3, c4, c5, c6, c7)
VALUES
    (4, NULL, NULL, NULL, NULL, 'NULL', NULL);
INSERT INTO
    t2_select_statement(c1, c2, c3, c4, c5, c6, c7)
VALUES
    (5, 55, 555, 5.5, 5.55, 'five', 'XYZ');
SELECT * FROM t2_select_statement ORDER BY c1;
 c1 | c2 | c3  | c4  |  c5  |     c6     | c7  
----+----+-----+-----+------+------------+-----
  1 | 11 | 111 | 1.1 | 1.11 | one        | ABC
  2 | 22 | 222 | 2.2 | 2.22 | two        | XYZ
  3 | 33 | 333 | 3.3 | 3.33 | three      | ABC
  4 |    |     |     |      | NULL       | 
  5 | 55 | 555 | 5.5 | 5.55 | five       | XYZ
(5 rows)

INSERT INTO
    t3_select_statement(c1, c2)
VALUES
    (1, 'ichi');
INSERT INTO
    t3_select_statement(c1, c2)
VALUES
    (2, 'ni');
INSERT INTO
    t3_select_statement(c1, c2)
VALUES
    (3, 'san');
INSERT INTO
    t3_select_statement(c1, c2)
VALUES
    (4, 'si');
INSERT INTO
    t3_select_statement(c1, c2)
VALUES
    (5, 'go');
SELECT * FROM t3_select_statement ORDER BY c1;
 c1 |     c2     
----+------------
  1 | ichi      
  2 | ni        
  3 | san       
  4 | si        
  5 | go        
(5 rows)

-- SELECT
SELECT * FROM t1_select_statement ORDER BY c1;
 c1 | c2 | c3  | c4  |  c5  |     c6     |        c7        
----+----+-----+-----+------+------------+------------------
  1 | 11 | 111 | 1.1 | 1.11 | first      | ABCDEFGH_LMN_XYZ
  2 | 22 | 222 | 2.2 | 2.22 | second     | ABCDEFGHIJKLM
  3 | 33 | 333 | 3.3 | 3.33 | third      | XYZOPQRS
(3 rows)

SELECT c2, c4, c6 FROM t2_select_statement ORDER BY c2;
 c2 | c4  |     c6     
----+-----+------------
    |     | NULL      
 11 | 1.1 | one       
 22 | 2.2 | two       
 33 | 3.3 | three     
 55 | 5.5 | five      
(5 rows)

SELECT c6 FROM t2_select_statement ORDER BY c6;
     c6     
------------
 NULL      
 five      
 one       
 three     
 two       
(5 rows)

SELECT c1, c2 AS seisu  FROM t2_select_statement ORDER BY c1;
 c1 | seisu 
----+-------
  1 |    11
  2 |    22
  3 |    33
  4 |      
  5 |    55
(5 rows)

-- ORDER BY #1
SELECT
    *
FROM
    t2_select_statement
ORDER BY
    c6;
 c1 | c2 | c3  | c4  |  c5  |     c6     | c7  
----+----+-----+-----+------+------------+-----
  4 |    |     |     |      | NULL       | 
  5 | 55 | 555 | 5.5 | 5.55 | five       | XYZ
  1 | 11 | 111 | 1.1 | 1.11 | one        | ABC
  3 | 33 | 333 | 3.3 | 3.33 | three      | ABC
  2 | 22 | 222 | 2.2 | 2.22 | two        | XYZ
(5 rows)

-- ORDER BY #2
/*
SELECT
    c1, c2, c3, c4, c5, c6, c7
FROM
    t2_select_statement
ORDER BY
    6;
*/
-- ORDER BY #3
SELECT
    c1, c4, c5, c6, c7
FROM
    t2_select_statement
WHERE
    c1 > 2
ORDER BY
    c7;
 c1 | c4  |  c5  |     c6     | c7  
----+-----+------+------------+-----
  4 |     |      | NULL       | 
  3 | 3.3 | 3.33 | three      | ABC
  5 | 5.5 | 5.55 | five       | XYZ
(3 rows)

-- ORDER BY #4
SELECT
    c1, c2
FROM
    t2_select_statement
WHERE
    c2 * 2 > 50
ORDER BY
    c3 DESC;
 c1 | c2 
----+----
  5 | 55
  3 | 33
(2 rows)

-- WHERE #1
SELECT
    *
FROM
    t2_select_statement
WHERE
    c3 > 2
ORDER BY
    c1;
 c1 | c2 | c3  | c4  |  c5  |     c6     | c7  
----+----+-----+-----+------+------------+-----
  1 | 11 | 111 | 1.1 | 1.11 | one        | ABC
  2 | 22 | 222 | 2.2 | 2.22 | two        | XYZ
  3 | 33 | 333 | 3.3 | 3.33 | three      | ABC
  5 | 55 | 555 | 5.5 | 5.55 | five       | XYZ
(4 rows)

-- WHERE #2
SELECT
    *
FROM
    t2_select_statement
WHERE
    c7 = 'XYZ'
ORDER BY
    c1;
 c1 | c2 | c3  | c4  |  c5  |     c6     | c7  
----+----+-----+-----+------+------------+-----
  2 | 22 | 222 | 2.2 | 2.22 | two        | XYZ
  5 | 55 | 555 | 5.5 | 5.55 | five       | XYZ
(2 rows)

-- WHERE #3
SELECT
    c1, c2, c6, c7
FROM
    t1_select_statement
WHERE
    c1 = 1 OR c1 = 3
ORDER BY
    c1;
 c1 | c2 |     c6     |        c7        
----+----+------------+------------------
  1 | 11 | first      | ABCDEFGH_LMN_XYZ
  3 | 33 | third      | XYZOPQRS
(2 rows)

-- WHERE #4
SELECT
    c1, c3, c5, c7
FROM
    t1_select_statement
WHERE
    c1 = 2
ORDER BY
    c1;
 c1 | c3  |  c5  |      c7       
----+-----+------+---------------
  2 | 222 | 2.22 | ABCDEFGHIJKLM
(1 row)

-- WHERE #5
SELECT
    *
FROM
    t1_select_statement
WHERE
    c4 >= 2.2 AND c4 < 5.5
ORDER BY
    c1;
 c1 | c2 | c3  | c4  |  c5  |     c6     |      c7       
----+----+-----+-----+------+------------+---------------
  2 | 22 | 222 | 2.2 | 2.22 | second     | ABCDEFGHIJKLM
  3 | 33 | 333 | 3.3 | 3.33 | third      | XYZOPQRS
(2 rows)

-- WHERE #6
SELECT
    *
FROM
    t2_select_statement
WHERE
    c4 BETWEEN 2.2 AND 5.5
ORDER BY
    c1;
 c1 | c2 | c3  | c4  |  c5  |     c6     | c7  
----+----+-----+-----+------+------------+-----
  2 | 22 | 222 | 2.2 | 2.22 | two        | XYZ
  3 | 33 | 333 | 3.3 | 3.33 | three      | ABC
  5 | 55 | 555 | 5.5 | 5.55 | five       | XYZ
(3 rows)

-- WHERE #7
/* tsurugi-issue#1078 (disable due to development) */
SELECT
    *
FROM
    t1_select_statement
WHERE
    c7 LIKE '%LMN%'
ORDER BY
    c1;
 c1 | c2 | c3  | c4  |  c5  |     c6     |        c7        
----+----+-----+-----+------+------------+------------------
  1 | 11 | 111 | 1.1 | 1.11 | first      | ABCDEFGH_LMN_XYZ
(1 row)

-- WHERE #8
/*SELECT
    *
FROM
    t1_select_statement t1
WHERE
    EXISTS (SELECT * FROM t2_select_statement WHERE c2 = t1.c2)
ORDER BY
    c1;*/
-- WHERE #9
SELECT
    *
FROM
    t2_select_statement
WHERE
    c4 IN (1.1::real,3.3::real)
ORDER BY
    c4;
 c1 | c2 | c3  | c4  |  c5  |     c6     | c7  
----+----+-----+-----+------+------------+-----
  1 | 11 | 111 | 1.1 | 1.11 | one        | ABC
  3 | 33 | 333 | 3.3 | 3.33 | three      | ABC
(2 rows)

-- GROUP BY #1
SELECT
    count(c1) AS "count(c1)", sum(c2) AS "sum(c2)", c7
FROM
    t2_select_statement
GROUP BY
    c7
ORDER BY
    c7;
 count(c1) | sum(c2) | c7  
-----------+---------+-----
         1 |         | 
         2 |      44 | ABC
         2 |      77 | XYZ
(3 rows)

-- GROUP BY #2
SELECT
    count(c1) AS "count(c1)", sum(c2) AS "sum(c2)", c7
FROM
    t2_select_statement
GROUP BY
    c7
HAVING
    sum(c2) > 55
ORDER BY
    c7;
 count(c1) | sum(c2) | c7  
-----------+---------+-----
         2 |      77 | XYZ
(1 row)

-- GROUP BY #3
SELECT
    c7, count(c1), sum(c2), avg(c3), min(c4), max(c5)
FROM
    t2_select_statement
GROUP BY
    c7;
 c7  | count | sum | avg | min | max  
-----+-------+-----+-----+-----+------
     |     1 |     |     |     |     
 ABC |     2 |  44 | 222 | 1.1 | 3.33
 XYZ |     2 |  77 | 388 | 2.2 | 5.55
(3 rows)

-- FOREIGN TABLE JOIN
-- TG JOIN #1 /* tsurugi-issue#863 */
SELECT
    *
FROM
    t1_select_statement a INNER JOIN t2_select_statement b ON a.c1 = b.c1
WHERE
    b.c1 > 1
ORDER BY
    a.c1;
 c1 | c2 | c3  | c4  |  c5  |     c6     |      c7       | c1 | c2 | c3  | c4  |  c5  |     c6     | c7  
----+----+-----+-----+------+------------+---------------+----+----+-----+-----+------+------------+-----
  2 | 22 | 222 | 2.2 | 2.22 | second     | ABCDEFGHIJKLM |  2 | 22 | 222 | 2.2 | 2.22 | two        | XYZ
  3 | 33 | 333 | 3.3 | 3.33 | third      | XYZOPQRS      |  3 | 33 | 333 | 3.3 | 3.33 | three      | ABC
(2 rows)

-- TG JOIN #2 /* tsurugi-issue#863 */
SELECT
--  tsurugi-issue
--  a.c1, a.c2, b.c1, b.c7
    a.c1, a.c2, b.c2, b.c7
FROM
    t1_select_statement a INNER JOIN t2_select_statement b USING (c1)
ORDER BY
    b.c4 DESC;
 c1 | c2 | c2 | c7  
----+----+----+-----
  3 | 33 | 33 | ABC
  2 | 22 | 22 | XYZ
  1 | 11 | 11 | ABC
(3 rows)

/* TG JOIN #3 tsurugi-issue#863 
--  PostgreSQL specific syntax (!=)
SELECT
    a.c1, a.c3, b.c1, b.c6
FROM
    t1_select_statement a INNER JOIN t2_select_statement b ON a.c1 != b.c1
ORDER BY
    a.c1;
*/
-- POSTGRESQL TABLE JOIN
-- TG /* tsurugi-issue#863 */
SELECT
    *
FROM
    t1_select_statement AS a JOIN t2_select_statement AS b ON a.c4=b.c4 JOIN t1_select_statement AS c ON b.c4=c.c4
WHERE
    a.c2=22;
 c1 | c2 | c3  | c4  |  c5  |     c6     |      c7       | c1 | c2 | c3  | c4  |  c5  |     c6     | c7  | c1 | c2 | c3  | c4  |  c5  |     c6     |      c7       
----+----+-----+-----+------+------------+---------------+----+----+-----+-----+------+------------+-----+----+----+-----+-----+------+------------+---------------
  2 | 22 | 222 | 2.2 | 2.22 | second     | ABCDEFGHIJKLM |  2 | 22 | 222 | 2.2 | 2.22 | two        | XYZ |  2 | 22 | 222 | 2.2 | 2.22 | second     | ABCDEFGHIJKLM
(1 row)

-- TG /* tsurugi-issue#863 */
SELECT
    *
FROM
    t1_select_statement AS a CROSS JOIN t2_select_statement AS b
ORDER BY
    b.c1;
 c1 | c2 | c3  | c4  |  c5  |     c6     |        c7        | c1 | c2 | c3  | c4  |  c5  |     c6     | c7  
----+----+-----+-----+------+------------+------------------+----+----+-----+-----+------+------------+-----
  1 | 11 | 111 | 1.1 | 1.11 | first      | ABCDEFGH_LMN_XYZ |  1 | 11 | 111 | 1.1 | 1.11 | one        | ABC
  2 | 22 | 222 | 2.2 | 2.22 | second     | ABCDEFGHIJKLM    |  1 | 11 | 111 | 1.1 | 1.11 | one        | ABC
  3 | 33 | 333 | 3.3 | 3.33 | third      | XYZOPQRS         |  1 | 11 | 111 | 1.1 | 1.11 | one        | ABC
  1 | 11 | 111 | 1.1 | 1.11 | first      | ABCDEFGH_LMN_XYZ |  2 | 22 | 222 | 2.2 | 2.22 | two        | XYZ
  2 | 22 | 222 | 2.2 | 2.22 | second     | ABCDEFGHIJKLM    |  2 | 22 | 222 | 2.2 | 2.22 | two        | XYZ
  3 | 33 | 333 | 3.3 | 3.33 | third      | XYZOPQRS         |  2 | 22 | 222 | 2.2 | 2.22 | two        | XYZ
  1 | 11 | 111 | 1.1 | 1.11 | first      | ABCDEFGH_LMN_XYZ |  3 | 33 | 333 | 3.3 | 3.33 | three      | ABC
  2 | 22 | 222 | 2.2 | 2.22 | second     | ABCDEFGHIJKLM    |  3 | 33 | 333 | 3.3 | 3.33 | three      | ABC
  3 | 33 | 333 | 3.3 | 3.33 | third      | XYZOPQRS         |  3 | 33 | 333 | 3.3 | 3.33 | three      | ABC
  1 | 11 | 111 | 1.1 | 1.11 | first      | ABCDEFGH_LMN_XYZ |  4 |    |     |     |      | NULL       | 
  2 | 22 | 222 | 2.2 | 2.22 | second     | ABCDEFGHIJKLM    |  4 |    |     |     |      | NULL       | 
  3 | 33 | 333 | 3.3 | 3.33 | third      | XYZOPQRS         |  4 |    |     |     |      | NULL       | 
  1 | 11 | 111 | 1.1 | 1.11 | first      | ABCDEFGH_LMN_XYZ |  5 | 55 | 555 | 5.5 | 5.55 | five       | XYZ
  2 | 22 | 222 | 2.2 | 2.22 | second     | ABCDEFGHIJKLM    |  5 | 55 | 555 | 5.5 | 5.55 | five       | XYZ
  3 | 33 | 333 | 3.3 | 3.33 | third      | XYZOPQRS         |  5 | 55 | 555 | 5.5 | 5.55 | five       | XYZ
(15 rows)

-- TG /* tsurugi-issue#863 */
SELECT
    *
FROM
    t1_select_statement AS a JOIN t1_select_statement AS b ON a.c3=b.c3
ORDER BY
    a.c3;
 c1 | c2 | c3  | c4  |  c5  |     c6     |        c7        | c1 | c2 | c3  | c4  |  c5  |     c6     |        c7        
----+----+-----+-----+------+------------+------------------+----+----+-----+-----+------+------------+------------------
  1 | 11 | 111 | 1.1 | 1.11 | first      | ABCDEFGH_LMN_XYZ |  1 | 11 | 111 | 1.1 | 1.11 | first      | ABCDEFGH_LMN_XYZ
  2 | 22 | 222 | 2.2 | 2.22 | second     | ABCDEFGHIJKLM    |  2 | 22 | 222 | 2.2 | 2.22 | second     | ABCDEFGHIJKLM
  3 | 33 | 333 | 3.3 | 3.33 | third      | XYZOPQRS         |  3 | 33 | 333 | 3.3 | 3.33 | third      | XYZOPQRS
(3 rows)

/* Test teardown: DDL of the PostgreSQL */
DROP FOREIGN TABLE t1_select_statement;
DROP FOREIGN TABLE t2_select_statement;
DROP FOREIGN TABLE t3_select_statement;
/* Test teardown: DDL of the Tsurugi */
SELECT tg_execute_ddl('DROP TABLE t1_select_statement', 'tsurugidb');
 tg_execute_ddl 
----------------
 DROP TABLE
(1 row)

SELECT tg_execute_ddl('DROP TABLE t2_select_statement', 'tsurugidb');
 tg_execute_ddl 
----------------
 DROP TABLE
(1 row)

SELECT tg_execute_ddl('DROP TABLE t3_select_statement', 'tsurugidb');
 tg_execute_ddl 
----------------
 DROP TABLE
(1 row)

