/* Test case: 4-2-2 */
-- Test
SELECT tg_verify_tables('tg_schema', 'unknown_server', 'public', 'summary', true);
ERROR:  server "unknown_server" does not exist
/* Test case: 4-2-3 */
-- Test
SELECT tg_verify_tables('tg_schema', 'TSURUGIDB', 'public', 'detail', true);
ERROR:  server "TSURUGIDB" does not exist
/* Test case: 4-3-2 */
-- Test
SELECT tg_verify_tables('tg_schema', 'tsurugidb', 'invalid_schema', 'detail', true);
ERROR:  local schema "invalid_schema" does not exist
/* Test case: 4-3-3 */
-- Test
SELECT tg_verify_tables('tg_schema', 'tsurugidb', 'PUBLIC', 'detail', true);
ERROR:  local schema "PUBLIC" does not exist
/* Test case: 6-1-1 */
-- Test
SELECT tg_verify_tables();
ERROR:  missing required argument "remote_schema"
/* Test case: 6-1-2 */
-- Test
SELECT tg_verify_tables('', 'tsurugidb', 'public', 'summary', true);
ERROR:  missing required argument "remote_schema"
/* Test case: 6-1-3 */
-- Test
SELECT tg_verify_tables(NULL, 'tsurugidb', 'public', 'summary', true);
ERROR:  missing required argument "remote_schema"
/* Test case: 6-2-1 */
-- Test
SELECT tg_verify_tables('tg_schema');
ERROR:  missing required argument "server_name"
/* Test case: 6-2-2 */
-- Test
SELECT tg_verify_tables('tg_schema', '', 'public', 'summary', true);
ERROR:  missing required argument "server_name"
/* Test case: 6-2-3 */
-- Test
SELECT tg_verify_tables('tg_schema', NULL, 'public', 'summary', true);
ERROR:  missing required argument "server_name"
/* Test case: 6-3-1 */
-- Test
SELECT tg_verify_tables('tg_schema', 'tsurugidb');
ERROR:  missing required argument "local_schema"
/* Test case: 6-3-2 */
-- Test
SELECT tg_verify_tables('tg_schema', 'tsurugidb', '', 'detail', true);
ERROR:  missing required argument "local_schema"
/* Test case: 6-3-3 */
-- Test
SELECT tg_verify_tables('tg_schema', 'tsurugidb', NULL, 'detail', true);
ERROR:  missing required argument "local_schema"
/* Test case: 6-4-2 */
-- Test
SELECT tg_verify_tables('tg_schema', 'tsurugidb', 'public', 'invalid_mode', true);
ERROR:  invalid value ("invalid_mode") for parameter "mode"
DETAIL:  expected 'summary' or 'detail'
/* Test case: 6-4-3 */
-- Test
SELECT tg_verify_tables('tg_schema', 'tsurugidb', 'public', '', true);
ERROR:  invalid value ("") for parameter "mode"
DETAIL:  expected 'summary' or 'detail'
/* Test case: 6-4-4 */
-- Test
SELECT tg_verify_tables('tg_schema', 'tsurugidb', 'public', NULL, true);
ERROR:  invalid value ("") for parameter "mode"
DETAIL:  expected 'summary' or 'detail'
/* Test case: 6-5-2 */
-- Test
SELECT tg_verify_tables('tg_schema', 'tsurugidb', 'public', 'summary', 'invalid');
ERROR:  invalid input syntax for type boolean: "invalid"
LINE 3: ...es('tg_schema', 'tsurugidb', 'public', 'summary', 'invalid')...
                                                             ^
/* Test case: 6-5-3 */
-- Test
SELECT tg_verify_tables('tg_schema', 'tsurugidb', 'public', 'summary', '');
ERROR:  invalid input syntax for type boolean: ""
LINE 3: ...y_tables('tg_schema', 'tsurugidb', 'public', 'summary', '');
                                                                   ^
/* Test case: 6-5-4 */
-- Test
SELECT tg_verify_tables('tg_schema', 'tsurugidb', 'public', 'summary', NULL);
ERROR:  invalid value (NULL) for parameter "pretty"
DETAIL:  expected true or false
