CREATE DATABASE test TEMPLATE = template0 ENCODING = 'UTF8' LC_COLLATE = 'C' LC_CTYPE = 'en_US.utf8';
\c test
-- double quote in default constraint
CREATE TABLE default_constr_double_quote (
  "c_credit" char(2) DEFAULT "apple"
) tablespace tsurugi;
ERROR:  Tsurugi supports only NOT NULL and PRIMARY KEY in column constraint
-- default constraint serial
CREATE TABLE default_constr_serial (
  id serial
) tablespace tsurugi;
ERROR:  Tsurugi supports only NOT NULL and PRIMARY KEY in column constraint
-- multiple column pkey
create table multiple_col_pkey (
  ol_w_id int not null primary key,
  ol_d_id int,
  ol_o_id int not null primary key,
  ol_number int not null primary key
) tablespace tsurugi;
ERROR:  multiple primary keys for table "multiple_col_pkey" are not allowed
LINE 4:   ol_o_id int not null primary key,
                               ^
-- primary key is not specified
CREATE TABLE pkey_not_specified (
COL0  INTEGER                 ,
COL1  INT                     ,
COL2  INT4                    ,
COL3  BIGINT                  ,
COL4  INT8                    ,
COL5  REAL                    ,
COL6  FLOAT4                  ,
COL7  DOUBLE PRECISION        ,
COL8  FLOAT8                  ,
COL9  CHAR                    ,
COL10 CHAR(1000)              ,
COL11 CHARACTER               ,
COL12 CHARACTER(1000)         ,
COL13 VARCHAR                 ,
COL14 VARCHAR(1000)           ,
COL15 CHARACTER VARYING       ,
COL16 CHARACTER VARYING(1000) ,
CONSTRAINT pkey_not_specified PRIMARY KEY()
) TABLESPACE TSURUGI;
ERROR:  syntax error at or near ")"
LINE 19: CONSTRAINT pkey_not_specified PRIMARY KEY()
                                                   ^
-- primary key column does not exist
CREATE TABLE pkey_not_exists (
COL0  INTEGER                 ,
COL1  INT                     ,
COL2  INT4                    ,
COL3  BIGINT                  ,
COL4  INT8                    ,
COL5  REAL                    ,
COL6  FLOAT4                  ,
COL7  DOUBLE PRECISION        ,
COL8  FLOAT8                  ,
COL9  CHAR                    ,
COL10 CHAR(1000)              ,
COL11 CHARACTER               ,
COL12 CHARACTER(1000)         ,
COL13 VARCHAR                 ,
COL14 VARCHAR(1000)           ,
COL15 CHARACTER VARYING       ,
COL16 CHARACTER VARYING(1000) ,
CONSTRAINT pkey_not_specified PRIMARY KEY(COL17)
) TABLESPACE TSURUGI;
ERROR:  column "col17" named in key does not exist
LINE 19: CONSTRAINT pkey_not_specified PRIMARY KEY(COL17)
         ^
-- same column name
create table same_col_name (
  ol_w_id int,
  ol_w_id int,
  ol_o_id int,
  ol_number int not null primary key
) tablespace tsurugi;
ERROR:  column "ol_w_id" specified more than once
DETAIL:  Tsurugi does not support this syntax
-- column name is not specified
create table col_name_is_not_specified (
  int
) tablespace tsurugi;
ERROR:  syntax error at or near ";"
LINE 3: ) tablespace tsurugi;
                            ^
-- column name is 1
create table col_name_is_1 (
  1 int
) tablespace tsurugi;
ERROR:  syntax error at or near "1"
LINE 2:   1 int
          ^
-- column name is 1c
create table col_name_is_1 (
  1c int
) tablespace tsurugi;
ERROR:  syntax error at or near "1"
LINE 2:   1c int
          ^
-- column name is japanese
create table col_name_is_japanese (
  ??? int
) tablespace tsurugi;
ERROR:  syntax error at or near "???"
LINE 2:   ??? int
          ^
-- table name is not specified
create table (
  column int
) tablespace tsurugi;
ERROR:  syntax error at or near "("
LINE 1: create table (
                     ^
-- table name is 1
create table 1 (
  column int
) tablespace tsurugi;
ERROR:  syntax error at or near "1"
LINE 1: create table 1 (
                     ^
-- column name is 1c
create table 1c (
  column int
) tablespace tsurugi;
ERROR:  syntax error at or near "1"
LINE 1: create table 1c (
                     ^
-- column name is japanese
create table ??? (
  column int
) tablespace tsurugi;
ERROR:  syntax error at or near "???"
LINE 1: create table ??? (
                     ^
-- *** same table name is specified ***
CREATE SCHEMA tmp;
-- success to create table in the schema "tmp"
create table tmp.same_table_name_test (
  ol_w_id int not null primary key,
  ol_d_id int,
  ol_o_id int,
  ol_number int
) tablespace tsurugi;
CREATE SCHEMA tmp2;
-- If same table name is defined in another schema,
-- fail to create table.
create table tmp2.same_table_name_test (
  ol_w_id int not null primary key,
  ol_d_id int,
  ol_o_id int,
  ol_number int
) tablespace tsurugi;
ERROR:  table name "same_table_name_test" already exsists
CREATE DATABASE test2 TEMPLATE = template0 ENCODING = 'UTF8' LC_COLLATE = 'C' LC_CTYPE = 'en_US.utf8';
\c test2
-- If same table name is defined in another database,
-- fail to create table.
create table same_table_name_test (
  ol_w_id int not null primary key,
  ol_d_id int,
  ol_o_id int,
  ol_number int
) tablespace tsurugi;
ERROR:  table name "same_table_name_test" already exsists
CREATE SCHEMA tmp;
-- If same table name is defined in another schema of another database,
-- fail to create table.
create table tmp.same_table_name_test (
  ol_w_id int not null primary key,
  ol_d_id int,
  ol_o_id int,
  ol_number int
) tablespace tsurugi;
ERROR:  table name "same_table_name_test" already exsists
\c postgres
DROP DATABASE test;
DROP DATABASE test2;
