/* Test setup: DDL of the Tsurugi */
SELECT tg_execute_ddl('
    CREATE TABLE t3_user_management (
        column1 INTEGER NOT NULL PRIMARY KEY
    )
', 'tsurugidb');
 tg_execute_ddl 
----------------
 CREATE TABLE
(1 row)

/* Test setup: DDL of the PostgreSQL */
SET ROLE 'postgres';
CREATE FOREIGN TABLE t3_user_management (
    column1 INTEGER NOT NULL
) SERVER tsurugidb;
CREATE ROLE sample_role1;
CREATE ROLE sample_role2;
/* DML */
-- unhappy case
CREATE ROLE sample_role1;
ERROR:  role "sample_role1" already exists
SELECT rolname FROM pg_authid WHERE rolname like 'sample_role%' Order By rolname;
   rolname    
--------------
 sample_role1
 sample_role2
(2 rows)

CREATE ROLE sample_role2, sample_role3;
ERROR:  syntax error at or near ","
LINE 1: CREATE ROLE sample_role2, sample_role3;
                                ^
SELECT rolname FROM pg_authid WHERE rolname like 'sample_role%' Order By rolname;
   rolname    
--------------
 sample_role1
 sample_role2
(2 rows)

ALTER ROLE sample_role1, sample_role2 LOGIN;
ERROR:  syntax error at or near ","
LINE 1: ALTER ROLE sample_role1, sample_role2 LOGIN;
                               ^
SELECT rolname FROM pg_authid WHERE rolname like 'sample_role%' Order By rolname;
   rolname    
--------------
 sample_role1
 sample_role2
(2 rows)

GRANT ROLE unknown_role TO sample_role1;
ERROR:  syntax error at or near "unknown_role"
LINE 1: GRANT ROLE unknown_role TO sample_role1;
                   ^
GRANT ROLE unknown_role, sample_role2 TO sample_role1;
ERROR:  syntax error at or near "unknown_role"
LINE 1: GRANT ROLE unknown_role, sample_role2 TO sample_role1;
                   ^
GRANT ROLE sample_role2, unknown_role TO sample_role1;
ERROR:  syntax error at or near "sample_role2"
LINE 1: GRANT ROLE sample_role2, unknown_role TO sample_role1;
                   ^
REVOKE ROLE unknown_role FROM sample_role1;
ERROR:  syntax error at or near "unknown_role"
LINE 1: REVOKE ROLE unknown_role FROM sample_role1;
                    ^
REVOKE ROLE unknown_role, sample_role2 FROM sample_role1;
ERROR:  syntax error at or near "unknown_role"
LINE 1: REVOKE ROLE unknown_role, sample_role2 FROM sample_role1;
                    ^
REVOKE ROLE sample_role2, unknown_role FROM sample_role1;
ERROR:  syntax error at or near "sample_role2"
LINE 1: REVOKE ROLE sample_role2, unknown_role FROM sample_role1;
                    ^
DROP ROLE unknown_role;
ERROR:  role "unknown_role" does not exist
DROP ROLE unknown_role, sample_role2;
ERROR:  role "unknown_role" does not exist
DROP ROLE sample_role2, unknown_role;
ERROR:  role "unknown_role" does not exist
GRANT SELECT, INSERT, UPDATE, DELETE ON t4_user_management to sample_role2;
ERROR:  relation "t4_user_management" does not exist
GRANT SELECT, INSERT, UPDATE, DELETE ON t4_user_management, t3_user_management to sample_role2;
ERROR:  relation "t4_user_management" does not exist
GRANT SELECT, INSERT, UPDATE, DELETE ON t3_user_management, t4_user_management to sample_role2;
ERROR:  relation "t4_user_management" does not exist
REVOKE ALL ON t4_user_management FROM sample_role2;
ERROR:  relation "t4_user_management" does not exist
REVOKE ALL ON t4_user_management, t3_user_management FROM sample_role2;
ERROR:  relation "t4_user_management" does not exist
REVOKE ALL ON t3_user_management, t4_user_management FROM sample_role2;
ERROR:  relation "t4_user_management" does not exist
/* Test teardown: DDL of the PostgreSQL */
DROP FOREIGN TABLE t3_user_management;
DROP ROLE sample_role1;
DROP ROLE sample_role2;
/* Test teardown: DDL of the Tsurugi */
SELECT tg_execute_ddl('DROP TABLE t3_user_management', 'tsurugidb');
 tg_execute_ddl 
----------------
 DROP TABLE
(1 row)

